#
# There is insufficient memory for the Java Runtime Environment to continue.
# Native memory allocation (malloc) failed to allocate 1294576 bytes for Chunk::new
# Possible reasons:
#   The system is out of physical RAM or swap space
#   The process is running with CompressedOops enabled, and the Java Heap may be blocking the growth of the native heap
# Possible solutions:
#   Reduce memory load on the system
#   Increase physical memory or swap space
#   Check if swap backing store is full
#   Decrease Java heap size (-Xmx/-Xms)
#   Decrease number of Java threads
#   Decrease Java thread stack sizes (-Xss)
#   Set larger code cache with -XX:ReservedCodeCacheSize=
#   JVM is running with Unscaled Compressed Oops mode in which the Java heap is
#     placed in the first 4GB address space. The Java Heap base address is the
#     maximum limit for the native heap growth. Please use -XX:HeapBaseMinAddress
#     to set the Java Heap base and to place the Java Heap above 4GB virtual address.
# This output file may be truncated or incomplete.
#
#  Out of Memory Error (./src/hotspot/share/memory/arena.cpp:197), pid=7536, tid=2716
#
# JRE version: OpenJDK Runtime Environment (11.0.11+9) (build 11.0.11+9-b60-7590822)
# Java VM: OpenJDK 64-Bit Server VM (11.0.11+9-b60-7590822, mixed mode, tiered, compressed oops, g1 gc, windows-amd64)
# No core dump will be written. Minidumps are not enabled by default on client versions of Windows
#

---------------  S U M M A R Y ------------

Command Line: --add-opens=java.base/java.util=ALL-UNNAMED --add-opens=java.base/java.lang=ALL-UNNAMED --add-opens=java.base/java.lang.invoke=ALL-UNNAMED --add-opens=java.base/java.util=ALL-UNNAMED --add-opens=java.prefs/java.util.prefs=ALL-UNNAMED --add-opens=java.prefs/java.util.prefs=ALL-UNNAMED --add-opens=java.base/java.nio.charset=ALL-UNNAMED --add-opens=java.base/java.net=ALL-UNNAMED --add-opens=java.base/java.util.concurrent.atomic=ALL-UNNAMED -Xmx2048m -Dfile.encoding=UTF-8 -Duser.country=US -Duser.language=en -Duser.variant org.gradle.launcher.daemon.bootstrap.GradleDaemon 7.2

Host: AMD Ryzen 3 3200G with Radeon Vega Graphics    , 4 cores, 5G,  Windows 10 , 64 bit Build 19041 (10.0.19041.1566)
Time: Tue Mar 22 09:14:26 2022 Bangladesh Standard Time elapsed time: 15.950511 seconds (0d 0h 0m 15s)

---------------  T H R E A D  ---------------

Current thread (0x0000021c2c115000):  JavaThread "C2 CompilerThread0" daemon [_thread_in_native, id=2716, stack(0x000000d96f100000,0x000000d96f200000)]


Current CompileTask:
C2:  15950 9402       4       org.gradle.cache.internal.btree.CachingBlockStore::read (56 bytes)

Stack: [0x000000d96f100000,0x000000d96f200000]
Native frames: (J=compiled Java code, j=interpreted, Vv=VM code, C=native code)
V  [jvm.dll+0x5f214a]
V  [jvm.dll+0x726fb5]
V  [jvm.dll+0x7285cd]
V  [jvm.dll+0x728c83]
V  [jvm.dll+0x243278]
V  [jvm.dll+0xbc53c]
V  [jvm.dll+0xbca3c]
V  [jvm.dll+0x353e3b]
V  [jvm.dll+0x321893]
V  [jvm.dll+0x320d8a]
V  [jvm.dll+0x1fc1e2]
V  [jvm.dll+0x1fb3d4]
V  [jvm.dll+0x183d6c]
V  [jvm.dll+0x209a57]
V  [jvm.dll+0x2082a1]
V  [jvm.dll+0x6ef58f]
V  [jvm.dll+0x6e80b5]
V  [jvm.dll+0x5f1036]
C  [ucrtbase.dll+0x21bb2]
C  [KERNEL32.DLL+0x17034]
C  [ntdll.dll+0x52651]


---------------  P R O C E S S  ---------------

Threads class SMR info:
_java_thread_list=0x0000021c33dfa4c0, length=86, elements={
0x0000021c1252d800, 0x0000021c2c0f5000, 0x0000021c2c100800, 0x0000021c2c10f000,
0x0000021c2c112000, 0x0000021c2c113800, 0x0000021c2c115000, 0x0000021c2c11a000,
0x0000021c2c139000, 0x0000021c2cbd6800, 0x0000021c2e43e000, 0x0000021c2ed9b800,
0x0000021c2e57f000, 0x0000021c2eccc000, 0x0000021c2ec47000, 0x0000021c2d84d800,
0x0000021c2e275800, 0x0000021c2ee08800, 0x0000021c2ee05800, 0x0000021c2ee09800,
0x0000021c2ee08000, 0x0000021c2ee04800, 0x0000021c2ee06000, 0x0000021c2ee0a000,
0x0000021c2ee0b000, 0x0000021c2ee07000, 0x0000021c2f062000, 0x0000021c2f064800,
0x0000021c2f063800, 0x0000021c2f065000, 0x0000021c2f062800, 0x0000021c2f066000,
0x0000021c2f061000, 0x0000021c2f067800, 0x0000021c2f06b000, 0x0000021c2f06b800,
0x0000021c2f068800, 0x0000021c2f06c800, 0x0000021c2f06f000, 0x0000021c2f069000,
0x0000021c2f06e000, 0x0000021c2f06d800, 0x0000021c2f06a000, 0x0000021c2f742800,
0x0000021c2f743800, 0x0000021c2f741000, 0x0000021c2f73f800, 0x0000021c2f740000,
0x0000021c2f746800, 0x0000021c2f745000, 0x0000021c2f746000, 0x0000021c2f747800,
0x0000021c2f744800, 0x0000021c2f742000, 0x0000021c2f74c800, 0x0000021c2f749000,
0x0000021c2f74e000, 0x0000021c2f74d800, 0x0000021c2f74a000, 0x0000021c2f748800,
0x0000021c2f74b000, 0x0000021c2f74b800, 0x0000021c313dd800, 0x0000021c313df800,
0x0000021c313e2000, 0x0000021c313e4000, 0x0000021c313de000, 0x0000021c313e4800,
0x0000021c313df000, 0x0000021c313e3000, 0x0000021c313e0800, 0x0000021c313e5800,
0x0000021c313e7000, 0x0000021c313e6800, 0x0000021c313e1800, 0x0000021c313e9800,
0x0000021c313e8000, 0x0000021c313eb000, 0x0000021c313e8800, 0x0000021c313ea800,
0x0000021c32ae3800, 0x0000021c32ae4800, 0x0000021c32ae5000, 0x0000021c32ae6000,
0x0000021c32ae1000, 0x0000021c323a8000
}

Java Threads: ( => current thread )
  0x0000021c1252d800 JavaThread "main" [_thread_blocked, id=3216, stack(0x000000d96e500000,0x000000d96e600000)]
  0x0000021c2c0f5000 JavaThread "Reference Handler" daemon [_thread_blocked, id=3304, stack(0x000000d96ec00000,0x000000d96ed00000)]
  0x0000021c2c100800 JavaThread "Finalizer" daemon [_thread_blocked, id=6484, stack(0x000000d96ed00000,0x000000d96ee00000)]
  0x0000021c2c10f000 JavaThread "Signal Dispatcher" daemon [_thread_blocked, id=4404, stack(0x000000d96ee00000,0x000000d96ef00000)]
  0x0000021c2c112000 JavaThread "Attach Listener" daemon [_thread_blocked, id=5504, stack(0x000000d96ef00000,0x000000d96f000000)]
  0x0000021c2c113800 JavaThread "Service Thread" daemon [_thread_blocked, id=680, stack(0x000000d96f000000,0x000000d96f100000)]
=>0x0000021c2c115000 JavaThread "C2 CompilerThread0" daemon [_thread_in_native, id=2716, stack(0x000000d96f100000,0x000000d96f200000)]
  0x0000021c2c11a000 JavaThread "C1 CompilerThread0" daemon [_thread_in_vm, id=7128, stack(0x000000d96f200000,0x000000d96f300000)]
  0x0000021c2c139000 JavaThread "Sweeper thread" daemon [_thread_blocked, id=9120, stack(0x000000d96f300000,0x000000d96f400000)]
  0x0000021c2cbd6800 JavaThread "Common-Cleaner" daemon [_thread_blocked, id=6892, stack(0x000000d96f400000,0x000000d96f500000)]
  0x0000021c2e43e000 JavaThread "Daemon health stats" [_thread_blocked, id=7324, stack(0x000000d96f800000,0x000000d96f900000)]
  0x0000021c2ed9b800 JavaThread "Incoming local TCP Connector on port 58910" [_thread_in_native, id=4080, stack(0x000000d96f600000,0x000000d96f700000)]
  0x0000021c2e57f000 JavaThread "Daemon periodic checks" [_thread_blocked, id=6712, stack(0x000000d96f900000,0x000000d96fa00000)]
  0x0000021c2eccc000 JavaThread "Daemon" [_thread_blocked, id=4120, stack(0x000000d96fa00000,0x000000d96fb00000)]
  0x0000021c2ec47000 JavaThread "Handler for socket connection from /127.0.0.1:58910 to /127.0.0.1:58911" [_thread_in_native, id=2008, stack(0x000000d96fb00000,0x000000d96fc00000)]
  0x0000021c2d84d800 JavaThread "Cancel handler" [_thread_blocked, id=2604, stack(0x000000d96fc00000,0x000000d96fd00000)]
  0x0000021c2e275800 JavaThread "Daemon worker" [_thread_blocked, id=10048, stack(0x000000d96fd00000,0x000000d96fe00000)]
  0x0000021c2ee08800 JavaThread "Asynchronous log dispatcher for DefaultDaemonConnection: socket connection from /127.0.0.1:58910 to /127.0.0.1:58911" [_thread_blocked, id=5240, stack(0x000000d96fe00000,0x000000d96ff00000)]
  0x0000021c2ee05800 JavaThread "Stdin handler" [_thread_blocked, id=2412, stack(0x000000d96ff00000,0x000000d970000000)]
  0x0000021c2ee09800 JavaThread "Daemon client event forwarder" [_thread_blocked, id=6268, stack(0x000000d970000000,0x000000d970100000)]
  0x0000021c2ee08000 JavaThread "Cache worker for journal cache (C:\Users\Anjan Karmakar\.gradle\caches\journal-1)" [_thread_blocked, id=8692, stack(0x000000d970300000,0x000000d970400000)]
  0x0000021c2ee04800 JavaThread "File lock request listener" [_thread_in_native, id=3128, stack(0x000000d970400000,0x000000d970500000)]
  0x0000021c2ee06000 JavaThread "Cache worker for file hash cache (C:\Users\Anjan Karmakar\.gradle\caches\7.2\fileHashes)" [_thread_blocked, id=2628, stack(0x000000d970500000,0x000000d970600000)]
  0x0000021c2ee0a000 JavaThread "Cache worker for file hash cache (C:\Users\Anjan Karmakar\Android Studio Projects\MYTODOLIST2.0\.gradle\7.2\fileHashes)" [_thread_blocked, id=7248, stack(0x000000d970700000,0x000000d970800000)]
  0x0000021c2ee0b000 JavaThread "File watcher server" daemon [_thread_in_native, id=2396, stack(0x000000d970800000,0x000000d970900000)]
  0x0000021c2ee07000 JavaThread "File watcher consumer" daemon [_thread_in_Java, id=9840, stack(0x000000d970900000,0x000000d970a00000)]
  0x0000021c2f062000 JavaThread "Cache worker for checksums cache (C:\Users\Anjan Karmakar\Android Studio Projects\MYTODOLIST2.0\.gradle\checksums)" [_thread_blocked, id=7460, stack(0x000000d970a00000,0x000000d970b00000)]
  0x0000021c2f064800 JavaThread "Cache worker for cache directory md-supplier (C:\Users\Anjan Karmakar\.gradle\caches\7.2\md-supplier)" [_thread_blocked, id=9324, stack(0x000000d970b00000,0x000000d970c00000)]
  0x0000021c2f063800 JavaThread "Cache worker for cache directory md-rule (C:\Users\Anjan Karmakar\.gradle\caches\7.2\md-rule)" [_thread_blocked, id=2208, stack(0x000000d970c00000,0x000000d970d00000)]
  0x0000021c2f065000 JavaThread "Cache worker for execution history cache (C:\Users\Anjan Karmakar\.gradle\caches\7.2\executionHistory)" [_thread_blocked, id=9884, stack(0x000000d970d00000,0x000000d970e00000)]
  0x0000021c2f062800 JavaThread "jar transforms" [_thread_blocked, id=652, stack(0x000000d970e00000,0x000000d970f00000)]
  0x0000021c2f066000 JavaThread "Cache worker for file content cache (C:\Users\Anjan Karmakar\.gradle\caches\7.2\fileContent)" [_thread_blocked, id=1436, stack(0x000000d970f00000,0x000000d971000000)]
  0x0000021c2f061000 JavaThread "jar transforms Thread 2" [_thread_blocked, id=1416, stack(0x000000d971000000,0x000000d971100000)]
  0x0000021c2f067800 JavaThread "Cache worker for dependencies-accessors (C:\Users\Anjan Karmakar\Android Studio Projects\MYTODOLIST2.0\.gradle\7.2\dependencies-accessors)" [_thread_blocked, id=2564, stack(0x000000d971100000,0x000000d971200000)]
  0x0000021c2f06b000 JavaThread "jar transforms Thread 3" [_thread_blocked, id=4648, stack(0x000000d971200000,0x000000d971300000)]
  0x0000021c2f06b800 JavaThread "Cache worker for Build Output Cleanup Cache (C:\Users\Anjan Karmakar\Android Studio Projects\MYTODOLIST2.0\.gradle\buildOutputCleanup)" [_thread_blocked, id=3376, stack(0x000000d971300000,0x000000d971400000)]
  0x0000021c2f068800 JavaThread "Unconstrained build operations" [_thread_blocked, id=2680, stack(0x000000d971400000,0x000000d971500000)]
  0x0000021c2f06c800 JavaThread "Unconstrained build operations Thread 2" [_thread_blocked, id=8736, stack(0x000000d971500000,0x000000d971600000)]
  0x0000021c2f06f000 JavaThread "Unconstrained build operations Thread 3" [_thread_blocked, id=3784, stack(0x000000d971600000,0x000000d971700000)]
  0x0000021c2f069000 JavaThread "Unconstrained build operations Thread 4" [_thread_blocked, id=3320, stack(0x000000d971700000,0x000000d971800000)]
  0x0000021c2f06e000 JavaThread "Unconstrained build operations Thread 5" [_thread_blocked, id=8724, stack(0x000000d971800000,0x000000d971900000)]
  0x0000021c2f06d800 JavaThread "Unconstrained build operations Thread 6" [_thread_blocked, id=2880, stack(0x000000d971900000,0x000000d971a00000)]
  0x0000021c2f06a000 JavaThread "Unconstrained build operations Thread 7" [_thread_blocked, id=9104, stack(0x000000d971a00000,0x000000d971b00000)]
  0x0000021c2f742800 JavaThread "Unconstrained build operations Thread 8" [_thread_blocked, id=1180, stack(0x000000d971b00000,0x000000d971c00000)]
  0x0000021c2f743800 JavaThread "Unconstrained build operations Thread 9" [_thread_blocked, id=7568, stack(0x000000d971c00000,0x000000d971d00000)]
  0x0000021c2f741000 JavaThread "Unconstrained build operations Thread 10" [_thread_blocked, id=2112, stack(0x000000d971d00000,0x000000d971e00000)]
  0x0000021c2f73f800 JavaThread "Unconstrained build operations Thread 11" [_thread_blocked, id=7012, stack(0x000000d971e00000,0x000000d971f00000)]
  0x0000021c2f740000 JavaThread "Unconstrained build operations Thread 12" [_thread_blocked, id=2868, stack(0x000000d971f00000,0x000000d972000000)]
  0x0000021c2f746800 JavaThread "Unconstrained build operations Thread 13" [_thread_blocked, id=4320, stack(0x000000d972000000,0x000000d972100000)]
  0x0000021c2f745000 JavaThread "Unconstrained build operations Thread 14" [_thread_blocked, id=6928, stack(0x000000d972100000,0x000000d972200000)]
  0x0000021c2f746000 JavaThread "Unconstrained build operations Thread 15" [_thread_blocked, id=4820, stack(0x000000d972200000,0x000000d972300000)]
  0x0000021c2f747800 JavaThread "Unconstrained build operations Thread 16" [_thread_blocked, id=6700, stack(0x000000d972300000,0x000000d972400000)]
  0x0000021c2f744800 JavaThread "Unconstrained build operations Thread 17" [_thread_blocked, id=7716, stack(0x000000d972400000,0x000000d972500000)]
  0x0000021c2f742000 JavaThread "Unconstrained build operations Thread 18" [_thread_blocked, id=6356, stack(0x000000d972500000,0x000000d972600000)]
  0x0000021c2f74c800 JavaThread "Unconstrained build operations Thread 19" [_thread_blocked, id=2260, stack(0x000000d972600000,0x000000d972700000)]
  0x0000021c2f749000 JavaThread "Unconstrained build operations Thread 20" [_thread_blocked, id=4048, stack(0x000000d972700000,0x000000d972800000)]
  0x0000021c2f74e000 JavaThread "Unconstrained build operations Thread 21" [_thread_blocked, id=8640, stack(0x000000d972800000,0x000000d972900000)]
  0x0000021c2f74d800 JavaThread "Unconstrained build operations Thread 22" [_thread_blocked, id=7552, stack(0x000000d972900000,0x000000d972a00000)]
  0x0000021c2f74a000 JavaThread "Unconstrained build operations Thread 23" [_thread_blocked, id=10212, stack(0x000000d972a00000,0x000000d972b00000)]
  0x0000021c2f748800 JavaThread "Unconstrained build operations Thread 24" [_thread_blocked, id=2344, stack(0x000000d972b00000,0x000000d972c00000)]
  0x0000021c2f74b000 JavaThread "Unconstrained build operations Thread 25" [_thread_blocked, id=8812, stack(0x000000d972c00000,0x000000d972d00000)]
  0x0000021c2f74b800 JavaThread "Unconstrained build operations Thread 26" [_thread_blocked, id=1804, stack(0x000000d972d00000,0x000000d972e00000)]
  0x0000021c313dd800 JavaThread "Unconstrained build operations Thread 27" [_thread_blocked, id=7712, stack(0x000000d972e00000,0x000000d972f00000)]
  0x0000021c313df800 JavaThread "Unconstrained build operations Thread 28" [_thread_blocked, id=4984, stack(0x000000d972f00000,0x000000d973000000)]
  0x0000021c313e2000 JavaThread "Unconstrained build operations Thread 29" [_thread_blocked, id=6372, stack(0x000000d973000000,0x000000d973100000)]
  0x0000021c313e4000 JavaThread "Unconstrained build operations Thread 30" [_thread_blocked, id=5672, stack(0x000000d973100000,0x000000d973200000)]
  0x0000021c313de000 JavaThread "Unconstrained build operations Thread 31" [_thread_blocked, id=7948, stack(0x000000d973200000,0x000000d973300000)]
  0x0000021c313e4800 JavaThread "Unconstrained build operations Thread 32" [_thread_blocked, id=5644, stack(0x000000d973300000,0x000000d973400000)]
  0x0000021c313df000 JavaThread "Unconstrained build operations Thread 33" [_thread_blocked, id=8888, stack(0x000000d973400000,0x000000d973500000)]
  0x0000021c313e3000 JavaThread "Unconstrained build operations Thread 34" [_thread_blocked, id=640, stack(0x000000d973500000,0x000000d973600000)]
  0x0000021c313e0800 JavaThread "Unconstrained build operations Thread 35" [_thread_blocked, id=2304, stack(0x000000d973600000,0x000000d973700000)]
  0x0000021c313e5800 JavaThread "Unconstrained build operations Thread 36" [_thread_blocked, id=1152, stack(0x000000d973700000,0x000000d973800000)]
  0x0000021c313e7000 JavaThread "Unconstrained build operations Thread 37" [_thread_blocked, id=4652, stack(0x000000d973800000,0x000000d973900000)]
  0x0000021c313e6800 JavaThread "Unconstrained build operations Thread 38" [_thread_blocked, id=2848, stack(0x000000d973900000,0x000000d973a00000)]
  0x0000021c313e1800 JavaThread "Unconstrained build operations Thread 39" [_thread_blocked, id=3176, stack(0x000000d973a00000,0x000000d973b00000)]
  0x0000021c313e9800 JavaThread "Unconstrained build operations Thread 40" [_thread_blocked, id=4124, stack(0x000000d973b00000,0x000000d973c00000)]
  0x0000021c313e8000 JavaThread "jar transforms Thread 4" [_thread_blocked, id=3980, stack(0x000000d973c00000,0x000000d973d00000)]
  0x0000021c313eb000 JavaThread "Memory manager" [_thread_blocked, id=6720, stack(0x000000d973d00000,0x000000d973e00000)]
  0x0000021c313e8800 JavaThread "build event listener" [_thread_blocked, id=8096, stack(0x000000d973e00000,0x000000d973f00000)]
  0x0000021c313ea800 JavaThread "pool-3-thread-1" [_thread_blocked, id=7240, stack(0x000000d973f00000,0x000000d974000000)]
  0x0000021c32ae3800 JavaThread "build event listener" [_thread_blocked, id=4796, stack(0x000000d974000000,0x000000d974100000)]
  0x0000021c32ae4800 JavaThread "Execution worker for ':'" [_thread_blocked, id=7688, stack(0x000000d974100000,0x000000d974200000)]
  0x0000021c32ae5000 JavaThread "Execution worker for ':' Thread 2" [_thread_blocked, id=5172, stack(0x000000d974200000,0x000000d974300000)]
  0x0000021c32ae6000 JavaThread "Execution worker for ':' Thread 3" [_thread_blocked, id=1428, stack(0x000000d974300000,0x000000d974400000)]
  0x0000021c32ae1000 JavaThread "Cache worker for execution history cache (C:\Users\Anjan Karmakar\Android Studio Projects\MYTODOLIST2.0\.gradle\7.2\executionHistory)" [_thread_blocked, id=7204, stack(0x000000d974400000,0x000000d974500000)]
  0x0000021c323a8000 JavaThread "C2 CompilerThread1" daemon [_thread_blocked, id=628, stack(0x000000d970600000,0x000000d970700000)]

Other Threads:
  0x0000021c2c0ee800 VMThread "VM Thread" [stack: 0x000000d96eb00000,0x000000d96ec00000] [id=6704]
  0x0000021c2cc12800 WatcherThread [stack: 0x000000d96f500000,0x000000d96f600000] [id=7224]
  0x0000021c12545800 GCTaskThread "GC Thread#0" [stack: 0x000000d96e600000,0x000000d96e700000] [id=384]
  0x0000021c2d22b800 GCTaskThread "GC Thread#1" [stack: 0x000000d96f700000,0x000000d96f800000] [id=9316]
  0x0000021c2e97d000 GCTaskThread "GC Thread#2" [stack: 0x000000d970100000,0x000000d970200000] [id=8796]
  0x0000021c2e351000 GCTaskThread "GC Thread#3" [stack: 0x000000d970200000,0x000000d970300000] [id=3212]
  0x0000021c12577000 ConcurrentGCThread "G1 Main Marker" [stack: 0x000000d96e700000,0x000000d96e800000] [id=4340]
  0x0000021c12579000 ConcurrentGCThread "G1 Conc#0" [stack: 0x000000d96e800000,0x000000d96e900000] [id=3736]
  0x0000021c125ea800 ConcurrentGCThread "G1 Refine#0" [stack: 0x000000d96e900000,0x000000d96ea00000] [id=6580]
  0x0000021c125eb800 ConcurrentGCThread "G1 Young RemSet Sampling" [stack: 0x000000d96ea00000,0x000000d96eb00000] [id=8112]

Threads with active compile tasks:
C2 CompilerThread0  15963 9402       4       org.gradle.cache.internal.btree.CachingBlockStore::read (56 bytes)

VM state:not at safepoint (normal execution)

VM Mutex/Monitor currently owned by a thread: None

Heap address: 0x0000000080000000, size: 2048 MB, Compressed Oops mode: 32-bit
Narrow klass base: 0x0000000000000000, Narrow klass shift: 3
Compressed class space size: 1073741824 Address: 0x0000000100000000

Heap:
 garbage-first heap   total 172032K, used 98685K [0x0000000080000000, 0x0000000100000000)
  region size 1024K, 30 young (30720K), 9 survivors (9216K)
 Metaspace       used 87999K, capacity 90103K, committed 90332K, reserved 1128448K
  class space    used 11309K, capacity 12115K, committed 12160K, reserved 1048576K
Heap Regions: E=young(eden), S=young(survivor), O=old, HS=humongous(starts), HC=humongous(continues), CS=collection set, F=free, A=archive, TAMS=top-at-mark-start (previous, next)
|   0|0x0000000080000000, 0x0000000080100000, 0x0000000080100000|100%|HS|  |TAMS 0x0000000080100000, 0x0000000080000000| Complete 
|   1|0x0000000080100000, 0x0000000080200000, 0x0000000080200000|100%|HC|  |TAMS 0x0000000080200000, 0x0000000080100000| Complete 
|   2|0x0000000080200000, 0x0000000080300000, 0x0000000080300000|100%|HC|  |TAMS 0x0000000080300000, 0x0000000080200000| Complete 
|   3|0x0000000080300000, 0x0000000080400000, 0x0000000080400000|100%| O|  |TAMS 0x0000000080400000, 0x0000000080300000| Untracked 
|   4|0x0000000080400000, 0x0000000080500000, 0x0000000080500000|100%| O|  |TAMS 0x0000000080500000, 0x0000000080400000| Untracked 
|   5|0x0000000080500000, 0x0000000080600000, 0x0000000080600000|100%| O|  |TAMS 0x0000000080600000, 0x0000000080500000| Untracked 
|   6|0x0000000080600000, 0x0000000080700000, 0x0000000080700000|100%| O|  |TAMS 0x0000000080700000, 0x0000000080600000| Untracked 
|   7|0x0000000080700000, 0x0000000080800000, 0x0000000080800000|100%| O|  |TAMS 0x0000000080800000, 0x0000000080700000| Untracked 
|   8|0x0000000080800000, 0x0000000080900000, 0x0000000080900000|100%| O|  |TAMS 0x0000000080900000, 0x0000000080800000| Untracked 
|   9|0x0000000080900000, 0x0000000080a00000, 0x0000000080a00000|100%| O|  |TAMS 0x0000000080a00000, 0x0000000080900000| Untracked 
|  10|0x0000000080a00000, 0x0000000080b00000, 0x0000000080b00000|100%| O|  |TAMS 0x0000000080b00000, 0x0000000080a00000| Untracked 
|  11|0x0000000080b00000, 0x0000000080c00000, 0x0000000080c00000|100%| O|  |TAMS 0x0000000080c00000, 0x0000000080b00000| Untracked 
|  12|0x0000000080c00000, 0x0000000080d00000, 0x0000000080d00000|100%| O|  |TAMS 0x0000000080d00000, 0x0000000080c00000| Untracked 
|  13|0x0000000080d00000, 0x0000000080e00000, 0x0000000080e00000|100%| O|  |TAMS 0x0000000080e00000, 0x0000000080d00000| Untracked 
|  14|0x0000000080e00000, 0x0000000080f00000, 0x0000000080f00000|100%| O|  |TAMS 0x0000000080f00000, 0x0000000080e00000| Untracked 
|  15|0x0000000080f00000, 0x0000000081000000, 0x0000000081000000|100%| O|  |TAMS 0x0000000081000000, 0x0000000080f00000| Untracked 
|  16|0x0000000081000000, 0x0000000081100000, 0x0000000081100000|100%| O|  |TAMS 0x0000000081100000, 0x0000000081000000| Untracked 
|  17|0x0000000081100000, 0x0000000081200000, 0x0000000081200000|100%| O|  |TAMS 0x0000000081200000, 0x0000000081100000| Untracked 
|  18|0x0000000081200000, 0x0000000081300000, 0x0000000081300000|100%| O|  |TAMS 0x0000000081300000, 0x0000000081200000| Untracked 
|  19|0x0000000081300000, 0x0000000081400000, 0x0000000081400000|100%| O|  |TAMS 0x0000000081400000, 0x0000000081300000| Untracked 
|  20|0x0000000081400000, 0x0000000081500000, 0x0000000081500000|100%| O|  |TAMS 0x0000000081500000, 0x0000000081400000| Untracked 
|  21|0x0000000081500000, 0x0000000081600000, 0x0000000081600000|100%| O|  |TAMS 0x0000000081600000, 0x0000000081500000| Untracked 
|  22|0x0000000081600000, 0x0000000081700000, 0x0000000081700000|100%| O|  |TAMS 0x0000000081700000, 0x0000000081600000| Untracked 
|  23|0x0000000081700000, 0x0000000081800000, 0x0000000081800000|100%| O|  |TAMS 0x0000000081800000, 0x0000000081700000| Untracked 
|  24|0x0000000081800000, 0x0000000081900000, 0x0000000081900000|100%| O|  |TAMS 0x0000000081900000, 0x0000000081800000| Untracked 
|  25|0x0000000081900000, 0x0000000081a00000, 0x0000000081a00000|100%| O|  |TAMS 0x0000000081a00000, 0x0000000081900000| Untracked 
|  26|0x0000000081a00000, 0x0000000081b00000, 0x0000000081b00000|100%| O|  |TAMS 0x0000000081b00000, 0x0000000081a00000| Untracked 
|  27|0x0000000081b00000, 0x0000000081c00000, 0x0000000081c00000|100%|HS|  |TAMS 0x0000000081c00000, 0x0000000081b00000| Complete 
|  28|0x0000000081c00000, 0x0000000081d00000, 0x0000000081d00000|100%|HS|  |TAMS 0x0000000081d00000, 0x0000000081c00000| Complete 
|  29|0x0000000081d00000, 0x0000000081e00000, 0x0000000081e00000|100%|HS|  |TAMS 0x0000000081e00000, 0x0000000081d00000| Complete 
|  30|0x0000000081e00000, 0x0000000081f00000, 0x0000000081f00000|100%|HS|  |TAMS 0x0000000081f00000, 0x0000000081e00000| Complete 
|  31|0x0000000081f00000, 0x0000000082000000, 0x0000000082000000|100%|HC|  |TAMS 0x0000000082000000, 0x0000000081f00000| Complete 
|  32|0x0000000082000000, 0x0000000082100000, 0x0000000082100000|100%|HC|  |TAMS 0x0000000082100000, 0x0000000082000000| Complete 
|  33|0x0000000082100000, 0x0000000082200000, 0x0000000082200000|100%|HS|  |TAMS 0x0000000082200000, 0x0000000082100000| Complete 
|  34|0x0000000082200000, 0x0000000082300000, 0x0000000082300000|100%|HS|  |TAMS 0x0000000082300000, 0x0000000082200000| Complete 
|  35|0x0000000082300000, 0x0000000082400000, 0x0000000082400000|100%|HC|  |TAMS 0x0000000082400000, 0x0000000082300000| Complete 
|  36|0x0000000082400000, 0x0000000082500000, 0x0000000082500000|100%| O|  |TAMS 0x0000000082500000, 0x0000000082400000| Untracked 
|  37|0x0000000082500000, 0x0000000082600000, 0x0000000082600000|100%| O|  |TAMS 0x0000000082600000, 0x0000000082500000| Untracked 
|  38|0x0000000082600000, 0x0000000082700000, 0x0000000082700000|100%| O|  |TAMS 0x0000000082700000, 0x0000000082600000| Untracked 
|  39|0x0000000082700000, 0x0000000082800000, 0x0000000082800000|100%| O|  |TAMS 0x0000000082800000, 0x0000000082700000| Untracked 
|  40|0x0000000082800000, 0x0000000082900000, 0x0000000082900000|100%| O|  |TAMS 0x0000000082900000, 0x0000000082800000| Untracked 
|  41|0x0000000082900000, 0x0000000082a00000, 0x0000000082a00000|100%| O|  |TAMS 0x0000000082a00000, 0x0000000082900000| Untracked 
|  42|0x0000000082a00000, 0x0000000082b00000, 0x0000000082b00000|100%| O|  |TAMS 0x0000000082b00000, 0x0000000082a00000| Untracked 
|  43|0x0000000082b00000, 0x0000000082c00000, 0x0000000082c00000|100%| O|  |TAMS 0x0000000082c00000, 0x0000000082b00000| Untracked 
|  44|0x0000000082c00000, 0x0000000082d00000, 0x0000000082d00000|100%| O|  |TAMS 0x0000000082d00000, 0x0000000082c00000| Untracked 
|  45|0x0000000082d00000, 0x0000000082e00000, 0x0000000082e00000|100%| O|  |TAMS 0x0000000082e00000, 0x0000000082d00000| Untracked 
|  46|0x0000000082e00000, 0x0000000082f00000, 0x0000000082f00000|100%| O|  |TAMS 0x0000000082f00000, 0x0000000082e00000| Untracked 
|  47|0x0000000082f00000, 0x0000000083000000, 0x0000000083000000|100%| O|  |TAMS 0x0000000083000000, 0x0000000082f00000| Untracked 
|  48|0x0000000083000000, 0x0000000083100000, 0x0000000083100000|100%| O|  |TAMS 0x0000000083100000, 0x0000000083000000| Untracked 
|  49|0x0000000083100000, 0x0000000083200000, 0x0000000083200000|100%| O|  |TAMS 0x0000000083200000, 0x0000000083100000| Untracked 
|  50|0x0000000083200000, 0x0000000083300000, 0x0000000083300000|100%| O|  |TAMS 0x0000000083300000, 0x0000000083200000| Untracked 
|  51|0x0000000083300000, 0x0000000083400000, 0x0000000083400000|100%| O|  |TAMS 0x0000000083300000, 0x0000000083300000| Untracked 
|  52|0x0000000083400000, 0x0000000083500000, 0x0000000083500000|100%| O|  |TAMS 0x0000000083400000, 0x0000000083400000| Untracked 
|  53|0x0000000083500000, 0x0000000083600000, 0x0000000083600000|100%| O|  |TAMS 0x0000000083500000, 0x0000000083500000| Untracked 
|  54|0x0000000083600000, 0x0000000083700000, 0x0000000083700000|100%| O|  |TAMS 0x0000000083600000, 0x0000000083600000| Untracked 
|  55|0x0000000083700000, 0x0000000083800000, 0x0000000083800000|100%| O|  |TAMS 0x0000000083700000, 0x0000000083700000| Untracked 
|  56|0x0000000083800000, 0x0000000083900000, 0x0000000083900000|100%| O|  |TAMS 0x0000000083800000, 0x0000000083800000| Untracked 
|  57|0x0000000083900000, 0x0000000083a00000, 0x0000000083a00000|100%| O|  |TAMS 0x0000000083900000, 0x0000000083900000| Untracked 
|  58|0x0000000083a00000, 0x0000000083b00000, 0x0000000083b00000|100%| O|  |TAMS 0x0000000083a00000, 0x0000000083a00000| Untracked 
|  59|0x0000000083b00000, 0x0000000083c00000, 0x0000000083c00000|100%| O|  |TAMS 0x0000000083b00000, 0x0000000083b00000| Untracked 
|  60|0x0000000083c00000, 0x0000000083d00000, 0x0000000083d00000|100%| O|  |TAMS 0x0000000083c00000, 0x0000000083c00000| Untracked 
|  61|0x0000000083d00000, 0x0000000083e00000, 0x0000000083e00000|100%| O|  |TAMS 0x0000000083dbcc00, 0x0000000083d00000| Untracked 
|  62|0x0000000083e00000, 0x0000000083f00000, 0x0000000083f00000|100%| O|  |TAMS 0x0000000083e00000, 0x0000000083e00000| Untracked 
|  63|0x0000000083f00000, 0x0000000084000000, 0x0000000084000000|100%| O|  |TAMS 0x0000000083f00000, 0x0000000083f00000| Untracked 
|  64|0x0000000084000000, 0x0000000084100000, 0x0000000084100000|100%| O|  |TAMS 0x0000000084000000, 0x0000000084000000| Untracked 
|  65|0x0000000084100000, 0x0000000084200000, 0x0000000084200000|100%| O|  |TAMS 0x0000000084100000, 0x0000000084100000| Untracked 
|  66|0x0000000084200000, 0x0000000084300000, 0x0000000084300000|100%| O|  |TAMS 0x0000000084200000, 0x0000000084200000| Untracked 
|  67|0x0000000084300000, 0x0000000084400000, 0x0000000084400000|100%| O|  |TAMS 0x0000000084300000, 0x0000000084300000| Untracked 
|  68|0x0000000084400000, 0x000000008445f400, 0x0000000084500000| 37%| O|  |TAMS 0x0000000084400000, 0x0000000084400000| Untracked 
|  69|0x0000000084500000, 0x0000000084500000, 0x0000000084600000|  0%| F|  |TAMS 0x0000000084500000, 0x0000000084500000| Untracked 
|  70|0x0000000084600000, 0x0000000084600000, 0x0000000084700000|  0%| F|  |TAMS 0x0000000084600000, 0x0000000084600000| Untracked 
|  71|0x0000000084700000, 0x0000000084700000, 0x0000000084800000|  0%| F|  |TAMS 0x0000000084700000, 0x0000000084700000| Untracked 
|  72|0x0000000084800000, 0x0000000084800000, 0x0000000084900000|  0%| F|  |TAMS 0x0000000084800000, 0x0000000084800000| Untracked 
|  73|0x0000000084900000, 0x0000000084900000, 0x0000000084a00000|  0%| F|  |TAMS 0x0000000084900000, 0x0000000084900000| Untracked 
|  74|0x0000000084a00000, 0x0000000084a00000, 0x0000000084b00000|  0%| F|  |TAMS 0x0000000084a00000, 0x0000000084a00000| Untracked 
|  75|0x0000000084b00000, 0x0000000084b00000, 0x0000000084c00000|  0%| F|  |TAMS 0x0000000084b00000, 0x0000000084b00000| Untracked 
|  76|0x0000000084c00000, 0x0000000084c00000, 0x0000000084d00000|  0%| F|  |TAMS 0x0000000084c00000, 0x0000000084c00000| Untracked 
|  77|0x0000000084d00000, 0x0000000084d00000, 0x0000000084e00000|  0%| F|  |TAMS 0x0000000084d00000, 0x0000000084d00000| Untracked 
|  78|0x0000000084e00000, 0x0000000084e00000, 0x0000000084f00000|  0%| F|  |TAMS 0x0000000084e00000, 0x0000000084e00000| Untracked 
|  79|0x0000000084f00000, 0x0000000084f00000, 0x0000000085000000|  0%| F|  |TAMS 0x0000000084f00000, 0x0000000084f00000| Untracked 
|  80|0x0000000085000000, 0x0000000085000000, 0x0000000085100000|  0%| F|  |TAMS 0x0000000085000000, 0x0000000085000000| Untracked 
|  81|0x0000000085100000, 0x0000000085100000, 0x0000000085200000|  0%| F|  |TAMS 0x0000000085100000, 0x0000000085100000| Untracked 
|  82|0x0000000085200000, 0x0000000085200000, 0x0000000085300000|  0%| F|  |TAMS 0x0000000085200000, 0x0000000085200000| Untracked 
|  83|0x0000000085300000, 0x0000000085300000, 0x0000000085400000|  0%| F|  |TAMS 0x0000000085300000, 0x0000000085300000| Untracked 
|  84|0x0000000085400000, 0x0000000085400000, 0x0000000085500000|  0%| F|  |TAMS 0x0000000085400000, 0x0000000085400000| Untracked 
|  85|0x0000000085500000, 0x0000000085500000, 0x0000000085600000|  0%| F|  |TAMS 0x0000000085500000, 0x0000000085500000| Untracked 
|  86|0x0000000085600000, 0x0000000085600000, 0x0000000085700000|  0%| F|  |TAMS 0x0000000085600000, 0x0000000085600000| Untracked 
|  87|0x0000000085700000, 0x0000000085700000, 0x0000000085800000|  0%| F|  |TAMS 0x0000000085700000, 0x0000000085700000| Untracked 
|  88|0x0000000085800000, 0x0000000085800000, 0x0000000085900000|  0%| F|  |TAMS 0x0000000085800000, 0x0000000085800000| Untracked 
|  89|0x0000000085900000, 0x0000000085900000, 0x0000000085a00000|  0%| F|  |TAMS 0x0000000085900000, 0x0000000085900000| Untracked 
|  90|0x0000000085a00000, 0x0000000085a00000, 0x0000000085b00000|  0%| F|  |TAMS 0x0000000085a00000, 0x0000000085a00000| Untracked 
|  91|0x0000000085b00000, 0x0000000085b00000, 0x0000000085c00000|  0%| F|  |TAMS 0x0000000085b00000, 0x0000000085b00000| Untracked 
|  92|0x0000000085c00000, 0x0000000085c00000, 0x0000000085d00000|  0%| F|  |TAMS 0x0000000085c00000, 0x0000000085c00000| Untracked 
|  93|0x0000000085d00000, 0x0000000085d00000, 0x0000000085e00000|  0%| F|  |TAMS 0x0000000085d00000, 0x0000000085d00000| Untracked 
|  94|0x0000000085e00000, 0x0000000085f00000, 0x0000000085f00000|100%| S|CS|TAMS 0x0000000085e00000, 0x0000000085e00000| Complete 
|  95|0x0000000085f00000, 0x0000000085f00000, 0x0000000086000000|  0%| F|  |TAMS 0x0000000085f00000, 0x0000000085f00000| Untracked 
|  96|0x0000000086000000, 0x0000000086000000, 0x0000000086100000|  0%| F|  |TAMS 0x0000000086000000, 0x0000000086000000| Untracked 
|  97|0x0000000086100000, 0x0000000086100000, 0x0000000086200000|  0%| F|  |TAMS 0x0000000086100000, 0x0000000086100000| Untracked 
|  98|0x0000000086200000, 0x0000000086200000, 0x0000000086300000|  0%| F|  |TAMS 0x0000000086200000, 0x0000000086200000| Untracked 
|  99|0x0000000086300000, 0x0000000086300000, 0x0000000086400000|  0%| F|  |TAMS 0x0000000086300000, 0x0000000086300000| Untracked 
| 100|0x0000000086400000, 0x0000000086400000, 0x0000000086500000|  0%| F|  |TAMS 0x0000000086400000, 0x0000000086400000| Untracked 
| 101|0x0000000086500000, 0x0000000086500000, 0x0000000086600000|  0%| F|  |TAMS 0x0000000086500000, 0x0000000086500000| Untracked 
| 102|0x0000000086600000, 0x0000000086600000, 0x0000000086700000|  0%| F|  |TAMS 0x0000000086600000, 0x0000000086600000| Untracked 
| 103|0x0000000086700000, 0x0000000086800000, 0x0000000086800000|100%| S|CS|TAMS 0x0000000086700000, 0x0000000086700000| Complete 
| 104|0x0000000086800000, 0x0000000086900000, 0x0000000086900000|100%| S|CS|TAMS 0x0000000086800000, 0x0000000086800000| Complete 
| 105|0x0000000086900000, 0x0000000086a00000, 0x0000000086a00000|100%| S|CS|TAMS 0x0000000086900000, 0x0000000086900000| Complete 
| 106|0x0000000086a00000, 0x0000000086b00000, 0x0000000086b00000|100%| S|CS|TAMS 0x0000000086a00000, 0x0000000086a00000| Complete 
| 107|0x0000000086b00000, 0x0000000086c00000, 0x0000000086c00000|100%| S|CS|TAMS 0x0000000086b00000, 0x0000000086b00000| Complete 
| 108|0x0000000086c00000, 0x0000000086d00000, 0x0000000086d00000|100%| S|CS|TAMS 0x0000000086c00000, 0x0000000086c00000| Complete 
| 109|0x0000000086d00000, 0x0000000086e00000, 0x0000000086e00000|100%| S|CS|TAMS 0x0000000086d00000, 0x0000000086d00000| Complete 
| 110|0x0000000086e00000, 0x0000000086f00000, 0x0000000086f00000|100%| S|CS|TAMS 0x0000000086e00000, 0x0000000086e00000| Complete 
| 111|0x0000000086f00000, 0x0000000086f00000, 0x0000000087000000|  0%| F|  |TAMS 0x0000000086f00000, 0x0000000086f00000| Untracked 
| 112|0x0000000087000000, 0x0000000087000000, 0x0000000087100000|  0%| F|  |TAMS 0x0000000087000000, 0x0000000087000000| Untracked 
| 113|0x0000000087100000, 0x0000000087100000, 0x0000000087200000|  0%| F|  |TAMS 0x0000000087100000, 0x0000000087100000| Untracked 
| 114|0x0000000087200000, 0x0000000087200000, 0x0000000087300000|  0%| F|  |TAMS 0x0000000087200000, 0x0000000087200000| Untracked 
| 115|0x0000000087300000, 0x0000000087300000, 0x0000000087400000|  0%| F|  |TAMS 0x0000000087300000, 0x0000000087300000| Untracked 
| 116|0x0000000087400000, 0x0000000087400000, 0x0000000087500000|  0%| F|  |TAMS 0x0000000087400000, 0x0000000087400000| Untracked 
| 117|0x0000000087500000, 0x0000000087500000, 0x0000000087600000|  0%| F|  |TAMS 0x0000000087500000, 0x0000000087500000| Untracked 
| 118|0x0000000087600000, 0x0000000087600000, 0x0000000087700000|  0%| F|  |TAMS 0x0000000087600000, 0x0000000087600000| Untracked 
| 119|0x0000000087700000, 0x0000000087700000, 0x0000000087800000|  0%| F|  |TAMS 0x0000000087700000, 0x0000000087700000| Untracked 
| 120|0x0000000087800000, 0x0000000087800000, 0x0000000087900000|  0%| F|  |TAMS 0x0000000087800000, 0x0000000087800000| Untracked 
| 121|0x0000000087900000, 0x0000000087900000, 0x0000000087a00000|  0%| F|  |TAMS 0x0000000087900000, 0x0000000087900000| Untracked 
| 122|0x0000000087a00000, 0x0000000087a00000, 0x0000000087b00000|  0%| F|  |TAMS 0x0000000087a00000, 0x0000000087a00000| Untracked 
| 123|0x0000000087b00000, 0x0000000087b00000, 0x0000000087c00000|  0%| F|  |TAMS 0x0000000087b00000, 0x0000000087b00000| Untracked 
| 124|0x0000000087c00000, 0x0000000087c00000, 0x0000000087d00000|  0%| F|  |TAMS 0x0000000087c00000, 0x0000000087c00000| Untracked 
| 125|0x0000000087d00000, 0x0000000087d00000, 0x0000000087e00000|  0%| F|  |TAMS 0x0000000087d00000, 0x0000000087d00000| Untracked 
| 126|0x0000000087e00000, 0x0000000087e00000, 0x0000000087f00000|  0%| F|  |TAMS 0x0000000087e00000, 0x0000000087e00000| Untracked 
| 127|0x0000000087f00000, 0x0000000087f00000, 0x0000000088000000|  0%| F|  |TAMS 0x0000000087f00000, 0x0000000087f00000| Untracked 
| 128|0x0000000088000000, 0x0000000088000000, 0x0000000088100000|  0%| F|  |TAMS 0x0000000088000000, 0x0000000088000000| Untracked 
| 129|0x0000000088100000, 0x0000000088100000, 0x0000000088200000|  0%| F|  |TAMS 0x0000000088100000, 0x0000000088100000| Untracked 
| 130|0x0000000088200000, 0x0000000088200000, 0x0000000088300000|  0%| F|  |TAMS 0x0000000088200000, 0x0000000088200000| Untracked 
| 131|0x0000000088300000, 0x0000000088300000, 0x0000000088400000|  0%| F|  |TAMS 0x0000000088300000, 0x0000000088300000| Untracked 
| 132|0x0000000088400000, 0x0000000088400000, 0x0000000088500000|  0%| F|  |TAMS 0x0000000088400000, 0x0000000088400000| Untracked 
| 133|0x0000000088500000, 0x0000000088500000, 0x0000000088600000|  0%| F|  |TAMS 0x0000000088500000, 0x0000000088500000| Untracked 
| 134|0x0000000088600000, 0x0000000088600000, 0x0000000088700000|  0%| F|  |TAMS 0x0000000088600000, 0x0000000088600000| Untracked 
| 135|0x0000000088700000, 0x0000000088700000, 0x0000000088800000|  0%| F|  |TAMS 0x0000000088700000, 0x0000000088700000| Untracked 
| 136|0x0000000088800000, 0x0000000088800000, 0x0000000088900000|  0%| F|  |TAMS 0x0000000088800000, 0x0000000088800000| Untracked 
| 137|0x0000000088900000, 0x0000000088900000, 0x0000000088a00000|  0%| F|  |TAMS 0x0000000088900000, 0x0000000088900000| Untracked 
| 138|0x0000000088a00000, 0x0000000088a00000, 0x0000000088b00000|  0%| F|  |TAMS 0x0000000088a00000, 0x0000000088a00000| Untracked 
| 139|0x0000000088b00000, 0x0000000088b00000, 0x0000000088c00000|  0%| F|  |TAMS 0x0000000088b00000, 0x0000000088b00000| Untracked 
| 140|0x0000000088c00000, 0x0000000088c00000, 0x0000000088d00000|  0%| F|  |TAMS 0x0000000088c00000, 0x0000000088c00000| Untracked 
| 141|0x0000000088d00000, 0x0000000088d00000, 0x0000000088e00000|  0%| F|  |TAMS 0x0000000088d00000, 0x0000000088d00000| Untracked 
| 142|0x0000000088e00000, 0x0000000088e00000, 0x0000000088f00000|  0%| F|  |TAMS 0x0000000088e00000, 0x0000000088e00000| Untracked 
| 143|0x0000000088f00000, 0x0000000088f00000, 0x0000000089000000|  0%| F|  |TAMS 0x0000000088f00000, 0x0000000088f00000| Untracked 
| 144|0x0000000089000000, 0x0000000089000000, 0x0000000089100000|  0%| F|  |TAMS 0x0000000089000000, 0x0000000089000000| Untracked 
| 145|0x0000000089100000, 0x0000000089100000, 0x0000000089200000|  0%| F|  |TAMS 0x0000000089100000, 0x0000000089100000| Untracked 
| 146|0x0000000089200000, 0x0000000089200000, 0x0000000089300000|  0%| F|  |TAMS 0x0000000089200000, 0x0000000089200000| Untracked 
| 147|0x0000000089300000, 0x0000000089341ba8, 0x0000000089400000| 25%| E|  |TAMS 0x0000000089300000, 0x0000000089300000| Complete 
| 148|0x0000000089400000, 0x0000000089500000, 0x0000000089500000|100%| E|CS|TAMS 0x0000000089400000, 0x0000000089400000| Complete 
| 149|0x0000000089500000, 0x0000000089600000, 0x0000000089600000|100%| E|CS|TAMS 0x0000000089500000, 0x0000000089500000| Complete 
| 150|0x0000000089600000, 0x0000000089700000, 0x0000000089700000|100%| E|CS|TAMS 0x0000000089600000, 0x0000000089600000| Complete 
| 151|0x0000000089700000, 0x0000000089800000, 0x0000000089800000|100%| E|CS|TAMS 0x0000000089700000, 0x0000000089700000| Complete 
| 152|0x0000000089800000, 0x0000000089900000, 0x0000000089900000|100%| E|CS|TAMS 0x0000000089800000, 0x0000000089800000| Complete 
| 153|0x0000000089900000, 0x0000000089a00000, 0x0000000089a00000|100%| E|CS|TAMS 0x0000000089900000, 0x0000000089900000| Complete 
| 154|0x0000000089a00000, 0x0000000089b00000, 0x0000000089b00000|100%| E|CS|TAMS 0x0000000089a00000, 0x0000000089a00000| Complete 
| 155|0x0000000089b00000, 0x0000000089c00000, 0x0000000089c00000|100%| E|  |TAMS 0x0000000089b00000, 0x0000000089b00000| Complete 
| 156|0x0000000089c00000, 0x0000000089d00000, 0x0000000089d00000|100%| E|CS|TAMS 0x0000000089c00000, 0x0000000089c00000| Complete 
| 157|0x0000000089d00000, 0x0000000089e00000, 0x0000000089e00000|100%| E|CS|TAMS 0x0000000089d00000, 0x0000000089d00000| Complete 
| 158|0x0000000089e00000, 0x0000000089f00000, 0x0000000089f00000|100%| E|CS|TAMS 0x0000000089e00000, 0x0000000089e00000| Complete 
| 159|0x0000000089f00000, 0x000000008a000000, 0x000000008a000000|100%| E|CS|TAMS 0x0000000089f00000, 0x0000000089f00000| Complete 
| 160|0x000000008a000000, 0x000000008a100000, 0x000000008a100000|100%| E|CS|TAMS 0x000000008a000000, 0x000000008a000000| Complete 
| 161|0x000000008a100000, 0x000000008a200000, 0x000000008a200000|100%| E|CS|TAMS 0x000000008a100000, 0x000000008a100000| Complete 
| 162|0x000000008a200000, 0x000000008a300000, 0x000000008a300000|100%| E|CS|TAMS 0x000000008a200000, 0x000000008a200000| Complete 
| 163|0x000000008a300000, 0x000000008a400000, 0x000000008a400000|100%| E|CS|TAMS 0x000000008a300000, 0x000000008a300000| Complete 
| 164|0x000000008a400000, 0x000000008a500000, 0x000000008a500000|100%| E|CS|TAMS 0x000000008a400000, 0x000000008a400000| Complete 
| 165|0x000000008a500000, 0x000000008a600000, 0x000000008a600000|100%| E|CS|TAMS 0x000000008a500000, 0x000000008a500000| Complete 
| 166|0x000000008a600000, 0x000000008a700000, 0x000000008a700000|100%| E|CS|TAMS 0x000000008a600000, 0x000000008a600000| Complete 
| 167|0x000000008a700000, 0x000000008a800000, 0x000000008a800000|100%| E|CS|TAMS 0x000000008a700000, 0x000000008a700000| Complete 

Card table byte_map: [0x0000021c25430000,0x0000021c25830000] _byte_map_base: 0x0000021c25030000

Marking Bits (Prev, Next): (CMBitMap*) 0x0000021c1256df38, (CMBitMap*) 0x0000021c1256df70
 Prev Bits: [0x0000021c25c30000, 0x0000021c27c30000)
 Next Bits: [0x0000021c27c30000, 0x0000021c29c30000)

Polling page: 0x0000021c10550000

Metaspace:

Usage:
  Non-class:     76.16 MB capacity,    74.89 MB ( 98%) used,     1.04 MB (  1%) free+waste,   236.06 KB ( <1%) overhead. 
      Class:     11.83 MB capacity,    11.04 MB ( 93%) used,   697.57 KB (  6%) free+waste,   108.06 KB ( <1%) overhead. 
       Both:     87.99 MB capacity,    85.94 MB ( 98%) used,     1.72 MB (  2%) free+waste,   344.13 KB ( <1%) overhead. 

Virtual space:
  Non-class space:       78.00 MB reserved,      76.34 MB ( 98%) committed 
      Class space:        1.00 GB reserved,      11.88 MB (  1%) committed 
             Both:        1.08 GB reserved,      88.21 MB (  8%) committed 

Chunk freelists:
   Non-Class:  0 bytes
       Class:  0 bytes
        Both:  0 bytes

MaxMetaspaceSize: 17179869184.00 GB
CompressedClassSpaceSize: 1.00 GB

CodeHeap 'non-profiled nmethods': size=120064Kb used=6178Kb max_used=6178Kb free=113885Kb
 bounds [0x0000021c1daf0000, 0x0000021c1e100000, 0x0000021c25030000]
CodeHeap 'profiled nmethods': size=120000Kb used=20721Kb max_used=20721Kb free=99278Kb
 bounds [0x0000021c165c0000, 0x0000021c17a00000, 0x0000021c1daf0000]
CodeHeap 'non-nmethods': size=5696Kb used=2278Kb max_used=2343Kb free=3417Kb
 bounds [0x0000021c16030000, 0x0000021c162a0000, 0x0000021c165c0000]
 total_blobs=10378 nmethods=9500 adapters=789
 compilation: enabled
              stopped_count=0, restarted_count=0
 full_count=0

Compilation events (20 events):
Event: 15.929 Thread 0x0000021c2c11a000 9504       3       org.gradle.internal.model.CalculatedValueContainer$CalculationState$$Lambda$484/0x0000000100641040::get$Lambda (10 bytes)
Event: 15.930 Thread 0x0000021c2c11a000 nmethod 9504 0x0000021c179f6610 code [0x0000021c179f67e0, 0x0000021c179f6a98]
Event: 15.930 Thread 0x0000021c2c11a000 9505       3       org.gradle.internal.model.CalculatedValueContainer$CalculationState$$Lambda$484/0x0000000100641040::<init> (15 bytes)
Event: 15.930 Thread 0x0000021c2c11a000 nmethod 9505 0x0000021c179f6b90 code [0x0000021c179f6d40, 0x0000021c179f6f58]
Event: 15.930 Thread 0x0000021c2c11a000 9506       3       org.gradle.internal.model.CalculatedValueContainer::access$002 (7 bytes)
Event: 15.930 Thread 0x0000021c2c11a000 nmethod 9506 0x0000021c179f7010 code [0x0000021c179f71c0, 0x0000021c179f72f8]
Event: 15.930 Thread 0x0000021c2c11a000 9507       3       org.gradle.internal.model.CalculatedValueContainer::access$102 (7 bytes)
Event: 15.930 Thread 0x0000021c2c11a000 nmethod 9507 0x0000021c179f7410 code [0x0000021c179f75c0, 0x0000021c179f76f8]
Event: 15.930 Thread 0x0000021c2c11a000 9508       3       org.gradle.internal.model.CalculatedValueContainer$CalculationState::releaseLock (8 bytes)
Event: 15.930 Thread 0x0000021c2c11a000 nmethod 9508 0x0000021c179f7810 code [0x0000021c179f79e0, 0x0000021c179f7c08]
Event: 15.931 Thread 0x0000021c323a8000 nmethod 9489 0x0000021c1e0f5f10 code [0x0000021c1e0f60c0, 0x0000021c1e0f6ab8]
Event: 15.931 Thread 0x0000021c323a8000 9449       4       java.util.stream.MatchOps$$Lambda$253/0x0000000100461840::get (12 bytes)
Event: 15.931 Thread 0x0000021c2c11a000 9509       3       org.gradle.internal.work.DefaultWorkerLeaseService$Root::grantLease (28 bytes)
Event: 15.931 Thread 0x0000021c2c11a000 nmethod 9509 0x0000021c179f7d10 code [0x0000021c179f7ec0, 0x0000021c179f8038]
Event: 15.932 Thread 0x0000021c323a8000 nmethod 9449 0x0000021c1e0f6e90 code [0x0000021c1e0f7040, 0x0000021c1e0f7138]
Event: 15.932 Thread 0x0000021c2c11a000 9510       3       java.lang.Object::wait (6 bytes)
Event: 15.932 Thread 0x0000021c2c11a000 nmethod 9510 0x0000021c179f8110 code [0x0000021c179f82c0, 0x0000021c179f83e8]
Event: 15.932 Thread 0x0000021c2c11a000 9511   !   3       org.gradle.internal.resources.DefaultResourceLockCoordinationService$DefaultResourceLockState::releaseLocks (76 bytes)
Event: 15.932 Thread 0x0000021c2c11a000 nmethod 9511 0x0000021c179f8490 code [0x0000021c179f86c0, 0x0000021c179f8dc8]
Event: 15.932 Thread 0x0000021c323a8000 9512   !   4       org.gradle.internal.serialize.kryo.KryoBackedDecoder::readSmallInt (16 bytes)

GC Heap History (20 events):
Event: 5.475 GC heap before
{Heap before GC invocations=11 (full 0):
 garbage-first heap   total 118784K, used 84805K [0x0000000080000000, 0x0000000100000000)
  region size 1024K, 64 young (65536K), 8 survivors (8192K)
 Metaspace       used 44550K, capacity 45604K, committed 45724K, reserved 1089536K
  class space    used 5699K, capacity 6093K, committed 6144K, reserved 1048576K
}
Event: 5.484 GC heap after
{Heap after GC invocations=12 (full 0):
 garbage-first heap   total 143360K, used 30366K [0x0000000080000000, 0x0000000100000000)
  region size 1024K, 8 young (8192K), 8 survivors (8192K)
 Metaspace       used 44550K, capacity 45604K, committed 45724K, reserved 1089536K
  class space    used 5699K, capacity 6093K, committed 6144K, reserved 1048576K
}
Event: 7.061 GC heap before
{Heap before GC invocations=12 (full 0):
 garbage-first heap   total 143360K, used 93854K [0x0000000080000000, 0x0000000100000000)
  region size 1024K, 71 young (72704K), 8 survivors (8192K)
 Metaspace       used 47983K, capacity 49281K, committed 49564K, reserved 1091584K
  class space    used 6108K, capacity 6570K, committed 6656K, reserved 1048576K
}
Event: 7.069 GC heap after
{Heap after GC invocations=13 (full 0):
 garbage-first heap   total 143360K, used 34836K [0x0000000080000000, 0x0000000100000000)
  region size 1024K, 8 young (8192K), 8 survivors (8192K)
 Metaspace       used 47983K, capacity 49281K, committed 49564K, reserved 1091584K
  class space    used 6108K, capacity 6570K, committed 6656K, reserved 1048576K
}
Event: 8.329 GC heap before
{Heap before GC invocations=13 (full 0):
 garbage-first heap   total 143360K, used 116756K [0x0000000080000000, 0x0000000100000000)
  region size 1024K, 79 young (80896K), 8 survivors (8192K)
 Metaspace       used 55425K, capacity 56838K, committed 57116K, reserved 1099776K
  class space    used 7015K, capacity 7514K, committed 7552K, reserved 1048576K
}
Event: 8.338 GC heap after
{Heap after GC invocations=14 (full 0):
 garbage-first heap   total 143360K, used 52772K [0x0000000080000000, 0x0000000100000000)
  region size 1024K, 10 young (10240K), 10 survivors (10240K)
 Metaspace       used 55425K, capacity 56838K, committed 57116K, reserved 1099776K
  class space    used 7015K, capacity 7514K, committed 7552K, reserved 1048576K
}
Event: 8.801 GC heap before
{Heap before GC invocations=14 (full 0):
 garbage-first heap   total 143360K, used 76324K [0x0000000080000000, 0x0000000100000000)
  region size 1024K, 34 young (34816K), 10 survivors (10240K)
 Metaspace       used 59172K, capacity 60574K, committed 60636K, reserved 1101824K
  class space    used 7444K, capacity 8010K, committed 8064K, reserved 1048576K
}
Event: 8.810 GC heap after
{Heap after GC invocations=15 (full 0):
 garbage-first heap   total 143360K, used 54746K [0x0000000080000000, 0x0000000100000000)
  region size 1024K, 2 young (2048K), 2 survivors (2048K)
 Metaspace       used 59172K, capacity 60574K, committed 60636K, reserved 1101824K
  class space    used 7444K, capacity 8010K, committed 8064K, reserved 1048576K
}
Event: 9.565 GC heap before
{Heap before GC invocations=16 (full 0):
 garbage-first heap   total 143360K, used 97754K [0x0000000080000000, 0x0000000100000000)
  region size 1024K, 45 young (46080K), 2 survivors (2048K)
 Metaspace       used 63863K, capacity 65437K, committed 65628K, reserved 1105920K
  class space    used 8018K, capacity 8603K, committed 8704K, reserved 1048576K
}
Event: 9.571 GC heap after
{Heap after GC invocations=17 (full 0):
 garbage-first heap   total 172032K, used 58227K [0x0000000080000000, 0x0000000100000000)
  region size 1024K, 6 young (6144K), 6 survivors (6144K)
 Metaspace       used 63863K, capacity 65437K, committed 65628K, reserved 1105920K
  class space    used 8018K, capacity 8603K, committed 8704K, reserved 1048576K
}
Event: 10.524 GC heap before
{Heap before GC invocations=18 (full 0):
 garbage-first heap   total 172032K, used 114547K [0x0000000080000000, 0x0000000100000000)
  region size 1024K, 61 young (62464K), 6 survivors (6144K)
 Metaspace       used 68225K, capacity 69784K, committed 69980K, reserved 1110016K
  class space    used 8592K, capacity 9165K, committed 9216K, reserved 1048576K
}
Event: 10.531 GC heap after
{Heap after GC invocations=19 (full 0):
 garbage-first heap   total 172032K, used 61471K [0x0000000080000000, 0x0000000100000000)
  region size 1024K, 8 young (8192K), 8 survivors (8192K)
 Metaspace       used 68225K, capacity 69784K, committed 69980K, reserved 1110016K
  class space    used 8592K, capacity 9165K, committed 9216K, reserved 1048576K
}
Event: 11.119 GC heap before
{Heap before GC invocations=19 (full 0):
 garbage-first heap   total 172032K, used 119839K [0x0000000080000000, 0x0000000100000000)
  region size 1024K, 65 young (66560K), 8 survivors (8192K)
 Metaspace       used 70215K, capacity 71825K, committed 72028K, reserved 1112064K
  class space    used 8831K, capacity 9461K, committed 9472K, reserved 1048576K
}
Event: 11.127 GC heap after
{Heap after GC invocations=20 (full 0):
 garbage-first heap   total 172032K, used 66253K [0x0000000080000000, 0x0000000100000000)
  region size 1024K, 8 young (8192K), 8 survivors (8192K)
 Metaspace       used 70215K, capacity 71825K, committed 72028K, reserved 1112064K
  class space    used 8831K, capacity 9461K, committed 9472K, reserved 1048576K
}
Event: 12.394 GC heap before
{Heap before GC invocations=20 (full 0):
 garbage-first heap   total 172032K, used 125645K [0x0000000080000000, 0x0000000100000000)
  region size 1024K, 66 young (67584K), 8 survivors (8192K)
 Metaspace       used 76452K, capacity 78151K, committed 78428K, reserved 1118208K
  class space    used 9826K, capacity 10473K, committed 10496K, reserved 1048576K
}
Event: 12.408 GC heap after
{Heap after GC invocations=21 (full 0):
 garbage-first heap   total 172032K, used 69921K [0x0000000080000000, 0x0000000100000000)
  region size 1024K, 9 young (9216K), 9 survivors (9216K)
 Metaspace       used 76452K, capacity 78151K, committed 78428K, reserved 1118208K
  class space    used 9826K, capacity 10473K, committed 10496K, reserved 1048576K
}
Event: 14.042 GC heap before
{Heap before GC invocations=21 (full 0):
 garbage-first heap   total 172032K, used 129313K [0x0000000080000000, 0x0000000100000000)
  region size 1024K, 67 young (68608K), 9 survivors (9216K)
 Metaspace       used 82573K, capacity 84382K, committed 84444K, reserved 1122304K
  class space    used 10660K, capacity 11374K, committed 11392K, reserved 1048576K
}
Event: 14.054 GC heap after
{Heap after GC invocations=22 (full 0):
 garbage-first heap   total 172032K, used 73238K [0x0000000080000000, 0x0000000100000000)
  region size 1024K, 8 young (8192K), 8 survivors (8192K)
 Metaspace       used 82573K, capacity 84382K, committed 84444K, reserved 1122304K
  class space    used 10660K, capacity 11374K, committed 11392K, reserved 1048576K
}
Event: 15.482 GC heap before
{Heap before GC invocations=22 (full 0):
 garbage-first heap   total 172032K, used 131606K [0x0000000080000000, 0x0000000100000000)
  region size 1024K, 65 young (66560K), 8 survivors (8192K)
 Metaspace       used 87434K, capacity 89419K, committed 89436K, reserved 1126400K
  class space    used 11240K, capacity 12020K, committed 12032K, reserved 1048576K
}
Event: 15.494 GC heap after
{Heap after GC invocations=23 (full 0):
 garbage-first heap   total 172032K, used 79229K [0x0000000080000000, 0x0000000100000000)
  region size 1024K, 9 young (9216K), 9 survivors (9216K)
 Metaspace       used 87434K, capacity 89419K, committed 89436K, reserved 1126400K
  class space    used 11240K, capacity 12020K, committed 12032K, reserved 1048576K
}

Deoptimization events (20 events):
Event: 15.813 Thread 0x0000021c313e9800 DEOPT PACKING pc=0x0000021c176fc7c4 sp=0x000000d973bfd2d0
Event: 15.813 Thread 0x0000021c313e9800 DEOPT UNPACKING pc=0x0000021c16056dde sp=0x000000d973bfc870 mode 0
Event: 15.860 Thread 0x0000021c2f068800 Uncommon trap: trap_request=0xffffffd6 fr.pc=0x0000021c1e0ea7cc relative=0x000000000000078c
Event: 15.860 Thread 0x0000021c2f068800 Uncommon trap: reason=array_check action=maybe_recompile pc=0x0000021c1e0ea7cc method=java.util.TimSort.binarySort([Ljava/lang/Object;IIILjava/util/Comparator;)V @ 193 c2
Event: 15.860 Thread 0x0000021c2f068800 DEOPT PACKING pc=0x0000021c1e0ea7cc sp=0x000000d9714fd890
Event: 15.860 Thread 0x0000021c2f068800 DEOPT UNPACKING pc=0x0000021c1605662f sp=0x000000d9714fd838 mode 2
Event: 15.860 Thread 0x0000021c313e9800 Uncommon trap: trap_request=0xffffffd6 fr.pc=0x0000021c1e0ea7cc relative=0x000000000000078c
Event: 15.860 Thread 0x0000021c313e9800 Uncommon trap: reason=array_check action=maybe_recompile pc=0x0000021c1e0ea7cc method=java.util.TimSort.binarySort([Ljava/lang/Object;IIILjava/util/Comparator;)V @ 193 c2
Event: 15.860 Thread 0x0000021c313e9800 DEOPT PACKING pc=0x0000021c1e0ea7cc sp=0x000000d973bfd8d0
Event: 15.860 Thread 0x0000021c313e9800 DEOPT UNPACKING pc=0x0000021c1605662f sp=0x000000d973bfd878 mode 2
Event: 15.868 Thread 0x0000021c2f068800 Uncommon trap: trap_request=0xffffffd6 fr.pc=0x0000021c1e0ea7cc relative=0x000000000000078c
Event: 15.868 Thread 0x0000021c2f068800 Uncommon trap: reason=array_check action=maybe_recompile pc=0x0000021c1e0ea7cc method=java.util.TimSort.binarySort([Ljava/lang/Object;IIILjava/util/Comparator;)V @ 193 c2
Event: 15.868 Thread 0x0000021c2f068800 DEOPT PACKING pc=0x0000021c1e0ea7cc sp=0x000000d9714fd9c0
Event: 15.868 Thread 0x0000021c2f068800 DEOPT UNPACKING pc=0x0000021c1605662f sp=0x000000d9714fd968 mode 2
Event: 15.868 Thread 0x0000021c313e9800 Uncommon trap: trap_request=0xffffffd6 fr.pc=0x0000021c1e0ea7cc relative=0x000000000000078c
Event: 15.868 Thread 0x0000021c313e9800 Uncommon trap: reason=array_check action=maybe_recompile pc=0x0000021c1e0ea7cc method=java.util.TimSort.binarySort([Ljava/lang/Object;IIILjava/util/Comparator;)V @ 193 c2
Event: 15.868 Thread 0x0000021c313e9800 DEOPT PACKING pc=0x0000021c1e0ea7cc sp=0x000000d973bfda00
Event: 15.868 Thread 0x0000021c313e9800 DEOPT UNPACKING pc=0x0000021c1605662f sp=0x000000d973bfd9a8 mode 2
Event: 15.890 Thread 0x0000021c32ae6000 DEOPT PACKING pc=0x0000021c176fc7c4 sp=0x000000d9743f8300
Event: 15.890 Thread 0x0000021c32ae6000 DEOPT UNPACKING pc=0x0000021c16056dde sp=0x000000d9743f78a0 mode 0

Classes redefined (0 events):
No events

Internal exceptions (20 events):
Event: 14.828 Thread 0x0000021c2e275800 Exception <a 'sun/nio/fs/WindowsException'{0x000000008846c380}> (0x000000008846c380) thrown at [./src/hotspot/share/prims/jni.cpp, line 615]
Event: 14.962 Thread 0x0000021c2ee09800 Exception <a 'java/lang/NoSuchMethodError'{0x00000000880087e8}: <clinit>> (0x00000000880087e8) thrown at [./src/hotspot/share/prims/jni.cpp, line 1362]
Event: 14.962 Thread 0x0000021c2ee09800 Exception <a 'java/lang/NoSuchMethodError'{0x0000000088014158}: <clinit>> (0x0000000088014158) thrown at [./src/hotspot/share/prims/jni.cpp, line 1362]
Event: 14.975 Thread 0x0000021c2ee09800 Exception <a 'java/lang/NoSuchMethodError'{0x0000000087f05d80}: <clinit>> (0x0000000087f05d80) thrown at [./src/hotspot/share/prims/jni.cpp, line 1362]
Event: 14.976 Thread 0x0000021c2ee09800 Exception <a 'java/lang/NoSuchMethodError'{0x0000000087f433a8}: <clinit>> (0x0000000087f433a8) thrown at [./src/hotspot/share/prims/jni.cpp, line 1362]
Event: 14.976 Thread 0x0000021c2ee09800 Exception <a 'java/lang/NoSuchMethodError'{0x0000000087f6e760}: <clinit>> (0x0000000087f6e760) thrown at [./src/hotspot/share/prims/jni.cpp, line 1362]
Event: 14.984 Thread 0x0000021c313e8800 Exception <a 'java/lang/NoSuchMethodError'{0x0000000088fa8f20}: <clinit>> (0x0000000088fa8f20) thrown at [./src/hotspot/share/prims/jni.cpp, line 1362]
Event: 14.987 Thread 0x0000021c313e8800 Exception <a 'java/lang/NoSuchMethodError'{0x0000000088fbe190}: <clinit>> (0x0000000088fbe190) thrown at [./src/hotspot/share/prims/jni.cpp, line 1362]
Event: 14.992 Thread 0x0000021c313e8800 Exception <a 'java/lang/NoSuchMethodError'{0x0000000087e4a790}: <clinit>> (0x0000000087e4a790) thrown at [./src/hotspot/share/prims/jni.cpp, line 1362]
Event: 15.019 Thread 0x0000021c2e275800 Exception <a 'java/lang/IncompatibleClassChangeError'{0x0000000087d7ee58}: Found class java.lang.Object, but interface was expected> (0x0000000087d7ee58) thrown at [./src/hotspot/share/interpreter/linkResolver.cpp, line 839]
Event: 15.063 Thread 0x0000021c2e275800 Exception <a 'java/lang/NoSuchMethodError'{0x0000000087ce0ab8}: 'java.lang.Object java.lang.invoke.DirectMethodHandle$Holder.invokeInterface(java.lang.Object, java.lang.Object, int)'> (0x0000000087ce0ab8) thrown at [./src/hotspot/share/interpreter/linkResolver.cpp, line 773]
Event: 15.064 Thread 0x0000021c2e275800 Exception <a 'java/lang/NoSuchMethodError'{0x0000000087cf6180}: 'void java.lang.invoke.DirectMethodHandle$Holder.invokeStatic(java.lang.Object, java.lang.Object, java.lang.Object, int)'> (0x0000000087cf6180) thrown at [./src/hotspot/share/interpreter/linkResolver.cpp, line 773]
Event: 15.075 Thread 0x0000021c2ee09800 Exception <a 'java/lang/NoSuchMethodError'{0x0000000087b8aac8}: <clinit>> (0x0000000087b8aac8) thrown at [./src/hotspot/share/prims/jni.cpp, line 1362]
Event: 15.102 Thread 0x0000021c2e275800 Exception <a 'java/lang/IncompatibleClassChangeError'{0x0000000087a034b0}: Found class java.lang.Object, but interface was expected> (0x0000000087a034b0) thrown at [./src/hotspot/share/interpreter/linkResolver.cpp, line 839]
Event: 15.108 Thread 0x0000021c2e275800 Exception <a 'java/lang/IncompatibleClassChangeError'{0x0000000087a2b218}: Found class java.lang.Object, but interface was expected> (0x0000000087a2b218) thrown at [./src/hotspot/share/interpreter/linkResolver.cpp, line 839]
Event: 15.163 Thread 0x0000021c2e275800 Exception <a 'java/lang/NoSuchMethodError'{0x00000000878a8fc8}: 'int java.lang.invoke.DirectMethodHandle$Holder.invokeStaticInit(java.lang.Object, java.lang.Object, java.lang.Object, java.lang.Object, java.lang.Object)'> (0x00000000878a8fc8) thrown at [./src/hotspot/share/interpreter/linkResolver.cpp, line 773]
Event: 15.500 Thread 0x0000021c32ae6000 Exception <a 'java/lang/NoSuchMethodError'{0x000000008a7a36f0}: 'void java.lang.invoke.DirectMethodHandle$Holder.invokeStatic(java.lang.Object, java.lang.Object, java.lang.Object, java.lang.Object, int, java.lang.Object, java.lang.Object)'> (0x000000008a7a36f0) thrown at [./src/hotspot/share/interpreter/linkResolver.cpp, line 773]
Event: 15.530 Thread 0x0000021c313e9800 Exception <a 'java/lang/NoSuchMethodError'{0x000000008a22ed60}: 'java.lang.Object java.lang.invoke.DirectMethodHandle$Holder.invokeSpecialIFC(java.lang.Object, java.lang.Object, java.lang.Object)'> (0x000000008a22ed60) thrown at [./src/hotspot/share/interpreter/linkResolver.cpp, line 773]
Event: 15.530 Thread 0x0000021c2f06c800 Exception <a 'java/lang/NoSuchMethodError'{0x000000008a220658}: 'java.lang.Object java.lang.invoke.DirectMethodHandle$Holder.invokeSpecialIFC(java.lang.Object, java.lang.Object, java.lang.Object)'> (0x000000008a220658) thrown at [./src/hotspot/share/interpreter/linkResolver.cpp, line 773]
Event: 15.530 Thread 0x0000021c2f068800 Exception <a 'java/lang/NoSuchMethodError'{0x000000008a23d4e8}: 'java.lang.Object java.lang.invoke.DirectMethodHandle$Holder.invokeSpecialIFC(java.lang.Object, java.lang.Object, java.lang.Object)'> (0x000000008a23d4e8) thrown at [./src/hotspot/share/interpreter/linkResolver.cpp, line 773]

Events (20 events):
Event: 15.824 Executing VM operation: RevokeBias
Event: 15.825 Executing VM operation: RevokeBias done
Event: 15.851 Executing VM operation: RevokeBias
Event: 15.852 Executing VM operation: RevokeBias done
Event: 15.856 Executing VM operation: RevokeBias
Event: 15.856 Executing VM operation: RevokeBias done
Event: 15.858 Executing VM operation: RevokeBias
Event: 15.858 Executing VM operation: RevokeBias done
Event: 15.860 Executing VM operation: RevokeBias
Event: 15.861 Executing VM operation: RevokeBias done
Event: 15.868 Executing VM operation: RevokeBias
Event: 15.868 Executing VM operation: RevokeBias done
Event: 15.872 Executing VM operation: RevokeBias
Event: 15.872 Executing VM operation: RevokeBias done
Event: 15.873 Executing VM operation: RevokeBias
Event: 15.873 Executing VM operation: RevokeBias done
Event: 15.892 Executing VM operation: RevokeBias
Event: 15.893 Executing VM operation: RevokeBias done
Event: 15.896 Executing VM operation: BulkRevokeBias
Event: 15.898 Executing VM operation: BulkRevokeBias done


Dynamic libraries:
0x00007ff6dc240000 - 0x00007ff6dc24a000 	C:\Program Files\Android\Android Studio\jre\bin\java.exe
0x00007ffe920d0000 - 0x00007ffe922c5000 	C:\Windows\SYSTEM32\ntdll.dll
0x00007ffe915f0000 - 0x00007ffe916ae000 	C:\Windows\System32\KERNEL32.DLL
0x00007ffe8f940000 - 0x00007ffe8fc08000 	C:\Windows\System32\KERNELBASE.dll
0x00007ffe8fd00000 - 0x00007ffe8fe00000 	C:\Windows\System32\ucrtbase.dll
0x00007ffe8b400000 - 0x00007ffe8b419000 	C:\Program Files\Android\Android Studio\jre\bin\jli.dll
0x00007ffe8b3e0000 - 0x00007ffe8b3f7000 	C:\Program Files\Android\Android Studio\jre\bin\VCRUNTIME140.dll
0x00007ffe916b0000 - 0x00007ffe91850000 	C:\Windows\System32\USER32.dll
0x00007ffe8fe00000 - 0x00007ffe8fe22000 	C:\Windows\System32\win32u.dll
0x00007ffe780f0000 - 0x00007ffe7838a000 	C:\Windows\WinSxS\amd64_microsoft.windows.common-controls_6595b64144ccf1df_6.0.19041.1110_none_60b5254171f9507e\COMCTL32.dll
0x00007ffe91d30000 - 0x00007ffe91d5b000 	C:\Windows\System32\GDI32.dll
0x00007ffe91d60000 - 0x00007ffe91dfe000 	C:\Windows\System32\msvcrt.dll
0x00007ffe8ff90000 - 0x00007ffe9009b000 	C:\Windows\System32\gdi32full.dll
0x00007ffe8fc60000 - 0x00007ffe8fcfd000 	C:\Windows\System32\msvcp_win.dll
0x00007ffe90d20000 - 0x00007ffe90d50000 	C:\Windows\System32\IMM32.DLL
0x00007ffe748f0000 - 0x00007ffe7498d000 	C:\Program Files\Android\Android Studio\jre\bin\msvcp140.dll
0x00007ffe65a50000 - 0x00007ffe66525000 	C:\Program Files\Android\Android Studio\jre\bin\server\jvm.dll
0x00007ffe909b0000 - 0x00007ffe90a5e000 	C:\Windows\System32\ADVAPI32.dll
0x00007ffe90880000 - 0x00007ffe9091c000 	C:\Windows\System32\sechost.dll
0x00007ffe90dd0000 - 0x00007ffe90ef5000 	C:\Windows\System32\RPCRT4.dll
0x00007ffe90d10000 - 0x00007ffe90d18000 	C:\Windows\System32\PSAPI.DLL
0x00007ffe79c80000 - 0x00007ffe79c89000 	C:\Windows\SYSTEM32\WSOCK32.dll
0x00007ffe91850000 - 0x00007ffe918bb000 	C:\Windows\System32\WS2_32.dll
0x00007ffe86370000 - 0x00007ffe86397000 	C:\Windows\SYSTEM32\WINMM.dll
0x00007ffe86360000 - 0x00007ffe8636a000 	C:\Windows\SYSTEM32\VERSION.dll
0x00007ffe8d6e0000 - 0x00007ffe8d6f2000 	C:\Windows\SYSTEM32\kernel.appcore.dll
0x00007ffe79a10000 - 0x00007ffe79a21000 	C:\Program Files\Android\Android Studio\jre\bin\verify.dll
0x00007ffe87a40000 - 0x00007ffe87c24000 	C:\Windows\SYSTEM32\DBGHELP.DLL
0x00007ffe731d0000 - 0x00007ffe731fc000 	C:\Windows\SYSTEM32\dbgcore.DLL
0x00007ffe900a0000 - 0x00007ffe90122000 	C:\Windows\System32\bcryptPrimitives.dll
0x00007ffe6f840000 - 0x00007ffe6f869000 	C:\Program Files\Android\Android Studio\jre\bin\java.dll
0x00007ffe79150000 - 0x00007ffe7915b000 	C:\Program Files\Android\Android Studio\jre\bin\jimage.dll
0x00007ffe783c0000 - 0x00007ffe783d8000 	C:\Program Files\Android\Android Studio\jre\bin\zip.dll
0x00007ffe90130000 - 0x00007ffe90874000 	C:\Windows\System32\SHELL32.dll
0x00007ffe8d8e0000 - 0x00007ffe8e074000 	C:\Windows\SYSTEM32\windows.storage.dll
0x00007ffe91010000 - 0x00007ffe91364000 	C:\Windows\System32\combase.dll
0x00007ffe8f0a0000 - 0x00007ffe8f0cc000 	C:\Windows\SYSTEM32\Wldp.dll
0x00007ffe90c60000 - 0x00007ffe90d0d000 	C:\Windows\System32\SHCORE.dll
0x00007ffe90b20000 - 0x00007ffe90b75000 	C:\Windows\System32\shlwapi.dll
0x00007ffe8f730000 - 0x00007ffe8f74f000 	C:\Windows\SYSTEM32\profapi.dll
0x00007ffe77bc0000 - 0x00007ffe77bda000 	C:\Program Files\Android\Android Studio\jre\bin\net.dll
0x00007ffe89300000 - 0x00007ffe89409000 	C:\Windows\SYSTEM32\WINHTTP.dll
0x00007ffe8ee80000 - 0x00007ffe8eeea000 	C:\Windows\system32\mswsock.dll
0x00007ffe6f500000 - 0x00007ffe6f514000 	C:\Program Files\Android\Android Studio\jre\bin\nio.dll
0x00007ffe7d430000 - 0x00007ffe7d457000 	C:\Users\Anjan Karmakar\.gradle\native\e1d6ef7f7dcc3fd88c89a11ec53ec762bb8ba0a96d01ffa2cd45eb1d1d8dd5c5\windows-amd64\native-platform.dll
0x00007ffe41080000 - 0x00007ffe411c4000 	C:\Users\Anjan Karmakar\.gradle\native\5664cfc778a61ccfe75a443a1ab52a65af34e5dc3c78e0209fed803814484fcb\windows-amd64\native-platform-file-events.dll
0x00007ffe73300000 - 0x00007ffe7330a000 	C:\Program Files\Android\Android Studio\jre\bin\management.dll
0x00007ffe6f4f0000 - 0x00007ffe6f4fd000 	C:\Program Files\Android\Android Studio\jre\bin\management_ext.dll
0x00007ffe8f0e0000 - 0x00007ffe8f0f8000 	C:\Windows\SYSTEM32\CRYPTSP.dll
0x00007ffe8e820000 - 0x00007ffe8e854000 	C:\Windows\system32\rsaenh.dll
0x00007ffe8f8a0000 - 0x00007ffe8f8c7000 	C:\Windows\System32\bcrypt.dll
0x00007ffe8f6f0000 - 0x00007ffe8f71e000 	C:\Windows\SYSTEM32\USERENV.dll
0x00007ffe8f010000 - 0x00007ffe8f01c000 	C:\Windows\SYSTEM32\CRYPTBASE.dll
0x00007ffe8eb90000 - 0x00007ffe8ebcb000 	C:\Windows\SYSTEM32\IPHLPAPI.DLL
0x00007ffe915e0000 - 0x00007ffe915e8000 	C:\Windows\System32\NSI.dll
0x00007ffe89c30000 - 0x00007ffe89c47000 	C:\Windows\SYSTEM32\dhcpcsvc6.DLL
0x00007ffe89c10000 - 0x00007ffe89c2d000 	C:\Windows\SYSTEM32\dhcpcsvc.DLL
0x00007ffe8ebd0000 - 0x00007ffe8ec9a000 	C:\Windows\SYSTEM32\DNSAPI.dll

dbghelp: loaded successfully - version: 4.0.5 - missing functions: none
symbol engine: initialized successfully - sym options: 0x614 - pdb path: .;C:\Program Files\Android\Android Studio\jre\bin;C:\Windows\SYSTEM32;C:\Windows\WinSxS\amd64_microsoft.windows.common-controls_6595b64144ccf1df_6.0.19041.1110_none_60b5254171f9507e;C:\Program Files\Android\Android Studio\jre\bin\server;C:\Users\Anjan Karmakar\.gradle\native\e1d6ef7f7dcc3fd88c89a11ec53ec762bb8ba0a96d01ffa2cd45eb1d1d8dd5c5\windows-amd64;C:\Users\Anjan Karmakar\.gradle\native\5664cfc778a61ccfe75a443a1ab52a65af34e5dc3c78e0209fed803814484fcb\windows-amd64

VM Arguments:
jvm_args: --add-opens=java.base/java.util=ALL-UNNAMED --add-opens=java.base/java.lang=ALL-UNNAMED --add-opens=java.base/java.lang.invoke=ALL-UNNAMED --add-opens=java.base/java.util=ALL-UNNAMED --add-opens=java.prefs/java.util.prefs=ALL-UNNAMED --add-opens=java.prefs/java.util.prefs=ALL-UNNAMED --add-opens=java.base/java.nio.charset=ALL-UNNAMED --add-opens=java.base/java.net=ALL-UNNAMED --add-opens=java.base/java.util.concurrent.atomic=ALL-UNNAMED -Xmx2048m -Dfile.encoding=UTF-8 -Duser.country=US -Duser.language=en -Duser.variant 
java_command: org.gradle.launcher.daemon.bootstrap.GradleDaemon 7.2
java_class_path (initial): C:\Users\Anjan Karmakar\.gradle\wrapper\dists\gradle-7.2-bin\2dnblmf4td7x66yl1d74lt32g\gradle-7.2\lib\gradle-launcher-7.2.jar
Launcher Type: SUN_STANDARD

[Global flags]
     intx CICompilerCount                          = 3                                         {product} {ergonomic}
     uint ConcGCThreads                            = 1                                         {product} {ergonomic}
     uint G1ConcRefinementThreads                  = 4                                         {product} {ergonomic}
   size_t G1HeapRegionSize                         = 1048576                                   {product} {ergonomic}
    uintx GCDrainStackTargetSize                   = 64                                        {product} {ergonomic}
   size_t InitialHeapSize                          = 100663296                                 {product} {ergonomic}
   size_t MarkStackSize                            = 4194304                                   {product} {ergonomic}
   size_t MaxHeapSize                              = 2147483648                                {product} {command line}
   size_t MaxNewSize                               = 1287651328                                {product} {ergonomic}
   size_t MinHeapDeltaBytes                        = 1048576                                   {product} {ergonomic}
    uintx NonNMethodCodeHeapSize                   = 5830732                                {pd product} {ergonomic}
    uintx NonProfiledCodeHeapSize                  = 122913754                              {pd product} {ergonomic}
    uintx ProfiledCodeHeapSize                     = 122913754                              {pd product} {ergonomic}
    uintx ReservedCodeCacheSize                    = 251658240                              {pd product} {ergonomic}
     bool SegmentedCodeCache                       = true                                      {product} {ergonomic}
     bool UseCompressedClassPointers               = true                                 {lp64_product} {ergonomic}
     bool UseCompressedOops                        = true                                 {lp64_product} {ergonomic}
     bool UseG1GC                                  = true                                      {product} {ergonomic}
     bool UseLargePagesIndividualAllocation        = false                                  {pd product} {ergonomic}

Logging:
Log output configuration:
 #0: stdout all=warning uptime,level,tags
 #1: stderr all=off uptime,level,tags

Environment Variables:
PATH=C:\Program Files\Common Files\Oracle\Java\javapath;C:\Windows\system32;C:\Windows;C:\Windows\System32\Wbem;C:\Windows\System32\WindowsPowerShell\v1.0\;C:\Windows\System32\OpenSSH\;C:\Program Files\Git\cmd;C:\Program Files\nodejs\;C:\Program Files\Docker\Docker\resources\bin;C:\ProgramData\DockerDesktop\version-bin;C:\Users\Anjan Karmakar\AppData\Local\Microsoft\WindowsApps;;C:\Program Files\JetBrains\IntelliJ IDEA Community Edition 2021.2.3\bin;;C:\Program Files\JetBrains\PyCharm Community Edition 2021.2.3\bin;;C:\Users\Anjan Karmakar\AppData\Local\Programs\Microsoft VS Code\bin;C:\Users\Anjan Karmakar\AppData\Local\Programs\oh-my-posh\bin;C:\Users\Anjan Karmakar\AppData\Local\Programs\oh-my-posh\themes;C:\Exercism;C:\Program Files\JetBrains\IntelliJ IDEA Educational Edition 2021.3.2\bin;;C:\Program Files\heroku\bin;C:\Users\Anjan Karmakar\AppData\Roaming\npm
USERNAME=Anjan Karmakar
OS=Windows_NT
PROCESSOR_IDENTIFIER=AMD64 Family 23 Model 24 Stepping 1, AuthenticAMD



---------------  S Y S T E M  ---------------

OS: Windows 10 , 64 bit Build 19041 (10.0.19041.1566)
OS uptime: 0 days 1:50 hours
Hyper-V role detected

CPU:total 4 (initial active 4) (4 cores per cpu, 1 threads per core) family 23 model 24 stepping 1 microcode 0x0, cmov, cx8, fxsr, mmx, sse, sse2, sse3, ssse3, sse4.1, sse4.2, popcnt, avx, avx2, aes, clmul, mmxext, 3dnowpref, lzcnt, sse4a, tsc, tscinvbit, tscinv, bmi1, bmi2, adx, sha, 

Memory: 4k page, system-wide physical 6092M (1358M free)
TotalPageFile size 10188M (AvailPageFile size 0M)
current process WorkingSet (physical memory assigned to process): 262M, peak: 418M
current process commit charge ("private bytes"): 440M, peak: 455M

vm_info: OpenJDK 64-Bit Server VM (11.0.11+9-b60-7590822) for windows-amd64 JRE (11.0.11+9-b60-7590822), built on Jul 29 2021 21:43:44 by "builder" with MS VC++ 14.0 (VS2015)

END.
