#
# There is insufficient memory for the Java Runtime Environment to continue.
# Native memory allocation (malloc) failed to allocate 981456 bytes for Chunk::new
# Possible reasons:
#   The system is out of physical RAM or swap space
#   The process is running with CompressedOops enabled, and the Java Heap may be blocking the growth of the native heap
# Possible solutions:
#   Reduce memory load on the system
#   Increase physical memory or swap space
#   Check if swap backing store is full
#   Decrease Java heap size (-Xmx/-Xms)
#   Decrease number of Java threads
#   Decrease Java thread stack sizes (-Xss)
#   Set larger code cache with -XX:ReservedCodeCacheSize=
#   JVM is running with Unscaled Compressed Oops mode in which the Java heap is
#     placed in the first 4GB address space. The Java Heap base address is the
#     maximum limit for the native heap growth. Please use -XX:HeapBaseMinAddress
#     to set the Java Heap base and to place the Java Heap above 4GB virtual address.
# This output file may be truncated or incomplete.
#
#  Out of Memory Error (./src/hotspot/share/memory/arena.cpp:197), pid=5876, tid=5144
#
# JRE version: OpenJDK Runtime Environment (11.0.11+9) (build 11.0.11+9-b60-7590822)
# Java VM: OpenJDK 64-Bit Server VM (11.0.11+9-b60-7590822, mixed mode, tiered, compressed oops, g1 gc, windows-amd64)
# No core dump will be written. Minidumps are not enabled by default on client versions of Windows
#

---------------  S U M M A R Y ------------

Command Line: --add-opens=java.base/java.util=ALL-UNNAMED --add-opens=java.base/java.lang=ALL-UNNAMED --add-opens=java.base/java.lang.invoke=ALL-UNNAMED --add-opens=java.base/java.util=ALL-UNNAMED --add-opens=java.prefs/java.util.prefs=ALL-UNNAMED --add-opens=java.prefs/java.util.prefs=ALL-UNNAMED --add-opens=java.base/java.nio.charset=ALL-UNNAMED --add-opens=java.base/java.net=ALL-UNNAMED --add-opens=java.base/java.util.concurrent.atomic=ALL-UNNAMED -Xmx2048m -Dfile.encoding=UTF-8 -Duser.country=US -Duser.language=en -Duser.variant org.gradle.launcher.daemon.bootstrap.GradleDaemon 7.2

Host: AMD Ryzen 3 3200G with Radeon Vega Graphics    , 4 cores, 5G,  Windows 10 , 64 bit Build 19041 (10.0.19041.1566)
Time: Tue Mar 22 09:09:15 2022 Bangladesh Standard Time elapsed time: 18.671677 seconds (0d 0h 0m 18s)

---------------  T H R E A D  ---------------

Current thread (0x0000024c59075000):  JavaThread "C2 CompilerThread0" daemon [_thread_in_native, id=5144, stack(0x000000cc8f600000,0x000000cc8f700000)]


Current CompileTask:
C2:  18671 8831       4       java.net.URLClassLoader$1::run (5 bytes)

Stack: [0x000000cc8f600000,0x000000cc8f700000]
Native frames: (J=compiled Java code, j=interpreted, Vv=VM code, C=native code)
V  [jvm.dll+0x5f214a]
V  [jvm.dll+0x726fb5]
V  [jvm.dll+0x7285cd]
V  [jvm.dll+0x728c83]
V  [jvm.dll+0x243278]
V  [jvm.dll+0xbc53c]
V  [jvm.dll+0xbca3c]
V  [jvm.dll+0x353e7d]
V  [jvm.dll+0x321893]
V  [jvm.dll+0x320d8a]
V  [jvm.dll+0x1fc1e2]
V  [jvm.dll+0x1fb3d4]
V  [jvm.dll+0x183d6c]
V  [jvm.dll+0x209a57]
V  [jvm.dll+0x2082a1]
V  [jvm.dll+0x6ef58f]
V  [jvm.dll+0x6e80b5]
V  [jvm.dll+0x5f1036]
C  [ucrtbase.dll+0x21bb2]
C  [KERNEL32.DLL+0x17034]
C  [ntdll.dll+0x52651]


---------------  P R O C E S S  ---------------

Threads class SMR info:
_java_thread_list=0x0000024c5e7d1350, length=86, elements={
0x0000024c3d33e000, 0x0000024c59058000, 0x0000024c5905b800, 0x0000024c59a02800,
0x0000024c59a03800, 0x0000024c59074000, 0x0000024c59075000, 0x0000024c59080000,
0x0000024c59085800, 0x0000024c59b3c000, 0x0000024c59b3e800, 0x0000024c59b3e000,
0x0000024c59b3a000, 0x0000024c59b40800, 0x0000024c59b3f800, 0x0000024c59b3a800,
0x0000024c59b3d000, 0x0000024c59b3b800, 0x0000024c5ba52800, 0x0000024c5ba53000,
0x0000024c5ba58000, 0x0000024c5ba59000, 0x0000024c5ba5a000, 0x0000024c5ba55000,
0x0000024c5ba55800, 0x0000024c5ba54000, 0x0000024c5ba5c000, 0x0000024c5ba56800,
0x0000024c5ba57800, 0x0000024c5ba5f800, 0x0000024c5ba5a800, 0x0000024c5ba61000,
0x0000024c5ba5e800, 0x0000024c5c3de800, 0x0000024c5c3dc000, 0x0000024c5c3da800,
0x0000024c5c3db000, 0x0000024c5c3df000, 0x0000024c5c3e0000, 0x0000024c5c3e1800,
0x0000024c5c3e2800, 0x0000024c5c3e1000, 0x0000024c5c3dd800, 0x0000024c5c3dc800,
0x0000024c5c3e5000, 0x0000024c5c3e9000, 0x0000024c5c3e4000, 0x0000024c5c3e3800,
0x0000024c5c3e5800, 0x0000024c5c3e6800, 0x0000024c5c3e7800, 0x0000024c5c3e8000,
0x0000024c5c5bd800, 0x0000024c5c5bf800, 0x0000024c5c5c1000, 0x0000024c5c5be800,
0x0000024c5c5c2000, 0x0000024c5c5c2800, 0x0000024c5c5c0000, 0x0000024c5c5bd000,
0x0000024c5c5c3800, 0x0000024c5e080000, 0x0000024c5e084000, 0x0000024c5e080800,
0x0000024c5e083000, 0x0000024c5e081800, 0x0000024c5e082800, 0x0000024c5e07f000,
0x0000024c5e088000, 0x0000024c5e089000, 0x0000024c5e085800, 0x0000024c5e086800,
0x0000024c5e085000, 0x0000024c5e08c000, 0x0000024c5e08d000, 0x0000024c5e087000,
0x0000024c5e08e000, 0x0000024c5e089800, 0x0000024c5c1ed800, 0x0000024c6301a800,
0x0000024c63015800, 0x0000024c63017000, 0x0000024c63018000, 0x0000024c6301c000,
0x0000024c6301b800, 0x0000024c63016800
}

Java Threads: ( => current thread )
  0x0000024c3d33e000 JavaThread "main" [_thread_blocked, id=3192, stack(0x000000cc8ea00000,0x000000cc8eb00000)]
  0x0000024c59058000 JavaThread "Reference Handler" daemon [_thread_blocked, id=2092, stack(0x000000cc8f100000,0x000000cc8f200000)]
  0x0000024c5905b800 JavaThread "Finalizer" daemon [_thread_blocked, id=5248, stack(0x000000cc8f200000,0x000000cc8f300000)]
  0x0000024c59a02800 JavaThread "Signal Dispatcher" daemon [_thread_blocked, id=4504, stack(0x000000cc8f300000,0x000000cc8f400000)]
  0x0000024c59a03800 JavaThread "Attach Listener" daemon [_thread_blocked, id=3380, stack(0x000000cc8f400000,0x000000cc8f500000)]
  0x0000024c59074000 JavaThread "Service Thread" daemon [_thread_blocked, id=256, stack(0x000000cc8f500000,0x000000cc8f600000)]
=>0x0000024c59075000 JavaThread "C2 CompilerThread0" daemon [_thread_in_native, id=5144, stack(0x000000cc8f600000,0x000000cc8f700000)]
  0x0000024c59080000 JavaThread "C1 CompilerThread0" daemon [_thread_blocked, id=4036, stack(0x000000cc8f700000,0x000000cc8f800000)]
  0x0000024c59085800 JavaThread "Sweeper thread" daemon [_thread_blocked, id=8204, stack(0x000000cc8f800000,0x000000cc8f900000)]
  0x0000024c59b3c000 JavaThread "Common-Cleaner" daemon [_thread_blocked, id=6024, stack(0x000000cc8f900000,0x000000cc8fa00000)]
  0x0000024c59b3e800 JavaThread "Daemon health stats" [_thread_blocked, id=5348, stack(0x000000cc8fd00000,0x000000cc8fe00000)]
  0x0000024c59b3e000 JavaThread "Incoming local TCP Connector on port 58718" [_thread_in_native, id=10236, stack(0x000000cc8fb00000,0x000000cc8fc00000)]
  0x0000024c59b3a000 JavaThread "Daemon periodic checks" [_thread_blocked, id=2400, stack(0x000000cc8fe00000,0x000000cc8ff00000)]
  0x0000024c59b40800 JavaThread "Daemon" [_thread_blocked, id=2872, stack(0x000000cc8ff00000,0x000000cc90000000)]
  0x0000024c59b3f800 JavaThread "Handler for socket connection from /127.0.0.1:58718 to /127.0.0.1:58719" [_thread_in_native, id=9396, stack(0x000000cc90000000,0x000000cc90100000)]
  0x0000024c59b3a800 JavaThread "Cancel handler" [_thread_blocked, id=8360, stack(0x000000cc90100000,0x000000cc90200000)]
  0x0000024c59b3d000 JavaThread "Daemon worker" [_thread_blocked, id=1028, stack(0x000000cc90200000,0x000000cc90300000)]
  0x0000024c59b3b800 JavaThread "Asynchronous log dispatcher for DefaultDaemonConnection: socket connection from /127.0.0.1:58718 to /127.0.0.1:58719" [_thread_blocked, id=2600, stack(0x000000cc90300000,0x000000cc90400000)]
  0x0000024c5ba52800 JavaThread "Stdin handler" [_thread_blocked, id=7144, stack(0x000000cc90400000,0x000000cc90500000)]
  0x0000024c5ba53000 JavaThread "Daemon client event forwarder" [_thread_blocked, id=6240, stack(0x000000cc90500000,0x000000cc90600000)]
  0x0000024c5ba58000 JavaThread "Cache worker for journal cache (C:\Users\Anjan Karmakar\.gradle\caches\journal-1)" [_thread_blocked, id=8956, stack(0x000000cc90800000,0x000000cc90900000)]
  0x0000024c5ba59000 JavaThread "File lock request listener" [_thread_in_native, id=8452, stack(0x000000cc90900000,0x000000cc90a00000)]
  0x0000024c5ba5a000 JavaThread "Cache worker for file hash cache (C:\Users\Anjan Karmakar\.gradle\caches\7.2\fileHashes)" [_thread_blocked, id=9796, stack(0x000000cc90a00000,0x000000cc90b00000)]
  0x0000024c5ba55000 JavaThread "Cache worker for file hash cache (C:\Users\Anjan Karmakar\Android Studio Projects\MYTODOLIST2.0\.gradle\7.2\fileHashes)" [_thread_blocked, id=7452, stack(0x000000cc90c00000,0x000000cc90d00000)]
  0x0000024c5ba55800 JavaThread "File watcher server" daemon [_thread_in_Java, id=6676, stack(0x000000cc90d00000,0x000000cc90e00000)]
  0x0000024c5ba54000 JavaThread "File watcher consumer" daemon [_thread_blocked, id=9132, stack(0x000000cc90e00000,0x000000cc90f00000)]
  0x0000024c5ba5c000 JavaThread "Cache worker for checksums cache (C:\Users\Anjan Karmakar\Android Studio Projects\MYTODOLIST2.0\.gradle\checksums)" [_thread_blocked, id=6232, stack(0x000000cc90f00000,0x000000cc91000000)]
  0x0000024c5ba56800 JavaThread "Cache worker for cache directory md-supplier (C:\Users\Anjan Karmakar\.gradle\caches\7.2\md-supplier)" [_thread_blocked, id=2096, stack(0x000000cc91000000,0x000000cc91100000)]
  0x0000024c5ba57800 JavaThread "Cache worker for cache directory md-rule (C:\Users\Anjan Karmakar\.gradle\caches\7.2\md-rule)" [_thread_blocked, id=3964, stack(0x000000cc91100000,0x000000cc91200000)]
  0x0000024c5ba5f800 JavaThread "Cache worker for execution history cache (C:\Users\Anjan Karmakar\.gradle\caches\7.2\executionHistory)" [_thread_blocked, id=6164, stack(0x000000cc91200000,0x000000cc91300000)]
  0x0000024c5ba5a800 JavaThread "jar transforms" [_thread_blocked, id=3700, stack(0x000000cc91300000,0x000000cc91400000)]
  0x0000024c5ba61000 JavaThread "Cache worker for file content cache (C:\Users\Anjan Karmakar\.gradle\caches\7.2\fileContent)" [_thread_blocked, id=8292, stack(0x000000cc91400000,0x000000cc91500000)]
  0x0000024c5ba5e800 JavaThread "jar transforms Thread 2" [_thread_blocked, id=1940, stack(0x000000cc91500000,0x000000cc91600000)]
  0x0000024c5c3de800 JavaThread "Cache worker for dependencies-accessors (C:\Users\Anjan Karmakar\Android Studio Projects\MYTODOLIST2.0\.gradle\7.2\dependencies-accessors)" [_thread_blocked, id=2036, stack(0x000000cc91600000,0x000000cc91700000)]
  0x0000024c5c3dc000 JavaThread "jar transforms Thread 3" [_thread_blocked, id=4800, stack(0x000000cc91700000,0x000000cc91800000)]
  0x0000024c5c3da800 JavaThread "Cache worker for Build Output Cleanup Cache (C:\Users\Anjan Karmakar\Android Studio Projects\MYTODOLIST2.0\.gradle\buildOutputCleanup)" [_thread_blocked, id=8716, stack(0x000000cc91800000,0x000000cc91900000)]
  0x0000024c5c3db000 JavaThread "Unconstrained build operations" [_thread_blocked, id=6244, stack(0x000000cc91900000,0x000000cc91a00000)]
  0x0000024c5c3df000 JavaThread "Unconstrained build operations Thread 2" [_thread_blocked, id=2532, stack(0x000000cc91a00000,0x000000cc91b00000)]
  0x0000024c5c3e0000 JavaThread "Unconstrained build operations Thread 3" [_thread_blocked, id=6216, stack(0x000000cc91b00000,0x000000cc91c00000)]
  0x0000024c5c3e1800 JavaThread "Unconstrained build operations Thread 4" [_thread_blocked, id=6876, stack(0x000000cc91c00000,0x000000cc91d00000)]
  0x0000024c5c3e2800 JavaThread "Unconstrained build operations Thread 5" [_thread_blocked, id=4868, stack(0x000000cc91d00000,0x000000cc91e00000)]
  0x0000024c5c3e1000 JavaThread "Unconstrained build operations Thread 6" [_thread_blocked, id=4688, stack(0x000000cc91e00000,0x000000cc91f00000)]
  0x0000024c5c3dd800 JavaThread "Unconstrained build operations Thread 7" [_thread_blocked, id=8840, stack(0x000000cc91f00000,0x000000cc92000000)]
  0x0000024c5c3dc800 JavaThread "Unconstrained build operations Thread 8" [_thread_blocked, id=60, stack(0x000000cc92000000,0x000000cc92100000)]
  0x0000024c5c3e5000 JavaThread "Unconstrained build operations Thread 9" [_thread_blocked, id=5224, stack(0x000000cc92100000,0x000000cc92200000)]
  0x0000024c5c3e9000 JavaThread "Unconstrained build operations Thread 10" [_thread_blocked, id=5908, stack(0x000000cc92200000,0x000000cc92300000)]
  0x0000024c5c3e4000 JavaThread "Unconstrained build operations Thread 11" [_thread_blocked, id=9096, stack(0x000000cc92300000,0x000000cc92400000)]
  0x0000024c5c3e3800 JavaThread "Unconstrained build operations Thread 12" [_thread_blocked, id=3936, stack(0x000000cc92400000,0x000000cc92500000)]
  0x0000024c5c3e5800 JavaThread "Unconstrained build operations Thread 13" [_thread_blocked, id=1696, stack(0x000000cc92500000,0x000000cc92600000)]
  0x0000024c5c3e6800 JavaThread "Unconstrained build operations Thread 14" [_thread_blocked, id=3004, stack(0x000000cc92600000,0x000000cc92700000)]
  0x0000024c5c3e7800 JavaThread "Unconstrained build operations Thread 15" [_thread_blocked, id=1848, stack(0x000000cc92700000,0x000000cc92800000)]
  0x0000024c5c3e8000 JavaThread "Unconstrained build operations Thread 16" [_thread_blocked, id=6524, stack(0x000000cc92800000,0x000000cc92900000)]
  0x0000024c5c5bd800 JavaThread "Unconstrained build operations Thread 17" [_thread_blocked, id=5384, stack(0x000000cc92900000,0x000000cc92a00000)]
  0x0000024c5c5bf800 JavaThread "Unconstrained build operations Thread 18" [_thread_blocked, id=7208, stack(0x000000cc92a00000,0x000000cc92b00000)]
  0x0000024c5c5c1000 JavaThread "Unconstrained build operations Thread 19" [_thread_blocked, id=9044, stack(0x000000cc92b00000,0x000000cc92c00000)]
  0x0000024c5c5be800 JavaThread "Unconstrained build operations Thread 20" [_thread_blocked, id=4264, stack(0x000000cc92c00000,0x000000cc92d00000)]
  0x0000024c5c5c2000 JavaThread "Unconstrained build operations Thread 21" [_thread_blocked, id=6652, stack(0x000000cc92d00000,0x000000cc92e00000)]
  0x0000024c5c5c2800 JavaThread "Unconstrained build operations Thread 22" [_thread_blocked, id=9620, stack(0x000000cc92e00000,0x000000cc92f00000)]
  0x0000024c5c5c0000 JavaThread "Unconstrained build operations Thread 23" [_thread_blocked, id=8892, stack(0x000000cc92f00000,0x000000cc93000000)]
  0x0000024c5c5bd000 JavaThread "Unconstrained build operations Thread 24" [_thread_blocked, id=3344, stack(0x000000cc93000000,0x000000cc93100000)]
  0x0000024c5c5c3800 JavaThread "Unconstrained build operations Thread 25" [_thread_blocked, id=4288, stack(0x000000cc93100000,0x000000cc93200000)]
  0x0000024c5e080000 JavaThread "Unconstrained build operations Thread 26" [_thread_blocked, id=6636, stack(0x000000cc93200000,0x000000cc93300000)]
  0x0000024c5e084000 JavaThread "Unconstrained build operations Thread 27" [_thread_blocked, id=9392, stack(0x000000cc93300000,0x000000cc93400000)]
  0x0000024c5e080800 JavaThread "Unconstrained build operations Thread 28" [_thread_blocked, id=7736, stack(0x000000cc93400000,0x000000cc93500000)]
  0x0000024c5e083000 JavaThread "Unconstrained build operations Thread 29" [_thread_blocked, id=8460, stack(0x000000cc93500000,0x000000cc93600000)]
  0x0000024c5e081800 JavaThread "Unconstrained build operations Thread 30" [_thread_blocked, id=8600, stack(0x000000cc93600000,0x000000cc93700000)]
  0x0000024c5e082800 JavaThread "Unconstrained build operations Thread 31" [_thread_blocked, id=5528, stack(0x000000cc93700000,0x000000cc93800000)]
  0x0000024c5e07f000 JavaThread "Unconstrained build operations Thread 32" [_thread_blocked, id=8432, stack(0x000000cc93800000,0x000000cc93900000)]
  0x0000024c5e088000 JavaThread "Unconstrained build operations Thread 33" [_thread_blocked, id=8908, stack(0x000000cc93900000,0x000000cc93a00000)]
  0x0000024c5e089000 JavaThread "Unconstrained build operations Thread 34" [_thread_blocked, id=5464, stack(0x000000cc93a00000,0x000000cc93b00000)]
  0x0000024c5e085800 JavaThread "Unconstrained build operations Thread 35" [_thread_blocked, id=8196, stack(0x000000cc93b00000,0x000000cc93c00000)]
  0x0000024c5e086800 JavaThread "Unconstrained build operations Thread 36" [_thread_blocked, id=1700, stack(0x000000cc93c00000,0x000000cc93d00000)]
  0x0000024c5e085000 JavaThread "Unconstrained build operations Thread 37" [_thread_blocked, id=8624, stack(0x000000cc93d00000,0x000000cc93e00000)]
  0x0000024c5e08c000 JavaThread "Unconstrained build operations Thread 38" [_thread_blocked, id=3984, stack(0x000000cc93e00000,0x000000cc93f00000)]
  0x0000024c5e08d000 JavaThread "Unconstrained build operations Thread 39" [_thread_blocked, id=5716, stack(0x000000cc93f00000,0x000000cc94000000)]
  0x0000024c5e087000 JavaThread "Unconstrained build operations Thread 40" [_thread_blocked, id=2248, stack(0x000000cc94000000,0x000000cc94100000)]
  0x0000024c5e08e000 JavaThread "jar transforms Thread 4" [_thread_blocked, id=2140, stack(0x000000cc94100000,0x000000cc94200000)]
  0x0000024c5e089800 JavaThread "Memory manager" [_thread_blocked, id=9948, stack(0x000000cc94200000,0x000000cc94300000)]
  0x0000024c5c1ed800 JavaThread "C2 CompilerThread1" daemon [_thread_in_native, id=6976, stack(0x000000cc90b00000,0x000000cc90c00000)]
  0x0000024c6301a800 JavaThread "build event listener" [_thread_blocked, id=9880, stack(0x000000cc94300000,0x000000cc94400000)]
  0x0000024c63015800 JavaThread "pool-3-thread-1" [_thread_blocked, id=3252, stack(0x000000cc94400000,0x000000cc94500000)]
  0x0000024c63017000 JavaThread "build event listener" [_thread_blocked, id=8120, stack(0x000000cc94500000,0x000000cc94600000)]
  0x0000024c63018000 JavaThread "Execution worker for ':'" [_thread_blocked, id=7004, stack(0x000000cc94600000,0x000000cc94700000)]
  0x0000024c6301c000 JavaThread "Execution worker for ':' Thread 2" [_thread_in_native, id=1924, stack(0x000000cc94700000,0x000000cc94800000)]
  0x0000024c6301b800 JavaThread "Execution worker for ':' Thread 3" [_thread_blocked, id=4296, stack(0x000000cc94800000,0x000000cc94900000)]
  0x0000024c63016800 JavaThread "Cache worker for execution history cache (C:\Users\Anjan Karmakar\Android Studio Projects\MYTODOLIST2.0\.gradle\7.2\executionHistory)" [_thread_blocked, id=8296, stack(0x000000cc94900000,0x000000cc94a00000)]

Other Threads:
  0x0000024c59054000 VMThread "VM Thread" [stack: 0x000000cc8f000000,0x000000cc8f100000] [id=5416]
  0x0000024c59b7c800 WatcherThread [stack: 0x000000cc8fa00000,0x000000cc8fb00000] [id=2376]
  0x0000024c3f4a5800 GCTaskThread "GC Thread#0" [stack: 0x000000cc8eb00000,0x000000cc8ec00000] [id=9736]
  0x0000024c59a64000 GCTaskThread "GC Thread#1" [stack: 0x000000cc8fc00000,0x000000cc8fd00000] [id=5864]
  0x0000024c59a60000 GCTaskThread "GC Thread#2" [stack: 0x000000cc90600000,0x000000cc90700000] [id=8488]
  0x0000024c59a65000 GCTaskThread "GC Thread#3" [stack: 0x000000cc90700000,0x000000cc90800000] [id=5072]
  0x0000024c3f4d8000 ConcurrentGCThread "G1 Main Marker" [stack: 0x000000cc8ec00000,0x000000cc8ed00000] [id=7964]
  0x0000024c3f4db000 ConcurrentGCThread "G1 Conc#0" [stack: 0x000000cc8ed00000,0x000000cc8ee00000] [id=5572]
  0x0000024c3f54b000 ConcurrentGCThread "G1 Refine#0" [stack: 0x000000cc8ee00000,0x000000cc8ef00000] [id=1956]
  0x0000024c3f54c000 ConcurrentGCThread "G1 Young RemSet Sampling" [stack: 0x000000cc8ef00000,0x000000cc8f000000] [id=1960]

Threads with active compile tasks:
C2 CompilerThread0  18686 8831       4       java.net.URLClassLoader$1::run (5 bytes)
C2 CompilerThread1  18686 8909   !   4       org.gradle.api.internal.attributes.DefaultImmutableAttributesFactory::doConcatIsolatable (128 bytes)

VM state:not at safepoint (normal execution)

VM Mutex/Monitor currently owned by a thread: None

Heap address: 0x0000000080000000, size: 2048 MB, Compressed Oops mode: 32-bit
Narrow klass base: 0x0000000000000000, Narrow klass shift: 3
Compressed class space size: 1073741824 Address: 0x0000000100000000

Heap:
 garbage-first heap   total 118784K, used 92128K [0x0000000080000000, 0x0000000100000000)
  region size 1024K, 19 young (19456K), 4 survivors (4096K)
 Metaspace       used 87130K, capacity 89156K, committed 89180K, reserved 1126400K
  class space    used 11231K, capacity 12018K, committed 12032K, reserved 1048576K
Heap Regions: E=young(eden), S=young(survivor), O=old, HS=humongous(starts), HC=humongous(continues), CS=collection set, F=free, A=archive, TAMS=top-at-mark-start (previous, next)
|   0|0x0000000080000000, 0x0000000080100000, 0x0000000080100000|100%|HS|  |TAMS 0x0000000080100000, 0x0000000080000000| Complete 
|   1|0x0000000080100000, 0x0000000080200000, 0x0000000080200000|100%|HC|  |TAMS 0x0000000080200000, 0x0000000080100000| Complete 
|   2|0x0000000080200000, 0x0000000080300000, 0x0000000080300000|100%|HC|  |TAMS 0x0000000080300000, 0x0000000080200000| Complete 
|   3|0x0000000080300000, 0x0000000080400000, 0x0000000080400000|100%| O|  |TAMS 0x0000000080400000, 0x0000000080300000| Untracked 
|   4|0x0000000080400000, 0x0000000080500000, 0x0000000080500000|100%| O|  |TAMS 0x0000000080500000, 0x0000000080400000| Untracked 
|   5|0x0000000080500000, 0x0000000080600000, 0x0000000080600000|100%| O|  |TAMS 0x0000000080600000, 0x0000000080500000| Untracked 
|   6|0x0000000080600000, 0x0000000080700000, 0x0000000080700000|100%| O|  |TAMS 0x0000000080700000, 0x0000000080600000| Untracked 
|   7|0x0000000080700000, 0x0000000080800000, 0x0000000080800000|100%| O|  |TAMS 0x0000000080800000, 0x0000000080700000| Untracked 
|   8|0x0000000080800000, 0x0000000080900000, 0x0000000080900000|100%| O|  |TAMS 0x0000000080900000, 0x0000000080800000| Untracked 
|   9|0x0000000080900000, 0x0000000080a00000, 0x0000000080a00000|100%| O|  |TAMS 0x0000000080a00000, 0x0000000080900000| Untracked 
|  10|0x0000000080a00000, 0x0000000080b00000, 0x0000000080b00000|100%| O|  |TAMS 0x0000000080b00000, 0x0000000080a00000| Untracked 
|  11|0x0000000080b00000, 0x0000000080c00000, 0x0000000080c00000|100%| O|  |TAMS 0x0000000080c00000, 0x0000000080b00000| Untracked 
|  12|0x0000000080c00000, 0x0000000080d00000, 0x0000000080d00000|100%| O|  |TAMS 0x0000000080d00000, 0x0000000080c00000| Untracked 
|  13|0x0000000080d00000, 0x0000000080e00000, 0x0000000080e00000|100%| O|  |TAMS 0x0000000080e00000, 0x0000000080d00000| Untracked 
|  14|0x0000000080e00000, 0x0000000080f00000, 0x0000000080f00000|100%| O|  |TAMS 0x0000000080f00000, 0x0000000080e00000| Untracked 
|  15|0x0000000080f00000, 0x0000000081000000, 0x0000000081000000|100%| O|  |TAMS 0x0000000081000000, 0x0000000080f00000| Untracked 
|  16|0x0000000081000000, 0x0000000081100000, 0x0000000081100000|100%| O|  |TAMS 0x0000000081100000, 0x0000000081000000| Untracked 
|  17|0x0000000081100000, 0x0000000081200000, 0x0000000081200000|100%| O|  |TAMS 0x0000000081200000, 0x0000000081100000| Untracked 
|  18|0x0000000081200000, 0x0000000081300000, 0x0000000081300000|100%| O|  |TAMS 0x0000000081300000, 0x0000000081200000| Untracked 
|  19|0x0000000081300000, 0x0000000081400000, 0x0000000081400000|100%| O|  |TAMS 0x0000000081400000, 0x0000000081300000| Untracked 
|  20|0x0000000081400000, 0x0000000081500000, 0x0000000081500000|100%| O|  |TAMS 0x0000000081500000, 0x0000000081400000| Untracked 
|  21|0x0000000081500000, 0x0000000081600000, 0x0000000081600000|100%| O|  |TAMS 0x0000000081600000, 0x0000000081500000| Untracked 
|  22|0x0000000081600000, 0x0000000081700000, 0x0000000081700000|100%| O|  |TAMS 0x0000000081700000, 0x0000000081600000| Untracked 
|  23|0x0000000081700000, 0x0000000081800000, 0x0000000081800000|100%|HS|  |TAMS 0x0000000081800000, 0x0000000081700000| Complete 
|  24|0x0000000081800000, 0x0000000081900000, 0x0000000081900000|100%| O|  |TAMS 0x0000000081900000, 0x0000000081800000| Untracked 
|  25|0x0000000081900000, 0x0000000081a00000, 0x0000000081a00000|100%| O|  |TAMS 0x0000000081a00000, 0x0000000081900000| Untracked 
|  26|0x0000000081a00000, 0x0000000081b00000, 0x0000000081b00000|100%| O|  |TAMS 0x0000000081b00000, 0x0000000081a00000| Untracked 
|  27|0x0000000081b00000, 0x0000000081c00000, 0x0000000081c00000|100%|HS|  |TAMS 0x0000000081c00000, 0x0000000081b00000| Complete 
|  28|0x0000000081c00000, 0x0000000081d00000, 0x0000000081d00000|100%|HS|  |TAMS 0x0000000081d00000, 0x0000000081c00000| Complete 
|  29|0x0000000081d00000, 0x0000000081e00000, 0x0000000081e00000|100%| O|  |TAMS 0x0000000081e00000, 0x0000000081d00000| Untracked 
|  30|0x0000000081e00000, 0x0000000081f00000, 0x0000000081f00000|100%| O|  |TAMS 0x0000000081f00000, 0x0000000081e00000| Untracked 
|  31|0x0000000081f00000, 0x0000000082000000, 0x0000000082000000|100%| O|  |TAMS 0x0000000082000000, 0x0000000081f00000| Untracked 
|  32|0x0000000082000000, 0x0000000082100000, 0x0000000082100000|100%|HS|  |TAMS 0x0000000082100000, 0x0000000082000000| Complete 
|  33|0x0000000082100000, 0x0000000082200000, 0x0000000082200000|100%|HC|  |TAMS 0x0000000082200000, 0x0000000082100000| Complete 
|  34|0x0000000082200000, 0x0000000082300000, 0x0000000082300000|100%|HC|  |TAMS 0x0000000082300000, 0x0000000082200000| Complete 
|  35|0x0000000082300000, 0x0000000082400000, 0x0000000082400000|100%|HS|  |TAMS 0x0000000082400000, 0x0000000082300000| Complete 
|  36|0x0000000082400000, 0x0000000082500000, 0x0000000082500000|100%|HS|  |TAMS 0x0000000082500000, 0x0000000082400000| Complete 
|  37|0x0000000082500000, 0x0000000082600000, 0x0000000082600000|100%|HC|  |TAMS 0x0000000082600000, 0x0000000082500000| Complete 
|  38|0x0000000082600000, 0x0000000082700000, 0x0000000082700000|100%| O|  |TAMS 0x0000000082700000, 0x0000000082600000| Untracked 
|  39|0x0000000082700000, 0x0000000082800000, 0x0000000082800000|100%| O|  |TAMS 0x0000000082800000, 0x0000000082700000| Untracked 
|  40|0x0000000082800000, 0x0000000082900000, 0x0000000082900000|100%| O|  |TAMS 0x0000000082900000, 0x0000000082800000| Untracked 
|  41|0x0000000082900000, 0x0000000082a00000, 0x0000000082a00000|100%| O|  |TAMS 0x0000000082a00000, 0x0000000082900000| Untracked 
|  42|0x0000000082a00000, 0x0000000082b00000, 0x0000000082b00000|100%| O|  |TAMS 0x0000000082b00000, 0x0000000082a00000| Untracked 
|  43|0x0000000082b00000, 0x0000000082c00000, 0x0000000082c00000|100%| O|  |TAMS 0x0000000082c00000, 0x0000000082b00000| Untracked 
|  44|0x0000000082c00000, 0x0000000082d00000, 0x0000000082d00000|100%| O|  |TAMS 0x0000000082d00000, 0x0000000082c00000| Untracked 
|  45|0x0000000082d00000, 0x0000000082e00000, 0x0000000082e00000|100%| O|  |TAMS 0x0000000082e00000, 0x0000000082d00000| Untracked 
|  46|0x0000000082e00000, 0x0000000082f00000, 0x0000000082f00000|100%| O|  |TAMS 0x0000000082f00000, 0x0000000082e00000| Untracked 
|  47|0x0000000082f00000, 0x0000000083000000, 0x0000000083000000|100%| O|  |TAMS 0x0000000083000000, 0x0000000082f00000| Untracked 
|  48|0x0000000083000000, 0x0000000083100000, 0x0000000083100000|100%| O|  |TAMS 0x0000000083100000, 0x0000000083000000| Untracked 
|  49|0x0000000083100000, 0x0000000083200000, 0x0000000083200000|100%| O|  |TAMS 0x0000000083200000, 0x0000000083100000| Untracked 
|  50|0x0000000083200000, 0x0000000083300000, 0x0000000083300000|100%| O|  |TAMS 0x0000000083300000, 0x0000000083200000| Untracked 
|  51|0x0000000083300000, 0x0000000083400000, 0x0000000083400000|100%| O|  |TAMS 0x0000000083400000, 0x0000000083300000| Untracked 
|  52|0x0000000083400000, 0x0000000083500000, 0x0000000083500000|100%| O|  |TAMS 0x0000000083500000, 0x0000000083400000| Untracked 
|  53|0x0000000083500000, 0x0000000083600000, 0x0000000083600000|100%| O|  |TAMS 0x0000000083600000, 0x0000000083500000| Untracked 
|  54|0x0000000083600000, 0x0000000083700000, 0x0000000083700000|100%| O|  |TAMS 0x0000000083700000, 0x0000000083600000| Untracked 
|  55|0x0000000083700000, 0x0000000083800000, 0x0000000083800000|100%| O|  |TAMS 0x0000000083800000, 0x0000000083700000| Untracked 
|  56|0x0000000083800000, 0x0000000083900000, 0x0000000083900000|100%| O|  |TAMS 0x0000000083900000, 0x0000000083800000| Untracked 
|  57|0x0000000083900000, 0x0000000083a00000, 0x0000000083a00000|100%| O|  |TAMS 0x0000000083a00000, 0x0000000083900000| Untracked 
|  58|0x0000000083a00000, 0x0000000083b00000, 0x0000000083b00000|100%| O|  |TAMS 0x0000000083b00000, 0x0000000083a00000| Untracked 
|  59|0x0000000083b00000, 0x0000000083c00000, 0x0000000083c00000|100%| O|  |TAMS 0x0000000083c00000, 0x0000000083b00000| Untracked 
|  60|0x0000000083c00000, 0x0000000083d00000, 0x0000000083d00000|100%| O|  |TAMS 0x0000000083d00000, 0x0000000083c00000| Untracked 
|  61|0x0000000083d00000, 0x0000000083e00000, 0x0000000083e00000|100%| O|  |TAMS 0x0000000083e00000, 0x0000000083d00000| Untracked 
|  62|0x0000000083e00000, 0x0000000083f00000, 0x0000000083f00000|100%| O|  |TAMS 0x0000000083f00000, 0x0000000083e00000| Untracked 
|  63|0x0000000083f00000, 0x0000000084000000, 0x0000000084000000|100%| O|  |TAMS 0x0000000084000000, 0x0000000083f00000| Untracked 
|  64|0x0000000084000000, 0x0000000084100000, 0x0000000084100000|100%| O|  |TAMS 0x0000000084100000, 0x0000000084000000| Untracked 
|  65|0x0000000084100000, 0x0000000084200000, 0x0000000084200000|100%| O|  |TAMS 0x0000000084200000, 0x0000000084100000| Untracked 
|  66|0x0000000084200000, 0x0000000084300000, 0x0000000084300000|100%| O|  |TAMS 0x0000000084300000, 0x0000000084200000| Untracked 
|  67|0x0000000084300000, 0x0000000084400000, 0x0000000084400000|100%| O|  |TAMS 0x0000000084400000, 0x0000000084300000| Untracked 
|  68|0x0000000084400000, 0x0000000084500000, 0x0000000084500000|100%| O|  |TAMS 0x00000000844a4000, 0x0000000084400000| Untracked 
|  69|0x0000000084500000, 0x0000000084600000, 0x0000000084600000|100%| O|  |TAMS 0x0000000084500000, 0x0000000084500000| Untracked 
|  70|0x0000000084600000, 0x0000000084700000, 0x0000000084700000|100%| O|  |TAMS 0x0000000084600000, 0x0000000084600000| Untracked 
|  71|0x0000000084700000, 0x0000000084800000, 0x0000000084800000|100%| O|  |TAMS 0x0000000084700000, 0x0000000084700000| Untracked 
|  72|0x0000000084800000, 0x0000000084824400, 0x0000000084900000| 14%| O|  |TAMS 0x0000000084800000, 0x0000000084800000| Untracked 
|  73|0x0000000084900000, 0x0000000084900000, 0x0000000084a00000|  0%| F|  |TAMS 0x0000000084900000, 0x0000000084900000| Untracked 
|  74|0x0000000084a00000, 0x0000000084a00000, 0x0000000084b00000|  0%| F|  |TAMS 0x0000000084a00000, 0x0000000084a00000| Untracked 
|  75|0x0000000084b00000, 0x0000000084b00000, 0x0000000084c00000|  0%| F|  |TAMS 0x0000000084b00000, 0x0000000084b00000| Untracked 
|  76|0x0000000084c00000, 0x0000000084c00000, 0x0000000084d00000|  0%| F|  |TAMS 0x0000000084c00000, 0x0000000084c00000| Untracked 
|  77|0x0000000084d00000, 0x0000000084d00000, 0x0000000084e00000|  0%| F|  |TAMS 0x0000000084d00000, 0x0000000084d00000| Untracked 
|  78|0x0000000084e00000, 0x0000000084e00000, 0x0000000084f00000|  0%| F|  |TAMS 0x0000000084e00000, 0x0000000084e00000| Untracked 
|  79|0x0000000084f00000, 0x0000000084f00000, 0x0000000085000000|  0%| F|  |TAMS 0x0000000084f00000, 0x0000000084f00000| Untracked 
|  80|0x0000000085000000, 0x0000000085000000, 0x0000000085100000|  0%| F|  |TAMS 0x0000000085000000, 0x0000000085000000| Untracked 
|  81|0x0000000085100000, 0x0000000085100000, 0x0000000085200000|  0%| F|  |TAMS 0x0000000085100000, 0x0000000085100000| Untracked 
|  82|0x0000000085200000, 0x0000000085200000, 0x0000000085300000|  0%| F|  |TAMS 0x0000000085200000, 0x0000000085200000| Untracked 
|  83|0x0000000085300000, 0x00000000853d3c20, 0x0000000085400000| 82%| S|CS|TAMS 0x0000000085300000, 0x0000000085300000| Complete 
|  84|0x0000000085400000, 0x0000000085500000, 0x0000000085500000|100%| S|CS|TAMS 0x0000000085400000, 0x0000000085400000| Complete 
|  85|0x0000000085500000, 0x0000000085500000, 0x0000000085600000|  0%| F|  |TAMS 0x0000000085500000, 0x0000000085500000| Untracked 
|  86|0x0000000085600000, 0x0000000085600000, 0x0000000085700000|  0%| F|  |TAMS 0x0000000085600000, 0x0000000085600000| Untracked 
|  87|0x0000000085700000, 0x0000000085700000, 0x0000000085800000|  0%| F|  |TAMS 0x0000000085700000, 0x0000000085700000| Untracked 
|  88|0x0000000085800000, 0x0000000085800000, 0x0000000085900000|  0%| F|  |TAMS 0x0000000085800000, 0x0000000085800000| Untracked 
|  89|0x0000000085900000, 0x0000000085a00000, 0x0000000085a00000|100%| S|CS|TAMS 0x0000000085900000, 0x0000000085900000| Complete 
|  90|0x0000000085a00000, 0x0000000085b00000, 0x0000000085b00000|100%| S|CS|TAMS 0x0000000085a00000, 0x0000000085a00000| Complete 
|  91|0x0000000085b00000, 0x0000000085b00000, 0x0000000085c00000|  0%| F|  |TAMS 0x0000000085b00000, 0x0000000085b00000| Untracked 
|  92|0x0000000085c00000, 0x0000000085c00000, 0x0000000085d00000|  0%| F|  |TAMS 0x0000000085c00000, 0x0000000085c00000| Untracked 
|  93|0x0000000085d00000, 0x0000000085d00000, 0x0000000085e00000|  0%| F|  |TAMS 0x0000000085d00000, 0x0000000085d00000| Untracked 
|  94|0x0000000085e00000, 0x0000000085e00000, 0x0000000085f00000|  0%| F|  |TAMS 0x0000000085e00000, 0x0000000085e00000| Untracked 
|  95|0x0000000085f00000, 0x0000000085f00000, 0x0000000086000000|  0%| F|  |TAMS 0x0000000085f00000, 0x0000000085f00000| Untracked 
|  96|0x0000000086000000, 0x0000000086000000, 0x0000000086100000|  0%| F|  |TAMS 0x0000000086000000, 0x0000000086000000| Untracked 
|  97|0x0000000086100000, 0x0000000086100000, 0x0000000086200000|  0%| F|  |TAMS 0x0000000086100000, 0x0000000086100000| Untracked 
|  98|0x0000000086200000, 0x0000000086200000, 0x0000000086300000|  0%| F|  |TAMS 0x0000000086200000, 0x0000000086200000| Untracked 
|  99|0x0000000086300000, 0x0000000086300000, 0x0000000086400000|  0%| F|  |TAMS 0x0000000086300000, 0x0000000086300000| Untracked 
| 100|0x0000000086400000, 0x0000000086400000, 0x0000000086500000|  0%| F|  |TAMS 0x0000000086400000, 0x0000000086400000| Untracked 
| 101|0x0000000086500000, 0x00000000865e4cf0, 0x0000000086600000| 89%| E|  |TAMS 0x0000000086500000, 0x0000000086500000| Complete 
| 102|0x0000000086600000, 0x0000000086700000, 0x0000000086700000|100%| E|CS|TAMS 0x0000000086600000, 0x0000000086600000| Complete 
| 103|0x0000000086700000, 0x0000000086800000, 0x0000000086800000|100%| E|CS|TAMS 0x0000000086700000, 0x0000000086700000| Complete 
| 104|0x0000000086800000, 0x0000000086900000, 0x0000000086900000|100%| E|CS|TAMS 0x0000000086800000, 0x0000000086800000| Complete 
| 105|0x0000000086900000, 0x0000000086a00000, 0x0000000086a00000|100%| E|CS|TAMS 0x0000000086900000, 0x0000000086900000| Complete 
| 106|0x0000000086a00000, 0x0000000086b00000, 0x0000000086b00000|100%| E|CS|TAMS 0x0000000086a00000, 0x0000000086a00000| Complete 
| 107|0x0000000086b00000, 0x0000000086c00000, 0x0000000086c00000|100%| E|CS|TAMS 0x0000000086b00000, 0x0000000086b00000| Complete 
| 108|0x0000000086c00000, 0x0000000086d00000, 0x0000000086d00000|100%| E|CS|TAMS 0x0000000086c00000, 0x0000000086c00000| Complete 
| 109|0x0000000086d00000, 0x0000000086e00000, 0x0000000086e00000|100%| E|CS|TAMS 0x0000000086d00000, 0x0000000086d00000| Complete 
| 110|0x0000000086e00000, 0x0000000086f00000, 0x0000000086f00000|100%| E|CS|TAMS 0x0000000086e00000, 0x0000000086e00000| Complete 
| 111|0x0000000086f00000, 0x0000000087000000, 0x0000000087000000|100%| E|CS|TAMS 0x0000000086f00000, 0x0000000086f00000| Complete 
| 112|0x0000000087000000, 0x0000000087100000, 0x0000000087100000|100%| E|CS|TAMS 0x0000000087000000, 0x0000000087000000| Complete 
| 113|0x0000000087100000, 0x0000000087200000, 0x0000000087200000|100%| E|CS|TAMS 0x0000000087100000, 0x0000000087100000| Complete 
| 114|0x0000000087200000, 0x0000000087300000, 0x0000000087300000|100%| E|CS|TAMS 0x0000000087200000, 0x0000000087200000| Complete 
| 115|0x0000000087300000, 0x0000000087400000, 0x0000000087400000|100%| E|CS|TAMS 0x0000000087300000, 0x0000000087300000| Complete 

Card table byte_map: [0x0000024c52390000,0x0000024c52790000] _byte_map_base: 0x0000024c51f90000

Marking Bits (Prev, Next): (CMBitMap*) 0x0000024c3f4cf1b0, (CMBitMap*) 0x0000024c3f4cf178
 Prev Bits: [0x0000024c54b90000, 0x0000024c56b90000)
 Next Bits: [0x0000024c52b90000, 0x0000024c54b90000)

Polling page: 0x0000024c3d220000

Metaspace:

Usage:
  Non-class:     75.33 MB capacity,    74.12 MB ( 98%) used,  1010.07 KB (  1%) free+waste,   226.44 KB ( <1%) overhead. 
      Class:     11.74 MB capacity,    10.97 MB ( 93%) used,   682.84 KB (  6%) free+waste,   103.94 KB ( <1%) overhead. 
       Both:     87.07 MB capacity,    85.09 MB ( 98%) used,     1.65 MB (  2%) free+waste,   330.38 KB ( <1%) overhead. 

Virtual space:
  Non-class space:       76.00 MB reserved,      75.34 MB (>99%) committed 
      Class space:        1.00 GB reserved,      11.75 MB (  1%) committed 
             Both:        1.07 GB reserved,      87.09 MB (  8%) committed 

Chunk freelists:
   Non-Class:  10.00 KB
       Class:  14.00 KB
        Both:  24.00 KB

MaxMetaspaceSize: 17179869184.00 GB
CompressedClassSpaceSize: 1.00 GB

CodeHeap 'non-profiled nmethods': size=120064Kb used=6002Kb max_used=6002Kb free=114061Kb
 bounds [0x0000024c4aa50000, 0x0000024c4b030000, 0x0000024c51f90000]
CodeHeap 'profiled nmethods': size=120000Kb used=19464Kb max_used=19464Kb free=100535Kb
 bounds [0x0000024c43520000, 0x0000024c44830000, 0x0000024c4aa50000]
CodeHeap 'non-nmethods': size=5696Kb used=2278Kb max_used=2358Kb free=3417Kb
 bounds [0x0000024c42f90000, 0x0000024c43200000, 0x0000024c43520000]
 total_blobs=9810 nmethods=8932 adapters=789
 compilation: enabled
              stopped_count=0, restarted_count=0
 full_count=0

Compilation events (20 events):
Event: 18.661 Thread 0x0000024c5c1ed800 8909   !   4       org.gradle.api.internal.attributes.DefaultImmutableAttributesFactory::doConcatIsolatable (128 bytes)
Event: 18.661 Thread 0x0000024c59080000 nmethod 8907 0x0000024c4480f590 code [0x0000024c4480f800, 0x0000024c44810218]
Event: 18.663 Thread 0x0000024c59080000 8910       3       org.gradle.api.internal.artifacts.ivyservice.modulecache.PersistentModuleMetadataCache::get (26 bytes)
Event: 18.663 Thread 0x0000024c59080000 nmethod 8910 0x0000024c44810690 code [0x0000024c44810960, 0x0000024c44811ab8]
Event: 18.663 Thread 0x0000024c59080000 8911       3       org.gradle.api.internal.artifacts.ivyservice.modulecache.PersistentModuleMetadataCache$$Lambda$457/0x0000000100627c40::create (16 bytes)
Event: 18.664 Thread 0x0000024c59080000 nmethod 8911 0x0000024c44812010 code [0x0000024c448121c0, 0x0000024c44812308]
Event: 18.664 Thread 0x0000024c59080000 8912       3       org.gradle.api.internal.artifacts.ivyservice.modulecache.PersistentModuleMetadataCache$RevisionKeySerializer::write (10 bytes)
Event: 18.664 Thread 0x0000024c59080000 nmethod 8912 0x0000024c44812410 code [0x0000024c44812600, 0x0000024c448129d8]
Event: 18.664 Thread 0x0000024c59080000 8913       3       org.gradle.api.internal.artifacts.ivyservice.modulecache.PersistentModuleMetadataCache$RevisionKeySerializer::write (23 bytes)
Event: 18.664 Thread 0x0000024c59080000 nmethod 8913 0x0000024c44812b90 code [0x0000024c44812d60, 0x0000024c44812ff8]
Event: 18.664 Thread 0x0000024c59080000 8914       3       org.gradle.api.internal.artifacts.ivyservice.modulecache.ModuleMetadataCacheEntrySerializer::read (6 bytes)
Event: 18.664 Thread 0x0000024c59080000 nmethod 8914 0x0000024c44813110 code [0x0000024c448132c0, 0x0000024c44813408]
Event: 18.664 Thread 0x0000024c59080000 8915       3       org.gradle.api.internal.artifacts.ivyservice.modulecache.ModuleMetadataCacheEntry::<init> (20 bytes)
Event: 18.664 Thread 0x0000024c59080000 nmethod 8915 0x0000024c44813490 code [0x0000024c44813640, 0x0000024c448137b8]
Event: 18.664 Thread 0x0000024c59080000 8916       3       org.gradle.api.internal.artifacts.ivyservice.modulecache.ModuleMetadataCacheEntry::isMissing (13 bytes)
Event: 18.664 Thread 0x0000024c59080000 nmethod 8916 0x0000024c44813890 code [0x0000024c44813a40, 0x0000024c44813b98]
Event: 18.665 Thread 0x0000024c59080000 8917       3       org.gradle.api.internal.artifacts.ivyservice.modulecache.DefaultCachedMetadata::<init> (15 bytes)
Event: 18.665 Thread 0x0000024c59080000 nmethod 8917 0x0000024c44813c10 code [0x0000024c44813de0, 0x0000024c44814038]
Event: 18.668 Thread 0x0000024c59080000 8918       3       org.gradle.api.internal.artifacts.ivyservice.resolutionstrategy.DefaultCachePolicy$$Lambda$428/0x00000001005e5840::execute (16 bytes)
Event: 18.668 Thread 0x0000024c59080000 nmethod 8918 0x0000024c44814190 code [0x0000024c44814360, 0x0000024c44814748]

GC Heap History (20 events):
Event: 10.659 GC heap before
{Heap before GC invocations=20 (full 0):
 garbage-first heap   total 118784K, used 81026K [0x0000000080000000, 0x0000000100000000)
  region size 1024K, 29 young (29696K), 5 survivors (5120K)
 Metaspace       used 65002K, capacity 66600K, committed 66780K, reserved 1107968K
  class space    used 8180K, capacity 8775K, committed 8832K, reserved 1048576K
}
Event: 10.665 GC heap after
{Heap after GC invocations=21 (full 0):
 garbage-first heap   total 118784K, used 59314K [0x0000000080000000, 0x0000000100000000)
  region size 1024K, 2 young (2048K), 2 survivors (2048K)
 Metaspace       used 65002K, capacity 66600K, committed 66780K, reserved 1107968K
  class space    used 8180K, capacity 8775K, committed 8832K, reserved 1048576K
}
Event: 11.280 GC heap before
{Heap before GC invocations=22 (full 0):
 garbage-first heap   total 118784K, used 91058K [0x0000000080000000, 0x0000000100000000)
  region size 1024K, 32 young (32768K), 2 survivors (2048K)
 Metaspace       used 67616K, capacity 69121K, committed 69468K, reserved 1110016K
  class space    used 8506K, capacity 9095K, committed 9216K, reserved 1048576K
}
Event: 11.284 GC heap after
{Heap after GC invocations=23 (full 0):
 garbage-first heap   total 118784K, used 60172K [0x0000000080000000, 0x0000000100000000)
  region size 1024K, 3 young (3072K), 3 survivors (3072K)
 Metaspace       used 67616K, capacity 69121K, committed 69468K, reserved 1110016K
  class space    used 8506K, capacity 9095K, committed 9216K, reserved 1048576K
}
Event: 11.750 GC heap before
{Heap before GC invocations=23 (full 0):
 garbage-first heap   total 118784K, used 90892K [0x0000000080000000, 0x0000000100000000)
  region size 1024K, 33 young (33792K), 3 survivors (3072K)
 Metaspace       used 68225K, capacity 69824K, committed 69980K, reserved 1110016K
  class space    used 8598K, capacity 9201K, committed 9216K, reserved 1048576K
}
Event: 11.757 GC heap after
{Heap after GC invocations=24 (full 0):
 garbage-first heap   total 118784K, used 62841K [0x0000000080000000, 0x0000000100000000)
  region size 1024K, 4 young (4096K), 4 survivors (4096K)
 Metaspace       used 68225K, capacity 69824K, committed 69980K, reserved 1110016K
  class space    used 8598K, capacity 9201K, committed 9216K, reserved 1048576K
}
Event: 14.069 GC heap before
{Heap before GC invocations=25 (full 0):
 garbage-first heap   total 118784K, used 93561K [0x0000000080000000, 0x0000000100000000)
  region size 1024K, 34 young (34816K), 4 survivors (4096K)
 Metaspace       used 68945K, capacity 70513K, committed 70620K, reserved 1110016K
  class space    used 8670K, capacity 9301K, committed 9344K, reserved 1048576K
}
Event: 14.075 GC heap after
{Heap after GC invocations=26 (full 0):
 garbage-first heap   total 118784K, used 65151K [0x0000000080000000, 0x0000000100000000)
  region size 1024K, 5 young (5120K), 5 survivors (5120K)
 Metaspace       used 68945K, capacity 70513K, committed 70620K, reserved 1110016K
  class space    used 8670K, capacity 9301K, committed 9344K, reserved 1048576K
}
Event: 14.949 GC heap before
{Heap before GC invocations=26 (full 0):
 garbage-first heap   total 118784K, used 94847K [0x0000000080000000, 0x0000000100000000)
  region size 1024K, 34 young (34816K), 5 survivors (5120K)
 Metaspace       used 72692K, capacity 74337K, committed 74588K, reserved 1114112K
  class space    used 9294K, capacity 9916K, committed 9984K, reserved 1048576K
}
Event: 14.955 GC heap after
{Heap after GC invocations=27 (full 0):
 garbage-first heap   total 118784K, used 66702K [0x0000000080000000, 0x0000000100000000)
  region size 1024K, 4 young (4096K), 4 survivors (4096K)
 Metaspace       used 72692K, capacity 74337K, committed 74588K, reserved 1114112K
  class space    used 9294K, capacity 9916K, committed 9984K, reserved 1048576K
}
Event: 15.888 GC heap before
{Heap before GC invocations=28 (full 0):
 garbage-first heap   total 118784K, used 96398K [0x0000000080000000, 0x0000000100000000)
  region size 1024K, 33 young (33792K), 4 survivors (4096K)
 Metaspace       used 75472K, capacity 77135K, committed 77276K, reserved 1116160K
  class space    used 9685K, capacity 10309K, committed 10368K, reserved 1048576K
}
Event: 15.893 GC heap after
{Heap after GC invocations=29 (full 0):
 garbage-first heap   total 118784K, used 68757K [0x0000000080000000, 0x0000000100000000)
  region size 1024K, 4 young (4096K), 4 survivors (4096K)
 Metaspace       used 75472K, capacity 77135K, committed 77276K, reserved 1116160K
  class space    used 9685K, capacity 10309K, committed 10368K, reserved 1048576K
}
Event: 16.679 GC heap before
{Heap before GC invocations=29 (full 0):
 garbage-first heap   total 118784K, used 97429K [0x0000000080000000, 0x0000000100000000)
  region size 1024K, 32 young (32768K), 4 survivors (4096K)
 Metaspace       used 77919K, capacity 79666K, committed 79708K, reserved 1118208K
  class space    used 10049K, capacity 10715K, committed 10752K, reserved 1048576K
}
Event: 16.688 GC heap after
{Heap after GC invocations=30 (full 0):
 garbage-first heap   total 118784K, used 70483K [0x0000000080000000, 0x0000000100000000)
  region size 1024K, 4 young (4096K), 4 survivors (4096K)
 Metaspace       used 77919K, capacity 79666K, committed 79708K, reserved 1118208K
  class space    used 10049K, capacity 10715K, committed 10752K, reserved 1048576K
}
Event: 17.283 GC heap before
{Heap before GC invocations=31 (full 0):
 garbage-first heap   total 118784K, used 99155K [0x0000000080000000, 0x0000000100000000)
  region size 1024K, 32 young (32768K), 4 survivors (4096K)
 Metaspace       used 81358K, capacity 83128K, committed 83292K, reserved 1122304K
  class space    used 10522K, capacity 11192K, committed 11264K, reserved 1048576K
}
Event: 17.289 GC heap after
{Heap after GC invocations=32 (full 0):
 garbage-first heap   total 118784K, used 71856K [0x0000000080000000, 0x0000000100000000)
  region size 1024K, 4 young (4096K), 4 survivors (4096K)
 Metaspace       used 81358K, capacity 83128K, committed 83292K, reserved 1122304K
  class space    used 10522K, capacity 11192K, committed 11264K, reserved 1048576K
}
Event: 18.021 GC heap before
{Heap before GC invocations=32 (full 0):
 garbage-first heap   total 118784K, used 99504K [0x0000000080000000, 0x0000000100000000)
  region size 1024K, 31 young (31744K), 4 survivors (4096K)
 Metaspace       used 83441K, capacity 85270K, committed 85340K, reserved 1124352K
  class space    used 10767K, capacity 11475K, committed 11520K, reserved 1048576K
}
Event: 18.028 GC heap after
{Heap after GC invocations=33 (full 0):
 garbage-first heap   total 118784K, used 74104K [0x0000000080000000, 0x0000000100000000)
  region size 1024K, 4 young (4096K), 4 survivors (4096K)
 Metaspace       used 83441K, capacity 85270K, committed 85340K, reserved 1124352K
  class space    used 10767K, capacity 11475K, committed 11520K, reserved 1048576K
}
Event: 18.446 GC heap before
{Heap before GC invocations=34 (full 0):
 garbage-first heap   total 118784K, used 98680K [0x0000000080000000, 0x0000000100000000)
  region size 1024K, 29 young (29696K), 4 survivors (4096K)
 Metaspace       used 85721K, capacity 87667K, committed 87900K, reserved 1126400K
  class space    used 10977K, capacity 11710K, committed 11776K, reserved 1048576K
}
Event: 18.453 GC heap after
{Heap after GC invocations=35 (full 0):
 garbage-first heap   total 118784K, used 77792K [0x0000000080000000, 0x0000000100000000)
  region size 1024K, 4 young (4096K), 4 survivors (4096K)
 Metaspace       used 85721K, capacity 87667K, committed 87900K, reserved 1126400K
  class space    used 10977K, capacity 11710K, committed 11776K, reserved 1048576K
}

Deoptimization events (20 events):
Event: 18.493 Thread 0x0000024c6301c000 Uncommon trap: trap_request=0xffffffde fr.pc=0x0000024c4acc16ec relative=0x000000000000022c
Event: 18.493 Thread 0x0000024c6301c000 Uncommon trap: reason=class_check action=maybe_recompile pc=0x0000024c4acc16ec method=java.util.stream.StreamOpFlag.fromCharacteristics(Ljava/util/Spliterator;)I @ 14 c2
Event: 18.493 Thread 0x0000024c6301c000 DEOPT PACKING pc=0x0000024c4acc16ec sp=0x000000cc947fe090
Event: 18.493 Thread 0x0000024c6301c000 DEOPT UNPACKING pc=0x0000024c42fb662f sp=0x000000cc947fdf78 mode 2
Event: 18.500 Thread 0x0000024c6301c000 Uncommon trap: trap_request=0xffffffc6 fr.pc=0x0000024c4ac512e0 relative=0x0000000000000480
Event: 18.500 Thread 0x0000024c6301c000 Uncommon trap: reason=bimorphic_or_optimized_type_check action=maybe_recompile pc=0x0000024c4ac512e0 method=java.util.Collections$SetFromMap.remove(Ljava/lang/Object;)Z @ 5 c2
Event: 18.500 Thread 0x0000024c6301c000 DEOPT PACKING pc=0x0000024c4ac512e0 sp=0x000000cc947fed90
Event: 18.500 Thread 0x0000024c6301c000 DEOPT UNPACKING pc=0x0000024c42fb662f sp=0x000000cc947fed88 mode 2
Event: 18.500 Thread 0x0000024c6301c000 Uncommon trap: trap_request=0xffffffc6 fr.pc=0x0000024c4ac512e0 relative=0x0000000000000480
Event: 18.500 Thread 0x0000024c6301c000 Uncommon trap: reason=bimorphic_or_optimized_type_check action=maybe_recompile pc=0x0000024c4ac512e0 method=java.util.Collections$SetFromMap.remove(Ljava/lang/Object;)Z @ 5 c2
Event: 18.500 Thread 0x0000024c6301c000 DEOPT PACKING pc=0x0000024c4ac512e0 sp=0x000000cc947fec30
Event: 18.500 Thread 0x0000024c6301c000 DEOPT UNPACKING pc=0x0000024c42fb662f sp=0x000000cc947fec28 mode 2
Event: 18.509 Thread 0x0000024c6301c000 Uncommon trap: trap_request=0xffffffc6 fr.pc=0x0000024c4acbb8b0 relative=0x0000000000000870
Event: 18.509 Thread 0x0000024c6301c000 Uncommon trap: reason=bimorphic_or_optimized_type_check action=maybe_recompile pc=0x0000024c4acbb8b0 method=java.util.Spliterators$IteratorSpliterator.tryAdvance(Ljava/util/function/Consumer;)Z @ 50 c2
Event: 18.509 Thread 0x0000024c6301c000 DEOPT PACKING pc=0x0000024c4acbb8b0 sp=0x000000cc947fe8a0
Event: 18.509 Thread 0x0000024c6301c000 DEOPT UNPACKING pc=0x0000024c42fb662f sp=0x000000cc947fe710 mode 2
Event: 18.537 Thread 0x0000024c6301c000 Uncommon trap: trap_request=0xffffffc6 fr.pc=0x0000024c4ac512e0 relative=0x0000000000000480
Event: 18.537 Thread 0x0000024c6301c000 Uncommon trap: reason=bimorphic_or_optimized_type_check action=maybe_recompile pc=0x0000024c4ac512e0 method=java.util.Collections$SetFromMap.remove(Ljava/lang/Object;)Z @ 5 c2
Event: 18.537 Thread 0x0000024c6301c000 DEOPT PACKING pc=0x0000024c4ac512e0 sp=0x000000cc947fed90
Event: 18.537 Thread 0x0000024c6301c000 DEOPT UNPACKING pc=0x0000024c42fb662f sp=0x000000cc947fed88 mode 2

Classes redefined (0 events):
No events

Internal exceptions (20 events):
Event: 18.238 Thread 0x0000024c59b3d000 Exception <a 'java/lang/NoSuchMethodError'{0x00000000869e12f0}: 'java.lang.Object java.lang.invoke.Invokers$Holder.linkToTargetMethod(java.lang.Object, java.lang.Object, java.lang.Object, int, java.lang.Object, java.lang.Object)'> (0x00000000869e12f0) thrown at [./src/hotspot/share/interpreter/linkResolver.cpp, line 773]
Event: 18.369 Thread 0x0000024c59b3d000 Exception <a 'java/lang/NoSuchMethodError'{0x0000000085fe62d0}: <clinit>> (0x0000000085fe62d0) thrown at [./src/hotspot/share/prims/jni.cpp, line 1362]
Event: 18.384 Thread 0x0000024c59b3d000 Exception <a 'java/lang/NoSuchMethodError'{0x0000000085e31d08}: <clinit>> (0x0000000085e31d08) thrown at [./src/hotspot/share/prims/jni.cpp, line 1362]
Event: 18.388 Thread 0x0000024c59b3d000 Exception <a 'java/lang/NoSuchMethodError'{0x0000000085e67958}: 'void java.lang.invoke.DirectMethodHandle$Holder.invokeSpecial(java.lang.Object, java.lang.Object, java.lang.Object, int)'> (0x0000000085e67958) thrown at [./src/hotspot/share/interpreter/linkResolver.cpp, line 773]
Event: 18.434 Thread 0x0000024c59b3d000 Exception <a 'sun/nio/fs/WindowsException'{0x0000000085c918e0}> (0x0000000085c918e0) thrown at [./src/hotspot/share/prims/jni.cpp, line 615]
Event: 18.483 Thread 0x0000024c5ba53000 Exception <a 'java/lang/NoSuchMethodError'{0x000000008713f6e8}: <clinit>> (0x000000008713f6e8) thrown at [./src/hotspot/share/prims/jni.cpp, line 1362]
Event: 18.484 Thread 0x0000024c5ba53000 Exception <a 'java/lang/NoSuchMethodError'{0x0000000087158460}: <clinit>> (0x0000000087158460) thrown at [./src/hotspot/share/prims/jni.cpp, line 1362]
Event: 18.488 Thread 0x0000024c5ba53000 Exception <a 'java/lang/NoSuchMethodError'{0x00000000871f8ea8}: <clinit>> (0x00000000871f8ea8) thrown at [./src/hotspot/share/prims/jni.cpp, line 1362]
Event: 18.489 Thread 0x0000024c5ba53000 Exception <a 'java/lang/NoSuchMethodError'{0x000000008700ca68}: <clinit>> (0x000000008700ca68) thrown at [./src/hotspot/share/prims/jni.cpp, line 1362]
Event: 18.489 Thread 0x0000024c5ba53000 Exception <a 'java/lang/NoSuchMethodError'{0x000000008700e1e8}: <clinit>> (0x000000008700e1e8) thrown at [./src/hotspot/share/prims/jni.cpp, line 1362]
Event: 18.502 Thread 0x0000024c6301a800 Exception <a 'java/lang/NoSuchMethodError'{0x00000000871c5550}: <clinit>> (0x00000000871c5550) thrown at [./src/hotspot/share/prims/jni.cpp, line 1362]
Event: 18.505 Thread 0x0000024c6301a800 Exception <a 'java/lang/NoSuchMethodError'{0x0000000086fea538}: <clinit>> (0x0000000086fea538) thrown at [./src/hotspot/share/prims/jni.cpp, line 1362]
Event: 18.509 Thread 0x0000024c6301a800 Exception <a 'java/lang/NoSuchMethodError'{0x0000000086e3cda8}: <clinit>> (0x0000000086e3cda8) thrown at [./src/hotspot/share/prims/jni.cpp, line 1362]
Event: 18.521 Thread 0x0000024c6301c000 Exception <a 'java/lang/IncompatibleClassChangeError'{0x0000000086d528b0}: Found class java.lang.Object, but interface was expected> (0x0000000086d528b0) thrown at [./src/hotspot/share/interpreter/linkResolver.cpp, line 839]
Event: 18.538 Thread 0x0000024c6301c000 Exception <a 'java/lang/NoSuchMethodError'{0x0000000086c4e9a8}: 'java.lang.Object java.lang.invoke.DirectMethodHandle$Holder.invokeInterface(java.lang.Object, java.lang.Object, int)'> (0x0000000086c4e9a8) thrown at [./src/hotspot/share/interpreter/linkResolver.cpp, line 773]
Event: 18.538 Thread 0x0000024c5ba53000 Exception <a 'java/lang/NoSuchMethodError'{0x0000000086c76848}: <clinit>> (0x0000000086c76848) thrown at [./src/hotspot/share/prims/jni.cpp, line 1362]
Event: 18.540 Thread 0x0000024c6301c000 Exception <a 'java/lang/NoSuchMethodError'{0x0000000086c7a828}: 'void java.lang.invoke.DirectMethodHandle$Holder.invokeStatic(java.lang.Object, java.lang.Object, java.lang.Object, int)'> (0x0000000086c7a828) thrown at [./src/hotspot/share/interpreter/linkResolver.cpp, line 773]
Event: 18.573 Thread 0x0000024c6301c000 Exception <a 'java/lang/IncompatibleClassChangeError'{0x0000000086baebd8}: Found class java.lang.Object, but interface was expected> (0x0000000086baebd8) thrown at [./src/hotspot/share/interpreter/linkResolver.cpp, line 839]
Event: 18.576 Thread 0x0000024c6301c000 Exception <a 'java/lang/IncompatibleClassChangeError'{0x0000000086be4d78}: Found class java.lang.Object, but interface was expected> (0x0000000086be4d78) thrown at [./src/hotspot/share/interpreter/linkResolver.cpp, line 839]
Event: 18.607 Thread 0x0000024c6301c000 Exception <a 'java/lang/NoSuchMethodError'{0x000000008682d200}: 'int java.lang.invoke.DirectMethodHandle$Holder.invokeStaticInit(java.lang.Object, java.lang.Object, java.lang.Object, java.lang.Object, java.lang.Object)'> (0x000000008682d200) thrown at [./src/hotspot/share/interpreter/linkResolver.cpp, line 773]

Events (20 events):
Event: 18.626 Executing VM operation: RevokeBias
Event: 18.626 Executing VM operation: RevokeBias done
Event: 18.626 Executing VM operation: RevokeBias
Event: 18.627 Executing VM operation: RevokeBias done
Event: 18.627 Executing VM operation: RevokeBias
Event: 18.627 Executing VM operation: RevokeBias done
Event: 18.627 Executing VM operation: RevokeBias
Event: 18.627 Executing VM operation: RevokeBias done
Event: 18.628 Executing VM operation: RevokeBias
Event: 18.628 Executing VM operation: RevokeBias done
Event: 18.628 Executing VM operation: RevokeBias
Event: 18.628 Executing VM operation: RevokeBias done
Event: 18.629 Executing VM operation: RevokeBias
Event: 18.629 Executing VM operation: RevokeBias done
Event: 18.633 Executing VM operation: RevokeBias
Event: 18.633 Executing VM operation: RevokeBias done
Event: 18.633 Executing VM operation: RevokeBias
Event: 18.634 Executing VM operation: RevokeBias done
Event: 18.645 loading class org/gradle/api/attributes/CompatibilityCheckDetails
Event: 18.645 loading class org/gradle/api/attributes/CompatibilityCheckDetails done


Dynamic libraries:
0x00007ff6dc240000 - 0x00007ff6dc24a000 	C:\Program Files\Android\Android Studio\jre\bin\java.exe
0x00007ffe920d0000 - 0x00007ffe922c5000 	C:\Windows\SYSTEM32\ntdll.dll
0x00007ffe915f0000 - 0x00007ffe916ae000 	C:\Windows\System32\KERNEL32.DLL
0x00007ffe8f940000 - 0x00007ffe8fc08000 	C:\Windows\System32\KERNELBASE.dll
0x00007ffe8fd00000 - 0x00007ffe8fe00000 	C:\Windows\System32\ucrtbase.dll
0x00007ffe8b3e0000 - 0x00007ffe8b3f7000 	C:\Program Files\Android\Android Studio\jre\bin\VCRUNTIME140.dll
0x00007ffe8b400000 - 0x00007ffe8b419000 	C:\Program Files\Android\Android Studio\jre\bin\jli.dll
0x00007ffe916b0000 - 0x00007ffe91850000 	C:\Windows\System32\USER32.dll
0x00007ffe8fe00000 - 0x00007ffe8fe22000 	C:\Windows\System32\win32u.dll
0x00007ffe780f0000 - 0x00007ffe7838a000 	C:\Windows\WinSxS\amd64_microsoft.windows.common-controls_6595b64144ccf1df_6.0.19041.1110_none_60b5254171f9507e\COMCTL32.dll
0x00007ffe91d30000 - 0x00007ffe91d5b000 	C:\Windows\System32\GDI32.dll
0x00007ffe91d60000 - 0x00007ffe91dfe000 	C:\Windows\System32\msvcrt.dll
0x00007ffe8ff90000 - 0x00007ffe9009b000 	C:\Windows\System32\gdi32full.dll
0x00007ffe8fc60000 - 0x00007ffe8fcfd000 	C:\Windows\System32\msvcp_win.dll
0x00007ffe90d20000 - 0x00007ffe90d50000 	C:\Windows\System32\IMM32.DLL
0x00007ffe748f0000 - 0x00007ffe7498d000 	C:\Program Files\Android\Android Studio\jre\bin\msvcp140.dll
0x00007ffe65a50000 - 0x00007ffe66525000 	C:\Program Files\Android\Android Studio\jre\bin\server\jvm.dll
0x00007ffe909b0000 - 0x00007ffe90a5e000 	C:\Windows\System32\ADVAPI32.dll
0x00007ffe90880000 - 0x00007ffe9091c000 	C:\Windows\System32\sechost.dll
0x00007ffe90dd0000 - 0x00007ffe90ef5000 	C:\Windows\System32\RPCRT4.dll
0x00007ffe90d10000 - 0x00007ffe90d18000 	C:\Windows\System32\PSAPI.DLL
0x00007ffe79c80000 - 0x00007ffe79c89000 	C:\Windows\SYSTEM32\WSOCK32.dll
0x00007ffe86370000 - 0x00007ffe86397000 	C:\Windows\SYSTEM32\WINMM.dll
0x00007ffe91850000 - 0x00007ffe918bb000 	C:\Windows\System32\WS2_32.dll
0x00007ffe86360000 - 0x00007ffe8636a000 	C:\Windows\SYSTEM32\VERSION.dll
0x00007ffe8d6e0000 - 0x00007ffe8d6f2000 	C:\Windows\SYSTEM32\kernel.appcore.dll
0x00007ffe79a10000 - 0x00007ffe79a21000 	C:\Program Files\Android\Android Studio\jre\bin\verify.dll
0x00007ffe87a40000 - 0x00007ffe87c24000 	C:\Windows\SYSTEM32\DBGHELP.DLL
0x00007ffe731d0000 - 0x00007ffe731fc000 	C:\Windows\SYSTEM32\dbgcore.DLL
0x00007ffe900a0000 - 0x00007ffe90122000 	C:\Windows\System32\bcryptPrimitives.dll
0x00007ffe6f840000 - 0x00007ffe6f869000 	C:\Program Files\Android\Android Studio\jre\bin\java.dll
0x00007ffe79150000 - 0x00007ffe7915b000 	C:\Program Files\Android\Android Studio\jre\bin\jimage.dll
0x00007ffe783c0000 - 0x00007ffe783d8000 	C:\Program Files\Android\Android Studio\jre\bin\zip.dll
0x00007ffe90130000 - 0x00007ffe90874000 	C:\Windows\System32\SHELL32.dll
0x00007ffe8d8e0000 - 0x00007ffe8e074000 	C:\Windows\SYSTEM32\windows.storage.dll
0x00007ffe91010000 - 0x00007ffe91364000 	C:\Windows\System32\combase.dll
0x00007ffe8f0a0000 - 0x00007ffe8f0cc000 	C:\Windows\SYSTEM32\Wldp.dll
0x00007ffe90c60000 - 0x00007ffe90d0d000 	C:\Windows\System32\SHCORE.dll
0x00007ffe90b20000 - 0x00007ffe90b75000 	C:\Windows\System32\shlwapi.dll
0x00007ffe8f730000 - 0x00007ffe8f74f000 	C:\Windows\SYSTEM32\profapi.dll
0x00007ffe77bc0000 - 0x00007ffe77bda000 	C:\Program Files\Android\Android Studio\jre\bin\net.dll
0x00007ffe89300000 - 0x00007ffe89409000 	C:\Windows\SYSTEM32\WINHTTP.dll
0x00007ffe8ee80000 - 0x00007ffe8eeea000 	C:\Windows\system32\mswsock.dll
0x00007ffe6f500000 - 0x00007ffe6f514000 	C:\Program Files\Android\Android Studio\jre\bin\nio.dll
0x00007ffe7d430000 - 0x00007ffe7d457000 	C:\Users\Anjan Karmakar\.gradle\native\e1d6ef7f7dcc3fd88c89a11ec53ec762bb8ba0a96d01ffa2cd45eb1d1d8dd5c5\windows-amd64\native-platform.dll
0x00007ffe46a50000 - 0x00007ffe46b94000 	C:\Users\Anjan Karmakar\.gradle\native\5664cfc778a61ccfe75a443a1ab52a65af34e5dc3c78e0209fed803814484fcb\windows-amd64\native-platform-file-events.dll
0x00007ffe73300000 - 0x00007ffe7330a000 	C:\Program Files\Android\Android Studio\jre\bin\management.dll
0x00007ffe6f4f0000 - 0x00007ffe6f4fd000 	C:\Program Files\Android\Android Studio\jre\bin\management_ext.dll
0x00007ffe8f0e0000 - 0x00007ffe8f0f8000 	C:\Windows\SYSTEM32\CRYPTSP.dll
0x00007ffe8e820000 - 0x00007ffe8e854000 	C:\Windows\system32\rsaenh.dll
0x00007ffe8f8a0000 - 0x00007ffe8f8c7000 	C:\Windows\System32\bcrypt.dll
0x00007ffe8f6f0000 - 0x00007ffe8f71e000 	C:\Windows\SYSTEM32\USERENV.dll
0x00007ffe8f010000 - 0x00007ffe8f01c000 	C:\Windows\SYSTEM32\CRYPTBASE.dll
0x00007ffe8eb90000 - 0x00007ffe8ebcb000 	C:\Windows\SYSTEM32\IPHLPAPI.DLL
0x00007ffe915e0000 - 0x00007ffe915e8000 	C:\Windows\System32\NSI.dll
0x00007ffe89c30000 - 0x00007ffe89c47000 	C:\Windows\SYSTEM32\dhcpcsvc6.DLL
0x00007ffe89c10000 - 0x00007ffe89c2d000 	C:\Windows\SYSTEM32\dhcpcsvc.DLL
0x00007ffe8ebd0000 - 0x00007ffe8ec9a000 	C:\Windows\SYSTEM32\DNSAPI.dll

dbghelp: loaded successfully - version: 4.0.5 - missing functions: none
symbol engine: initialized successfully - sym options: 0x614 - pdb path: .;C:\Program Files\Android\Android Studio\jre\bin;C:\Windows\SYSTEM32;C:\Windows\WinSxS\amd64_microsoft.windows.common-controls_6595b64144ccf1df_6.0.19041.1110_none_60b5254171f9507e;C:\Program Files\Android\Android Studio\jre\bin\server;C:\Users\Anjan Karmakar\.gradle\native\e1d6ef7f7dcc3fd88c89a11ec53ec762bb8ba0a96d01ffa2cd45eb1d1d8dd5c5\windows-amd64;C:\Users\Anjan Karmakar\.gradle\native\5664cfc778a61ccfe75a443a1ab52a65af34e5dc3c78e0209fed803814484fcb\windows-amd64

VM Arguments:
jvm_args: --add-opens=java.base/java.util=ALL-UNNAMED --add-opens=java.base/java.lang=ALL-UNNAMED --add-opens=java.base/java.lang.invoke=ALL-UNNAMED --add-opens=java.base/java.util=ALL-UNNAMED --add-opens=java.prefs/java.util.prefs=ALL-UNNAMED --add-opens=java.prefs/java.util.prefs=ALL-UNNAMED --add-opens=java.base/java.nio.charset=ALL-UNNAMED --add-opens=java.base/java.net=ALL-UNNAMED --add-opens=java.base/java.util.concurrent.atomic=ALL-UNNAMED -Xmx2048m -Dfile.encoding=UTF-8 -Duser.country=US -Duser.language=en -Duser.variant 
java_command: org.gradle.launcher.daemon.bootstrap.GradleDaemon 7.2
java_class_path (initial): C:\Users\Anjan Karmakar\.gradle\wrapper\dists\gradle-7.2-bin\2dnblmf4td7x66yl1d74lt32g\gradle-7.2\lib\gradle-launcher-7.2.jar
Launcher Type: SUN_STANDARD

[Global flags]
     intx CICompilerCount                          = 3                                         {product} {ergonomic}
     uint ConcGCThreads                            = 1                                         {product} {ergonomic}
     uint G1ConcRefinementThreads                  = 4                                         {product} {ergonomic}
   size_t G1HeapRegionSize                         = 1048576                                   {product} {ergonomic}
    uintx GCDrainStackTargetSize                   = 64                                        {product} {ergonomic}
   size_t InitialHeapSize                          = 100663296                                 {product} {ergonomic}
   size_t MarkStackSize                            = 4194304                                   {product} {ergonomic}
   size_t MaxHeapSize                              = 2147483648                                {product} {command line}
   size_t MaxNewSize                               = 1287651328                                {product} {ergonomic}
   size_t MinHeapDeltaBytes                        = 1048576                                   {product} {ergonomic}
    uintx NonNMethodCodeHeapSize                   = 5830732                                {pd product} {ergonomic}
    uintx NonProfiledCodeHeapSize                  = 122913754                              {pd product} {ergonomic}
    uintx ProfiledCodeHeapSize                     = 122913754                              {pd product} {ergonomic}
    uintx ReservedCodeCacheSize                    = 251658240                              {pd product} {ergonomic}
     bool SegmentedCodeCache                       = true                                      {product} {ergonomic}
     bool UseCompressedClassPointers               = true                                 {lp64_product} {ergonomic}
     bool UseCompressedOops                        = true                                 {lp64_product} {ergonomic}
     bool UseG1GC                                  = true                                      {product} {ergonomic}
     bool UseLargePagesIndividualAllocation        = false                                  {pd product} {ergonomic}

Logging:
Log output configuration:
 #0: stdout all=warning uptime,level,tags
 #1: stderr all=off uptime,level,tags

Environment Variables:
PATH=C:\Program Files\Common Files\Oracle\Java\javapath;C:\Windows\system32;C:\Windows;C:\Windows\System32\Wbem;C:\Windows\System32\WindowsPowerShell\v1.0\;C:\Windows\System32\OpenSSH\;C:\Program Files\Git\cmd;C:\Program Files\nodejs\;C:\Program Files\Docker\Docker\resources\bin;C:\ProgramData\DockerDesktop\version-bin;C:\Users\Anjan Karmakar\AppData\Local\Microsoft\WindowsApps;;C:\Program Files\JetBrains\IntelliJ IDEA Community Edition 2021.2.3\bin;;C:\Program Files\JetBrains\PyCharm Community Edition 2021.2.3\bin;;C:\Users\Anjan Karmakar\AppData\Local\Programs\Microsoft VS Code\bin;C:\Users\Anjan Karmakar\AppData\Local\Programs\oh-my-posh\bin;C:\Users\Anjan Karmakar\AppData\Local\Programs\oh-my-posh\themes;C:\Exercism;C:\Program Files\JetBrains\IntelliJ IDEA Educational Edition 2021.3.2\bin;;C:\Program Files\heroku\bin;C:\Users\Anjan Karmakar\AppData\Roaming\npm
USERNAME=Anjan Karmakar
OS=Windows_NT
PROCESSOR_IDENTIFIER=AMD64 Family 23 Model 24 Stepping 1, AuthenticAMD



---------------  S Y S T E M  ---------------

OS: Windows 10 , 64 bit Build 19041 (10.0.19041.1566)
OS uptime: 0 days 1:45 hours
Hyper-V role detected

CPU:total 4 (initial active 4) (4 cores per cpu, 1 threads per core) family 23 model 24 stepping 1 microcode 0x0, cmov, cx8, fxsr, mmx, sse, sse2, sse3, ssse3, sse4.1, sse4.2, popcnt, avx, avx2, aes, clmul, mmxext, 3dnowpref, lzcnt, sse4a, tsc, tscinvbit, tscinv, bmi1, bmi2, adx, sha, 

Memory: 4k page, system-wide physical 6092M (995M free)
TotalPageFile size 10188M (AvailPageFile size 4M)
current process WorkingSet (physical memory assigned to process): 364M, peak: 364M
current process commit charge ("private bytes"): 393M, peak: 394M

vm_info: OpenJDK 64-Bit Server VM (11.0.11+9-b60-7590822) for windows-amd64 JRE (11.0.11+9-b60-7590822), built on Jul 29 2021 21:43:44 by "builder" with MS VC++ 14.0 (VS2015)

END.
