#
# There is insufficient memory for the Java Runtime Environment to continue.
# Native memory allocation (malloc) failed to allocate 955616 bytes for Chunk::new
# Possible reasons:
#   The system is out of physical RAM or swap space
#   The process is running with CompressedOops enabled, and the Java Heap may be blocking the growth of the native heap
# Possible solutions:
#   Reduce memory load on the system
#   Increase physical memory or swap space
#   Check if swap backing store is full
#   Decrease Java heap size (-Xmx/-Xms)
#   Decrease number of Java threads
#   Decrease Java thread stack sizes (-Xss)
#   Set larger code cache with -XX:ReservedCodeCacheSize=
#   JVM is running with Unscaled Compressed Oops mode in which the Java heap is
#     placed in the first 4GB address space. The Java Heap base address is the
#     maximum limit for the native heap growth. Please use -XX:HeapBaseMinAddress
#     to set the Java Heap base and to place the Java Heap above 4GB virtual address.
# This output file may be truncated or incomplete.
#
#  Out of Memory Error (./src/hotspot/share/memory/arena.cpp:197), pid=6336, tid=3216
#
# JRE version: OpenJDK Runtime Environment (11.0.11+9) (build 11.0.11+9-b60-7590822)
# Java VM: OpenJDK 64-Bit Server VM (11.0.11+9-b60-7590822, mixed mode, tiered, compressed oops, g1 gc, windows-amd64)
# No core dump will be written. Minidumps are not enabled by default on client versions of Windows
#

---------------  S U M M A R Y ------------

Command Line: --add-opens=java.base/java.util=ALL-UNNAMED --add-opens=java.base/java.lang=ALL-UNNAMED --add-opens=java.base/java.lang.invoke=ALL-UNNAMED --add-opens=java.base/java.util=ALL-UNNAMED --add-opens=java.prefs/java.util.prefs=ALL-UNNAMED --add-opens=java.prefs/java.util.prefs=ALL-UNNAMED --add-opens=java.base/java.nio.charset=ALL-UNNAMED --add-opens=java.base/java.net=ALL-UNNAMED --add-opens=java.base/java.util.concurrent.atomic=ALL-UNNAMED -Xmx2048m -Dfile.encoding=UTF-8 -Duser.country=US -Duser.language=en -Duser.variant org.gradle.launcher.daemon.bootstrap.GradleDaemon 7.2

Host: AMD Ryzen 3 3200G with Radeon Vega Graphics    , 4 cores, 5G,  Windows 10 , 64 bit Build 19041 (10.0.19041.1566)
Time: Tue Mar 22 09:08:42 2022 Bangladesh Standard Time elapsed time: 23.997707 seconds (0d 0h 0m 23s)

---------------  T H R E A D  ---------------

Current thread (0x0000027a1bba3800):  JavaThread "C2 CompilerThread0" daemon [_thread_in_native, id=3216, stack(0x0000007d04600000,0x0000007d04700000)]


Current CompileTask:
C2:  23997 12300   !   4       com.sun.tools.javac.parser.JavaTokenizer::readToken (2179 bytes)

Stack: [0x0000007d04600000,0x0000007d04700000]
Native frames: (J=compiled Java code, j=interpreted, Vv=VM code, C=native code)
V  [jvm.dll+0x5f214a]
V  [jvm.dll+0x726fb5]
V  [jvm.dll+0x7285cd]
V  [jvm.dll+0x728c83]
V  [jvm.dll+0x243278]
V  [jvm.dll+0xbc53c]
V  [jvm.dll+0xbca3c]
V  [jvm.dll+0x2b5c34]
V  [jvm.dll+0x508488]
V  [jvm.dll+0x1fd92d]
V  [jvm.dll+0x1fb35f]
V  [jvm.dll+0x183d6c]
V  [jvm.dll+0x209a57]
V  [jvm.dll+0x2082a1]
V  [jvm.dll+0x6ef58f]
V  [jvm.dll+0x6e80b5]
V  [jvm.dll+0x5f1036]
C  [ucrtbase.dll+0x21bb2]
C  [KERNEL32.DLL+0x17034]
C  [ntdll.dll+0x52651]


---------------  P R O C E S S  ---------------

Threads class SMR info:
_java_thread_list=0x0000027a1cabb210, length=87, elements={
0x0000027a01fc2000, 0x0000027a1bb82800, 0x0000027a1bb8c800, 0x0000027a1bb9d800,
0x0000027a1bb9e800, 0x0000027a1bba0800, 0x0000027a1bba3800, 0x0000027a1bbe7800,
0x0000027a1c55e000, 0x0000027a1c64f800, 0x0000027a1db15000, 0x0000027a1c743000,
0x0000027a1c931800, 0x0000027a1df43800, 0x0000027a1e2e0800, 0x0000027a1e4ca800,
0x0000027a1e4cb000, 0x0000027a1e801800, 0x0000027a1e628000, 0x0000027a1e626800,
0x0000027a1e624000, 0x0000027a1e629000, 0x0000027a1e623800, 0x0000027a1e627800,
0x0000027a1e62a000, 0x0000027a1e625000, 0x0000027a1e626000, 0x0000027a1eef0800,
0x0000027a1eef3800, 0x0000027a1eef4800, 0x0000027a1eef5000, 0x0000027a1eeef800,
0x0000027a1eef2000, 0x0000027a1eef2800, 0x0000027a208b4800, 0x0000027a208af800,
0x0000027a208b4000, 0x0000027a208b0800, 0x0000027a208b1800, 0x0000027a208b2000,
0x0000027a208af000, 0x0000027a208b5800, 0x0000027a208b8000, 0x0000027a208b6800,
0x0000027a208b3000, 0x0000027a208bb000, 0x0000027a208b8800, 0x0000027a208bc000,
0x0000027a208b9800, 0x0000027a208ba800, 0x0000027a208bd000, 0x0000027a208b7000,
0x0000027a208bd800, 0x0000027a207cc000, 0x0000027a207cf800, 0x0000027a207cd000,
0x0000027a207cd800, 0x0000027a207cb000, 0x0000027a207d0000, 0x0000027a207d3800,
0x0000027a207d1800, 0x0000027a207d2800, 0x0000027a207d4000, 0x0000027a207d1000,
0x0000027a207ce800, 0x0000027a207d5000, 0x0000027a207d7800, 0x0000027a207d8800,
0x0000027a207d9000, 0x0000027a207da000, 0x0000027a207d6000, 0x0000027a207d6800,
0x0000027a2081e000, 0x0000027a2081c800, 0x0000027a2081f000, 0x0000027a2081d800,
0x0000027a2081b800, 0x0000027a20819800, 0x0000027a2081b000, 0x0000027a2081a000,
0x0000027a20820800, 0x0000027a20822800, 0x0000027a20825800, 0x0000027a20826800,
0x0000027a20827000, 0x0000027a20823000, 0x0000027a20907000
}

Java Threads: ( => current thread )
  0x0000027a01fc2000 JavaThread "main" [_thread_blocked, id=8452, stack(0x0000007d03a00000,0x0000007d03b00000)]
  0x0000027a1bb82800 JavaThread "Reference Handler" daemon [_thread_blocked, id=5232, stack(0x0000007d04100000,0x0000007d04200000)]
  0x0000027a1bb8c800 JavaThread "Finalizer" daemon [_thread_blocked, id=4888, stack(0x0000007d04200000,0x0000007d04300000)]
  0x0000027a1bb9d800 JavaThread "Signal Dispatcher" daemon [_thread_blocked, id=2600, stack(0x0000007d04300000,0x0000007d04400000)]
  0x0000027a1bb9e800 JavaThread "Attach Listener" daemon [_thread_blocked, id=7144, stack(0x0000007d04400000,0x0000007d04500000)]
  0x0000027a1bba0800 JavaThread "Service Thread" daemon [_thread_blocked, id=6240, stack(0x0000007d04500000,0x0000007d04600000)]
=>0x0000027a1bba3800 JavaThread "C2 CompilerThread0" daemon [_thread_in_native, id=3216, stack(0x0000007d04600000,0x0000007d04700000)]
  0x0000027a1bbe7800 JavaThread "C1 CompilerThread0" daemon [_thread_blocked, id=8488, stack(0x0000007d04700000,0x0000007d04800000)]
  0x0000027a1c55e000 JavaThread "Sweeper thread" daemon [_thread_blocked, id=5072, stack(0x0000007d04800000,0x0000007d04900000)]
  0x0000027a1c64f800 JavaThread "Common-Cleaner" daemon [_thread_blocked, id=6700, stack(0x0000007d04900000,0x0000007d04a00000)]
  0x0000027a1db15000 JavaThread "Daemon health stats" [_thread_blocked, id=5276, stack(0x0000007d04d00000,0x0000007d04e00000)]
  0x0000027a1c743000 JavaThread "Incoming local TCP Connector on port 58681" [_thread_in_native, id=8956, stack(0x0000007d04b00000,0x0000007d04c00000)]
  0x0000027a1c931800 JavaThread "Daemon periodic checks" [_thread_blocked, id=9796, stack(0x0000007d04e00000,0x0000007d04f00000)]
  0x0000027a1df43800 JavaThread "Daemon" [_thread_blocked, id=7172, stack(0x0000007d04f00000,0x0000007d05000000)]
  0x0000027a1e2e0800 JavaThread "Handler for socket connection from /127.0.0.1:58681 to /127.0.0.1:58682" [_thread_in_native, id=6276, stack(0x0000007d05000000,0x0000007d05100000)]
  0x0000027a1e4ca800 JavaThread "Cancel handler" [_thread_blocked, id=7452, stack(0x0000007d05100000,0x0000007d05200000)]
  0x0000027a1e4cb000 JavaThread "Daemon worker" [_thread_blocked, id=4248, stack(0x0000007d05200000,0x0000007d05300000)]
  0x0000027a1e801800 JavaThread "Asynchronous log dispatcher for DefaultDaemonConnection: socket connection from /127.0.0.1:58681 to /127.0.0.1:58682" [_thread_blocked, id=6676, stack(0x0000007d05300000,0x0000007d05400000)]
  0x0000027a1e628000 JavaThread "Stdin handler" [_thread_blocked, id=9132, stack(0x0000007d05400000,0x0000007d05500000)]
  0x0000027a1e626800 JavaThread "Daemon client event forwarder" [_thread_blocked, id=4340, stack(0x0000007d05500000,0x0000007d05600000)]
  0x0000027a1e624000 JavaThread "Cache worker for journal cache (C:\Users\Anjan Karmakar\.gradle\caches\journal-1)" [_thread_blocked, id=3964, stack(0x0000007d05800000,0x0000007d05900000)]
  0x0000027a1e629000 JavaThread "File lock request listener" [_thread_in_native, id=6164, stack(0x0000007d05900000,0x0000007d05a00000)]
  0x0000027a1e623800 JavaThread "Cache worker for file hash cache (C:\Users\Anjan Karmakar\.gradle\caches\7.2\fileHashes)" [_thread_blocked, id=2412, stack(0x0000007d05a00000,0x0000007d05b00000)]
  0x0000027a1e627800 JavaThread "Cache worker for file hash cache (C:\Users\Anjan Karmakar\Android Studio Projects\MYTODOLIST2.0\.gradle\7.2\fileHashes)" [_thread_blocked, id=8112, stack(0x0000007d05c00000,0x0000007d05d00000)]
  0x0000027a1e62a000 JavaThread "File watcher server" daemon [_thread_in_native, id=6580, stack(0x0000007d05d00000,0x0000007d05e00000)]
  0x0000027a1e625000 JavaThread "File watcher consumer" daemon [_thread_blocked, id=3700, stack(0x0000007d05e00000,0x0000007d05f00000)]
  0x0000027a1e626000 JavaThread "Cache worker for checksums cache (C:\Users\Anjan Karmakar\Android Studio Projects\MYTODOLIST2.0\.gradle\checksums)" [_thread_blocked, id=8292, stack(0x0000007d05f00000,0x0000007d06000000)]
  0x0000027a1eef0800 JavaThread "Cache worker for cache directory md-supplier (C:\Users\Anjan Karmakar\.gradle\caches\7.2\md-supplier)" [_thread_blocked, id=2052, stack(0x0000007d06000000,0x0000007d06100000)]
  0x0000027a1eef3800 JavaThread "Cache worker for cache directory md-rule (C:\Users\Anjan Karmakar\.gradle\caches\7.2\md-rule)" [_thread_blocked, id=1940, stack(0x0000007d06100000,0x0000007d06200000)]
  0x0000027a1eef4800 JavaThread "Cache worker for execution history cache (C:\Users\Anjan Karmakar\.gradle\caches\7.2\executionHistory)" [_thread_blocked, id=2036, stack(0x0000007d06200000,0x0000007d06300000)]
  0x0000027a1eef5000 JavaThread "jar transforms" [_thread_blocked, id=5448, stack(0x0000007d06300000,0x0000007d06400000)]
  0x0000027a1eeef800 JavaThread "Cache worker for file content cache (C:\Users\Anjan Karmakar\.gradle\caches\7.2\fileContent)" [_thread_blocked, id=3396, stack(0x0000007d06400000,0x0000007d06500000)]
  0x0000027a1eef2000 JavaThread "jar transforms Thread 2" [_thread_blocked, id=4800, stack(0x0000007d06500000,0x0000007d06600000)]
  0x0000027a1eef2800 JavaThread "Cache worker for dependencies-accessors (C:\Users\Anjan Karmakar\Android Studio Projects\MYTODOLIST2.0\.gradle\7.2\dependencies-accessors)" [_thread_blocked, id=3736, stack(0x0000007d06600000,0x0000007d06700000)]
  0x0000027a208b4800 JavaThread "jar transforms Thread 3" [_thread_blocked, id=384, stack(0x0000007d06700000,0x0000007d06800000)]
  0x0000027a208af800 JavaThread "Cache worker for Build Output Cleanup Cache (C:\Users\Anjan Karmakar\Android Studio Projects\MYTODOLIST2.0\.gradle\buildOutputCleanup)" [_thread_blocked, id=1488, stack(0x0000007d06800000,0x0000007d06900000)]
  0x0000027a208b4000 JavaThread "Unconstrained build operations" [_thread_blocked, id=7788, stack(0x0000007d06900000,0x0000007d06a00000)]
  0x0000027a208b0800 JavaThread "Unconstrained build operations Thread 2" [_thread_blocked, id=6168, stack(0x0000007d06a00000,0x0000007d06b00000)]
  0x0000027a208b1800 JavaThread "Unconstrained build operations Thread 3" [_thread_blocked, id=280, stack(0x0000007d06b00000,0x0000007d06c00000)]
  0x0000027a208b2000 JavaThread "Unconstrained build operations Thread 4" [_thread_blocked, id=2896, stack(0x0000007d06c00000,0x0000007d06d00000)]
  0x0000027a208af000 JavaThread "Unconstrained build operations Thread 5" [_thread_blocked, id=2264, stack(0x0000007d06d00000,0x0000007d06e00000)]
  0x0000027a208b5800 JavaThread "Unconstrained build operations Thread 6" [_thread_blocked, id=9592, stack(0x0000007d06e00000,0x0000007d06f00000)]
  0x0000027a208b8000 JavaThread "Unconstrained build operations Thread 7" [_thread_blocked, id=8716, stack(0x0000007d06f00000,0x0000007d07000000)]
  0x0000027a208b6800 JavaThread "Unconstrained build operations Thread 8" [_thread_blocked, id=6808, stack(0x0000007d07000000,0x0000007d07100000)]
  0x0000027a208b3000 JavaThread "Unconstrained build operations Thread 9" [_thread_blocked, id=6244, stack(0x0000007d07100000,0x0000007d07200000)]
  0x0000027a208bb000 JavaThread "Unconstrained build operations Thread 10" [_thread_blocked, id=2532, stack(0x0000007d07200000,0x0000007d07300000)]
  0x0000027a208b8800 JavaThread "Unconstrained build operations Thread 11" [_thread_blocked, id=6216, stack(0x0000007d07300000,0x0000007d07400000)]
  0x0000027a208bc000 JavaThread "Unconstrained build operations Thread 12" [_thread_blocked, id=6876, stack(0x0000007d07400000,0x0000007d07500000)]
  0x0000027a208b9800 JavaThread "Unconstrained build operations Thread 13" [_thread_blocked, id=4868, stack(0x0000007d07500000,0x0000007d07600000)]
  0x0000027a208ba800 JavaThread "Unconstrained build operations Thread 14" [_thread_blocked, id=4688, stack(0x0000007d07600000,0x0000007d07700000)]
  0x0000027a208bd000 JavaThread "Unconstrained build operations Thread 15" [_thread_blocked, id=8840, stack(0x0000007d07700000,0x0000007d07800000)]
  0x0000027a208b7000 JavaThread "Unconstrained build operations Thread 16" [_thread_blocked, id=60, stack(0x0000007d07800000,0x0000007d07900000)]
  0x0000027a208bd800 JavaThread "Unconstrained build operations Thread 17" [_thread_blocked, id=5224, stack(0x0000007d07900000,0x0000007d07a00000)]
  0x0000027a207cc000 JavaThread "Unconstrained build operations Thread 18" [_thread_blocked, id=5908, stack(0x0000007d07a00000,0x0000007d07b00000)]
  0x0000027a207cf800 JavaThread "Unconstrained build operations Thread 19" [_thread_blocked, id=9096, stack(0x0000007d07b00000,0x0000007d07c00000)]
  0x0000027a207cd000 JavaThread "Unconstrained build operations Thread 20" [_thread_blocked, id=3936, stack(0x0000007d07c00000,0x0000007d07d00000)]
  0x0000027a207cd800 JavaThread "Unconstrained build operations Thread 21" [_thread_blocked, id=1696, stack(0x0000007d07d00000,0x0000007d07e00000)]
  0x0000027a207cb000 JavaThread "Unconstrained build operations Thread 22" [_thread_blocked, id=3004, stack(0x0000007d07e00000,0x0000007d07f00000)]
  0x0000027a207d0000 JavaThread "Unconstrained build operations Thread 23" [_thread_blocked, id=1848, stack(0x0000007d07f00000,0x0000007d08000000)]
  0x0000027a207d3800 JavaThread "Unconstrained build operations Thread 24" [_thread_blocked, id=6524, stack(0x0000007d08000000,0x0000007d08100000)]
  0x0000027a207d1800 JavaThread "Unconstrained build operations Thread 25" [_thread_blocked, id=5384, stack(0x0000007d08100000,0x0000007d08200000)]
  0x0000027a207d2800 JavaThread "Unconstrained build operations Thread 26" [_thread_blocked, id=7208, stack(0x0000007d08200000,0x0000007d08300000)]
  0x0000027a207d4000 JavaThread "Unconstrained build operations Thread 27" [_thread_blocked, id=9044, stack(0x0000007d08300000,0x0000007d08400000)]
  0x0000027a207d1000 JavaThread "Unconstrained build operations Thread 28" [_thread_blocked, id=4264, stack(0x0000007d08400000,0x0000007d08500000)]
  0x0000027a207ce800 JavaThread "Unconstrained build operations Thread 29" [_thread_blocked, id=6652, stack(0x0000007d08500000,0x0000007d08600000)]
  0x0000027a207d5000 JavaThread "Unconstrained build operations Thread 30" [_thread_blocked, id=9620, stack(0x0000007d08600000,0x0000007d08700000)]
  0x0000027a207d7800 JavaThread "Unconstrained build operations Thread 31" [_thread_blocked, id=8892, stack(0x0000007d08700000,0x0000007d08800000)]
  0x0000027a207d8800 JavaThread "Unconstrained build operations Thread 32" [_thread_blocked, id=3344, stack(0x0000007d08800000,0x0000007d08900000)]
  0x0000027a207d9000 JavaThread "Unconstrained build operations Thread 33" [_thread_blocked, id=4288, stack(0x0000007d08900000,0x0000007d08a00000)]
  0x0000027a207da000 JavaThread "Unconstrained build operations Thread 34" [_thread_blocked, id=6636, stack(0x0000007d08a00000,0x0000007d08b00000)]
  0x0000027a207d6000 JavaThread "Unconstrained build operations Thread 35" [_thread_blocked, id=9392, stack(0x0000007d08b00000,0x0000007d08c00000)]
  0x0000027a207d6800 JavaThread "Unconstrained build operations Thread 36" [_thread_blocked, id=7736, stack(0x0000007d08c00000,0x0000007d08d00000)]
  0x0000027a2081e000 JavaThread "Unconstrained build operations Thread 37" [_thread_blocked, id=8460, stack(0x0000007d08d00000,0x0000007d08e00000)]
  0x0000027a2081c800 JavaThread "Unconstrained build operations Thread 38" [_thread_blocked, id=8600, stack(0x0000007d08e00000,0x0000007d08f00000)]
  0x0000027a2081f000 JavaThread "Unconstrained build operations Thread 39" [_thread_blocked, id=8432, stack(0x0000007d08f00000,0x0000007d09000000)]
  0x0000027a2081d800 JavaThread "Unconstrained build operations Thread 40" [_thread_blocked, id=8908, stack(0x0000007d09000000,0x0000007d09100000)]
  0x0000027a2081b800 JavaThread "jar transforms Thread 4" [_thread_blocked, id=5464, stack(0x0000007d09100000,0x0000007d09200000)]
  0x0000027a20819800 JavaThread "Memory manager" [_thread_blocked, id=8624, stack(0x0000007d09200000,0x0000007d09300000)]
  0x0000027a2081b000 JavaThread "build event listener" [_thread_blocked, id=3984, stack(0x0000007d09300000,0x0000007d09400000)]
  0x0000027a2081a000 JavaThread "pool-3-thread-1" [_thread_blocked, id=5716, stack(0x0000007d09400000,0x0000007d09500000)]
  0x0000027a20820800 JavaThread "build event listener" [_thread_blocked, id=2248, stack(0x0000007d09500000,0x0000007d09600000)]
  0x0000027a20822800 JavaThread "Execution worker for ':'" [_thread_blocked, id=2140, stack(0x0000007d09600000,0x0000007d09700000)]
  0x0000027a20825800 JavaThread "Execution worker for ':' Thread 2" [_thread_blocked, id=6528, stack(0x0000007d09700000,0x0000007d09800000)]
  0x0000027a20826800 JavaThread "Execution worker for ':' Thread 3" [_thread_blocked, id=9948, stack(0x0000007d09800000,0x0000007d09900000)]
  0x0000027a20827000 JavaThread "Cache worker for execution history cache (C:\Users\Anjan Karmakar\Android Studio Projects\MYTODOLIST2.0\.gradle\7.2\executionHistory)" [_thread_blocked, id=936, stack(0x0000007d09900000,0x0000007d09a00000)]
  0x0000027a20823000 JavaThread "WorkerExecutor Queue" [_thread_in_native, id=7340, stack(0x0000007d05b00000,0x0000007d05c00000)]
  0x0000027a20907000 JavaThread "C2 CompilerThread1" daemon [_thread_in_native, id=9184, stack(0x0000007d09a00000,0x0000007d09b00000)]

Other Threads:
  0x0000027a1bb7e000 VMThread "VM Thread" [stack: 0x0000007d04000000,0x0000007d04100000] [id=1028]
  0x0000027a1c675800 WatcherThread [stack: 0x0000007d04a00000,0x0000007d04b00000] [id=1876]
  0x0000027a7ff2c000 GCTaskThread "GC Thread#0" [stack: 0x0000007d03b00000,0x0000007d03c00000] [id=10236]
  0x0000027a1c861000 GCTaskThread "GC Thread#1" [stack: 0x0000007d04c00000,0x0000007d04d00000] [id=7140]
  0x0000027a1fc96800 GCTaskThread "GC Thread#2" [stack: 0x0000007d05600000,0x0000007d05700000] [id=6232]
  0x0000027a1e813000 GCTaskThread "GC Thread#3" [stack: 0x0000007d05700000,0x0000007d05800000] [id=2096]
  0x0000027a02005800 ConcurrentGCThread "G1 Main Marker" [stack: 0x0000007d03c00000,0x0000007d03d00000] [id=2400]
  0x0000027a02008000 ConcurrentGCThread "G1 Conc#0" [stack: 0x0000007d03d00000,0x0000007d03e00000] [id=2872]
  0x0000027a0207a000 ConcurrentGCThread "G1 Refine#0" [stack: 0x0000007d03e00000,0x0000007d03f00000] [id=9396]
  0x0000027a0207b800 ConcurrentGCThread "G1 Young RemSet Sampling" [stack: 0x0000007d03f00000,0x0000007d04000000] [id=8360]

Threads with active compile tasks:
C2 CompilerThread0  24024 12300   !   4       com.sun.tools.javac.parser.JavaTokenizer::readToken (2179 bytes)
C2 CompilerThread1  24024 12402       4       jdk.nio.zipfs.ZipPath::getFileName (94 bytes)

VM state:not at safepoint (normal execution)

VM Mutex/Monitor currently owned by a thread: None

Heap address: 0x0000000080000000, size: 2048 MB, Compressed Oops mode: 32-bit
Narrow klass base: 0x0000000000000000, Narrow klass shift: 3
Compressed class space size: 1073741824 Address: 0x0000000100000000

Heap:
 garbage-first heap   total 143360K, used 115270K [0x0000000080000000, 0x0000000100000000)
  region size 1024K, 16 young (16384K), 2 survivors (2048K)
 Metaspace       used 103981K, capacity 106310K, committed 106444K, reserved 1142784K
  class space    used 13065K, capacity 13979K, committed 14080K, reserved 1048576K
Heap Regions: E=young(eden), S=young(survivor), O=old, HS=humongous(starts), HC=humongous(continues), CS=collection set, F=free, A=archive, TAMS=top-at-mark-start (previous, next)
|   0|0x0000000080000000, 0x0000000080100000, 0x0000000080100000|100%|HS|  |TAMS 0x0000000080100000, 0x0000000080000000| Complete 
|   1|0x0000000080100000, 0x0000000080200000, 0x0000000080200000|100%|HC|  |TAMS 0x0000000080200000, 0x0000000080100000| Complete 
|   2|0x0000000080200000, 0x0000000080300000, 0x0000000080300000|100%|HC|  |TAMS 0x0000000080300000, 0x0000000080200000| Complete 
|   3|0x0000000080300000, 0x0000000080400000, 0x0000000080400000|100%| O|  |TAMS 0x0000000080400000, 0x0000000080300000| Untracked 
|   4|0x0000000080400000, 0x0000000080500000, 0x0000000080500000|100%| O|  |TAMS 0x0000000080500000, 0x0000000080400000| Untracked 
|   5|0x0000000080500000, 0x0000000080600000, 0x0000000080600000|100%| O|  |TAMS 0x0000000080600000, 0x0000000080500000| Untracked 
|   6|0x0000000080600000, 0x0000000080700000, 0x0000000080700000|100%| O|  |TAMS 0x0000000080700000, 0x0000000080600000| Untracked 
|   7|0x0000000080700000, 0x0000000080800000, 0x0000000080800000|100%| O|  |TAMS 0x0000000080800000, 0x0000000080700000| Untracked 
|   8|0x0000000080800000, 0x0000000080900000, 0x0000000080900000|100%| O|  |TAMS 0x0000000080900000, 0x0000000080800000| Untracked 
|   9|0x0000000080900000, 0x0000000080a00000, 0x0000000080a00000|100%| O|  |TAMS 0x0000000080a00000, 0x0000000080900000| Untracked 
|  10|0x0000000080a00000, 0x0000000080b00000, 0x0000000080b00000|100%| O|  |TAMS 0x0000000080b00000, 0x0000000080a00000| Untracked 
|  11|0x0000000080b00000, 0x0000000080c00000, 0x0000000080c00000|100%| O|  |TAMS 0x0000000080c00000, 0x0000000080b00000| Untracked 
|  12|0x0000000080c00000, 0x0000000080d00000, 0x0000000080d00000|100%| O|  |TAMS 0x0000000080d00000, 0x0000000080c00000| Untracked 
|  13|0x0000000080d00000, 0x0000000080e00000, 0x0000000080e00000|100%| O|  |TAMS 0x0000000080e00000, 0x0000000080d00000| Untracked 
|  14|0x0000000080e00000, 0x0000000080f00000, 0x0000000080f00000|100%| O|  |TAMS 0x0000000080f00000, 0x0000000080e00000| Untracked 
|  15|0x0000000080f00000, 0x0000000081000000, 0x0000000081000000|100%| O|  |TAMS 0x0000000081000000, 0x0000000080f00000| Untracked 
|  16|0x0000000081000000, 0x0000000081100000, 0x0000000081100000|100%| O|  |TAMS 0x0000000081100000, 0x0000000081000000| Untracked 
|  17|0x0000000081100000, 0x0000000081200000, 0x0000000081200000|100%| O|  |TAMS 0x0000000081200000, 0x0000000081100000| Untracked 
|  18|0x0000000081200000, 0x0000000081300000, 0x0000000081300000|100%| O|  |TAMS 0x0000000081300000, 0x0000000081200000| Untracked 
|  19|0x0000000081300000, 0x0000000081400000, 0x0000000081400000|100%| O|  |TAMS 0x0000000081400000, 0x0000000081300000| Untracked 
|  20|0x0000000081400000, 0x0000000081500000, 0x0000000081500000|100%| O|  |TAMS 0x0000000081500000, 0x0000000081400000| Untracked 
|  21|0x0000000081500000, 0x0000000081600000, 0x0000000081600000|100%| O|  |TAMS 0x0000000081600000, 0x0000000081500000| Untracked 
|  22|0x0000000081600000, 0x0000000081700000, 0x0000000081700000|100%| O|  |TAMS 0x0000000081700000, 0x0000000081600000| Untracked 
|  23|0x0000000081700000, 0x0000000081800000, 0x0000000081800000|100%| O|  |TAMS 0x0000000081800000, 0x0000000081700000| Untracked 
|  24|0x0000000081800000, 0x0000000081900000, 0x0000000081900000|100%| O|  |TAMS 0x0000000081900000, 0x0000000081800000| Untracked 
|  25|0x0000000081900000, 0x0000000081a00000, 0x0000000081a00000|100%| O|  |TAMS 0x0000000081a00000, 0x0000000081900000| Untracked 
|  26|0x0000000081a00000, 0x0000000081b00000, 0x0000000081b00000|100%|HS|  |TAMS 0x0000000081b00000, 0x0000000081a00000| Complete 
|  27|0x0000000081b00000, 0x0000000081c00000, 0x0000000081c00000|100%|HS|  |TAMS 0x0000000081c00000, 0x0000000081b00000| Complete 
|  28|0x0000000081c00000, 0x0000000081d00000, 0x0000000081d00000|100%|HS|  |TAMS 0x0000000081d00000, 0x0000000081c00000| Complete 
|  29|0x0000000081d00000, 0x0000000081e00000, 0x0000000081e00000|100%|HS|  |TAMS 0x0000000081e00000, 0x0000000081d00000| Complete 
|  30|0x0000000081e00000, 0x0000000081f00000, 0x0000000081f00000|100%|HC|  |TAMS 0x0000000081f00000, 0x0000000081e00000| Complete 
|  31|0x0000000081f00000, 0x0000000082000000, 0x0000000082000000|100%|HC|  |TAMS 0x0000000082000000, 0x0000000081f00000| Complete 
|  32|0x0000000082000000, 0x0000000082100000, 0x0000000082100000|100%|HS|  |TAMS 0x0000000082100000, 0x0000000082000000| Complete 
|  33|0x0000000082100000, 0x0000000082200000, 0x0000000082200000|100%| O|  |TAMS 0x0000000082200000, 0x0000000082100000| Untracked 
|  34|0x0000000082200000, 0x0000000082300000, 0x0000000082300000|100%| O|  |TAMS 0x0000000082300000, 0x0000000082200000| Untracked 
|  35|0x0000000082300000, 0x0000000082400000, 0x0000000082400000|100%| O|  |TAMS 0x0000000082400000, 0x0000000082300000| Untracked 
|  36|0x0000000082400000, 0x0000000082500000, 0x0000000082500000|100%| O|  |TAMS 0x0000000082500000, 0x0000000082400000| Untracked 
|  37|0x0000000082500000, 0x0000000082600000, 0x0000000082600000|100%| O|  |TAMS 0x0000000082600000, 0x0000000082500000| Untracked 
|  38|0x0000000082600000, 0x0000000082700000, 0x0000000082700000|100%|HS|  |TAMS 0x0000000082700000, 0x0000000082600000| Complete 
|  39|0x0000000082700000, 0x0000000082800000, 0x0000000082800000|100%|HC|  |TAMS 0x0000000082800000, 0x0000000082700000| Complete 
|  40|0x0000000082800000, 0x0000000082900000, 0x0000000082900000|100%| O|  |TAMS 0x0000000082900000, 0x0000000082800000| Untracked 
|  41|0x0000000082900000, 0x0000000082a00000, 0x0000000082a00000|100%| O|  |TAMS 0x0000000082a00000, 0x0000000082900000| Untracked 
|  42|0x0000000082a00000, 0x0000000082b00000, 0x0000000082b00000|100%| O|  |TAMS 0x0000000082b00000, 0x0000000082a00000| Untracked 
|  43|0x0000000082b00000, 0x0000000082c00000, 0x0000000082c00000|100%| O|  |TAMS 0x0000000082c00000, 0x0000000082b00000| Untracked 
|  44|0x0000000082c00000, 0x0000000082d00000, 0x0000000082d00000|100%| O|  |TAMS 0x0000000082d00000, 0x0000000082c00000| Untracked 
|  45|0x0000000082d00000, 0x0000000082e00000, 0x0000000082e00000|100%| O|  |TAMS 0x0000000082e00000, 0x0000000082d00000| Untracked 
|  46|0x0000000082e00000, 0x0000000082f00000, 0x0000000082f00000|100%| O|  |TAMS 0x0000000082f00000, 0x0000000082e00000| Untracked 
|  47|0x0000000082f00000, 0x0000000083000000, 0x0000000083000000|100%| O|  |TAMS 0x0000000083000000, 0x0000000082f00000| Untracked 
|  48|0x0000000083000000, 0x0000000083100000, 0x0000000083100000|100%| O|  |TAMS 0x0000000083100000, 0x0000000083000000| Untracked 
|  49|0x0000000083100000, 0x0000000083200000, 0x0000000083200000|100%| O|  |TAMS 0x0000000083200000, 0x0000000083100000| Untracked 
|  50|0x0000000083200000, 0x0000000083300000, 0x0000000083300000|100%| O|  |TAMS 0x0000000083300000, 0x0000000083200000| Untracked 
|  51|0x0000000083300000, 0x0000000083400000, 0x0000000083400000|100%| O|  |TAMS 0x0000000083400000, 0x0000000083300000| Untracked 
|  52|0x0000000083400000, 0x0000000083500000, 0x0000000083500000|100%| O|  |TAMS 0x0000000083500000, 0x0000000083400000| Untracked 
|  53|0x0000000083500000, 0x0000000083600000, 0x0000000083600000|100%| O|  |TAMS 0x0000000083600000, 0x0000000083500000| Untracked 
|  54|0x0000000083600000, 0x0000000083700000, 0x0000000083700000|100%| O|  |TAMS 0x0000000083700000, 0x0000000083600000| Untracked 
|  55|0x0000000083700000, 0x0000000083800000, 0x0000000083800000|100%| O|  |TAMS 0x0000000083800000, 0x0000000083700000| Untracked 
|  56|0x0000000083800000, 0x0000000083900000, 0x0000000083900000|100%| O|  |TAMS 0x0000000083900000, 0x0000000083800000| Untracked 
|  57|0x0000000083900000, 0x0000000083a00000, 0x0000000083a00000|100%| O|  |TAMS 0x0000000083a00000, 0x0000000083900000| Untracked 
|  58|0x0000000083a00000, 0x0000000083b00000, 0x0000000083b00000|100%| O|  |TAMS 0x0000000083b00000, 0x0000000083a00000| Untracked 
|  59|0x0000000083b00000, 0x0000000083c00000, 0x0000000083c00000|100%| O|  |TAMS 0x0000000083c00000, 0x0000000083b00000| Untracked 
|  60|0x0000000083c00000, 0x0000000083d00000, 0x0000000083d00000|100%| O|  |TAMS 0x0000000083d00000, 0x0000000083c00000| Untracked 
|  61|0x0000000083d00000, 0x0000000083e00000, 0x0000000083e00000|100%| O|  |TAMS 0x0000000083e00000, 0x0000000083d00000| Untracked 
|  62|0x0000000083e00000, 0x0000000083f00000, 0x0000000083f00000|100%| O|  |TAMS 0x0000000083f00000, 0x0000000083e00000| Untracked 
|  63|0x0000000083f00000, 0x0000000084000000, 0x0000000084000000|100%| O|  |TAMS 0x0000000084000000, 0x0000000083f00000| Untracked 
|  64|0x0000000084000000, 0x0000000084100000, 0x0000000084100000|100%| O|  |TAMS 0x0000000084100000, 0x0000000084000000| Untracked 
|  65|0x0000000084100000, 0x0000000084200000, 0x0000000084200000|100%| O|  |TAMS 0x0000000084200000, 0x0000000084100000| Untracked 
|  66|0x0000000084200000, 0x0000000084300000, 0x0000000084300000|100%| O|  |TAMS 0x0000000084300000, 0x0000000084200000| Untracked 
|  67|0x0000000084300000, 0x0000000084400000, 0x0000000084400000|100%| O|  |TAMS 0x0000000084400000, 0x0000000084300000| Untracked 
|  68|0x0000000084400000, 0x0000000084500000, 0x0000000084500000|100%| O|  |TAMS 0x0000000084500000, 0x0000000084400000| Untracked 
|  69|0x0000000084500000, 0x0000000084600000, 0x0000000084600000|100%| O|  |TAMS 0x0000000084600000, 0x0000000084500000| Untracked 
|  70|0x0000000084600000, 0x0000000084700000, 0x0000000084700000|100%| O|  |TAMS 0x0000000084700000, 0x0000000084600000| Untracked 
|  71|0x0000000084700000, 0x0000000084800000, 0x0000000084800000|100%| O|  |TAMS 0x0000000084800000, 0x0000000084700000| Untracked 
|  72|0x0000000084800000, 0x0000000084900000, 0x0000000084900000|100%| O|  |TAMS 0x0000000084900000, 0x0000000084800000| Untracked 
|  73|0x0000000084900000, 0x0000000084a00000, 0x0000000084a00000|100%| O|  |TAMS 0x0000000084a00000, 0x0000000084900000| Untracked 
|  74|0x0000000084a00000, 0x0000000084b00000, 0x0000000084b00000|100%| O|  |TAMS 0x0000000084b00000, 0x0000000084a00000| Untracked 
|  75|0x0000000084b00000, 0x0000000084c00000, 0x0000000084c00000|100%| O|  |TAMS 0x0000000084c00000, 0x0000000084b00000| Untracked 
|  76|0x0000000084c00000, 0x0000000084d00000, 0x0000000084d00000|100%| O|  |TAMS 0x0000000084d00000, 0x0000000084c00000| Untracked 
|  77|0x0000000084d00000, 0x0000000084e00000, 0x0000000084e00000|100%| O|  |TAMS 0x0000000084e00000, 0x0000000084d00000| Untracked 
|  78|0x0000000084e00000, 0x0000000084f00000, 0x0000000084f00000|100%| O|  |TAMS 0x0000000084f00000, 0x0000000084e00000| Untracked 
|  79|0x0000000084f00000, 0x0000000085000000, 0x0000000085000000|100%| O|  |TAMS 0x0000000085000000, 0x0000000084f00000| Untracked 
|  80|0x0000000085000000, 0x0000000085100000, 0x0000000085100000|100%| O|  |TAMS 0x0000000085100000, 0x0000000085000000| Untracked 
|  81|0x0000000085100000, 0x0000000085200000, 0x0000000085200000|100%| O|  |TAMS 0x0000000085200000, 0x0000000085100000| Untracked 
|  82|0x0000000085200000, 0x0000000085300000, 0x0000000085300000|100%| O|  |TAMS 0x0000000085300000, 0x0000000085200000| Untracked 
|  83|0x0000000085300000, 0x0000000085400000, 0x0000000085400000|100%| O|  |TAMS 0x0000000085400000, 0x0000000085300000| Untracked 
|  84|0x0000000085400000, 0x0000000085500000, 0x0000000085500000|100%| O|  |TAMS 0x0000000085500000, 0x0000000085400000| Untracked 
|  85|0x0000000085500000, 0x0000000085600000, 0x0000000085600000|100%| O|  |TAMS 0x0000000085600000, 0x0000000085500000| Untracked 
|  86|0x0000000085600000, 0x0000000085700000, 0x0000000085700000|100%| O|  |TAMS 0x0000000085700000, 0x0000000085600000| Untracked 
|  87|0x0000000085700000, 0x0000000085800000, 0x0000000085800000|100%| O|  |TAMS 0x0000000085800000, 0x0000000085700000| Untracked 
|  88|0x0000000085800000, 0x0000000085900000, 0x0000000085900000|100%| O|  |TAMS 0x0000000085900000, 0x0000000085800000| Untracked 
|  89|0x0000000085900000, 0x0000000085a00000, 0x0000000085a00000|100%| O|  |TAMS 0x0000000085a00000, 0x0000000085900000| Untracked 
|  90|0x0000000085a00000, 0x0000000085b00000, 0x0000000085b00000|100%| O|  |TAMS 0x0000000085b00000, 0x0000000085a00000| Untracked 
|  91|0x0000000085b00000, 0x0000000085c00000, 0x0000000085c00000|100%| O|  |TAMS 0x0000000085c00000, 0x0000000085b00000| Untracked 
|  92|0x0000000085c00000, 0x0000000085d00000, 0x0000000085d00000|100%|HS|  |TAMS 0x0000000085d00000, 0x0000000085c00000| Complete 
|  93|0x0000000085d00000, 0x0000000085e00000, 0x0000000085e00000|100%|HC|  |TAMS 0x0000000085e00000, 0x0000000085d00000| Complete 
|  94|0x0000000085e00000, 0x0000000085f00000, 0x0000000085f00000|100%|HC|  |TAMS 0x0000000085f00000, 0x0000000085e00000| Complete 
|  95|0x0000000085f00000, 0x0000000086000000, 0x0000000086000000|100%| O|  |TAMS 0x0000000086000000, 0x0000000085f00000| Untracked 
|  96|0x0000000086000000, 0x0000000086037c00, 0x0000000086100000| 21%| O|  |TAMS 0x0000000086037c00, 0x0000000086000000| Untracked 
|  97|0x0000000086100000, 0x0000000086200000, 0x0000000086200000|100%| O|  |TAMS 0x0000000086200000, 0x0000000086100000| Untracked 
|  98|0x0000000086200000, 0x0000000086300000, 0x0000000086300000|100%|HS|  |TAMS 0x0000000086200000, 0x0000000086200000| Complete 
|  99|0x0000000086300000, 0x0000000086400000, 0x0000000086400000|100%|HC|  |TAMS 0x0000000086300000, 0x0000000086300000| Complete 
| 100|0x0000000086400000, 0x0000000086400000, 0x0000000086500000|  0%| F|  |TAMS 0x0000000086400000, 0x0000000086400000| Untracked 
| 101|0x0000000086500000, 0x0000000086500000, 0x0000000086600000|  0%| F|  |TAMS 0x0000000086500000, 0x0000000086500000| Untracked 
| 102|0x0000000086600000, 0x0000000086600000, 0x0000000086700000|  0%| F|  |TAMS 0x0000000086600000, 0x0000000086600000| Untracked 
| 103|0x0000000086700000, 0x0000000086700000, 0x0000000086800000|  0%| F|  |TAMS 0x0000000086700000, 0x0000000086700000| Untracked 
| 104|0x0000000086800000, 0x0000000086800000, 0x0000000086900000|  0%| F|  |TAMS 0x0000000086800000, 0x0000000086800000| Untracked 
| 105|0x0000000086900000, 0x0000000086900000, 0x0000000086a00000|  0%| F|  |TAMS 0x0000000086900000, 0x0000000086900000| Untracked 
| 106|0x0000000086a00000, 0x0000000086a00000, 0x0000000086b00000|  0%| F|  |TAMS 0x0000000086a00000, 0x0000000086a00000| Untracked 
| 107|0x0000000086b00000, 0x0000000086b00000, 0x0000000086c00000|  0%| F|  |TAMS 0x0000000086b00000, 0x0000000086b00000| Untracked 
| 108|0x0000000086c00000, 0x0000000086c00000, 0x0000000086d00000|  0%| F|  |TAMS 0x0000000086c00000, 0x0000000086c00000| Untracked 
| 109|0x0000000086d00000, 0x0000000086d00000, 0x0000000086e00000|  0%| F|  |TAMS 0x0000000086d00000, 0x0000000086d00000| Untracked 
| 110|0x0000000086e00000, 0x0000000086e00000, 0x0000000086f00000|  0%| F|  |TAMS 0x0000000086e00000, 0x0000000086e00000| Untracked 
| 111|0x0000000086f00000, 0x0000000086f00000, 0x0000000087000000|  0%| F|  |TAMS 0x0000000086f00000, 0x0000000086f00000| Untracked 
| 112|0x0000000087000000, 0x0000000087000000, 0x0000000087100000|  0%| F|  |TAMS 0x0000000087000000, 0x0000000087000000| Untracked 
| 113|0x0000000087100000, 0x0000000087100000, 0x0000000087200000|  0%| F|  |TAMS 0x0000000087100000, 0x0000000087100000| Untracked 
| 114|0x0000000087200000, 0x0000000087200000, 0x0000000087300000|  0%| F|  |TAMS 0x0000000087200000, 0x0000000087200000| Untracked 
| 115|0x0000000087300000, 0x0000000087300000, 0x0000000087400000|  0%| F|  |TAMS 0x0000000087300000, 0x0000000087300000| Untracked 
| 116|0x0000000087400000, 0x0000000087400000, 0x0000000087500000|  0%| F|  |TAMS 0x0000000087400000, 0x0000000087400000| Untracked 
| 117|0x0000000087500000, 0x0000000087500000, 0x0000000087600000|  0%| F|  |TAMS 0x0000000087500000, 0x0000000087500000| Untracked 
| 118|0x0000000087600000, 0x0000000087600000, 0x0000000087700000|  0%| F|  |TAMS 0x0000000087600000, 0x0000000087600000| Untracked 
| 119|0x0000000087700000, 0x0000000087700000, 0x0000000087800000|  0%| F|  |TAMS 0x0000000087700000, 0x0000000087700000| Untracked 
| 120|0x0000000087800000, 0x0000000087800000, 0x0000000087900000|  0%| F|  |TAMS 0x0000000087800000, 0x0000000087800000| Untracked 
| 121|0x0000000087900000, 0x0000000087900000, 0x0000000087a00000|  0%| F|  |TAMS 0x0000000087900000, 0x0000000087900000| Untracked 
| 122|0x0000000087a00000, 0x0000000087a00000, 0x0000000087b00000|  0%| F|  |TAMS 0x0000000087a00000, 0x0000000087a00000| Untracked 
| 123|0x0000000087b00000, 0x0000000087b00000, 0x0000000087c00000|  0%| F|  |TAMS 0x0000000087b00000, 0x0000000087b00000| Untracked 
| 124|0x0000000087c00000, 0x0000000087c582a0, 0x0000000087d00000| 34%| E|  |TAMS 0x0000000087c00000, 0x0000000087c00000| Complete 
| 125|0x0000000087d00000, 0x0000000087e00000, 0x0000000087e00000|100%| E|CS|TAMS 0x0000000087d00000, 0x0000000087d00000| Complete 
| 126|0x0000000087e00000, 0x0000000087f00000, 0x0000000087f00000|100%| E|CS|TAMS 0x0000000087e00000, 0x0000000087e00000| Complete 
| 127|0x0000000087f00000, 0x0000000088000000, 0x0000000088000000|100%| E|CS|TAMS 0x0000000087f00000, 0x0000000087f00000| Complete 
| 128|0x0000000088000000, 0x0000000088100000, 0x0000000088100000|100%| E|CS|TAMS 0x0000000088000000, 0x0000000088000000| Complete 
| 129|0x0000000088100000, 0x0000000088200000, 0x0000000088200000|100%| E|CS|TAMS 0x0000000088100000, 0x0000000088100000| Complete 
| 130|0x0000000088200000, 0x0000000088300000, 0x0000000088300000|100%| E|CS|TAMS 0x0000000088200000, 0x0000000088200000| Complete 
| 131|0x0000000088300000, 0x0000000088400000, 0x0000000088400000|100%| E|  |TAMS 0x0000000088300000, 0x0000000088300000| Complete 
| 132|0x0000000088400000, 0x0000000088500000, 0x0000000088500000|100%| E|CS|TAMS 0x0000000088400000, 0x0000000088400000| Complete 
| 133|0x0000000088500000, 0x0000000088600000, 0x0000000088600000|100%| E|CS|TAMS 0x0000000088500000, 0x0000000088500000| Complete 
| 134|0x0000000088600000, 0x0000000088659fe0, 0x0000000088700000| 35%| S|CS|TAMS 0x0000000088600000, 0x0000000088600000| Complete 
| 135|0x0000000088700000, 0x0000000088800000, 0x0000000088800000|100%| S|CS|TAMS 0x0000000088700000, 0x0000000088700000| Complete 
| 136|0x0000000088800000, 0x0000000088900000, 0x0000000088900000|100%| E|CS|TAMS 0x0000000088800000, 0x0000000088800000| Complete 
| 137|0x0000000088900000, 0x0000000088a00000, 0x0000000088a00000|100%| E|CS|TAMS 0x0000000088900000, 0x0000000088900000| Complete 
| 138|0x0000000088a00000, 0x0000000088b00000, 0x0000000088b00000|100%| E|CS|TAMS 0x0000000088a00000, 0x0000000088a00000| Complete 
| 139|0x0000000088b00000, 0x0000000088c00000, 0x0000000088c00000|100%| E|CS|TAMS 0x0000000088b00000, 0x0000000088b00000| Complete 

Card table byte_map: [0x0000027a14ec0000,0x0000027a152c0000] _byte_map_base: 0x0000027a14ac0000

Marking Bits (Prev, Next): (CMBitMap*) 0x0000027a01ffcaa0, (CMBitMap*) 0x0000027a01ffca68
 Prev Bits: [0x0000027a176c0000, 0x0000027a196c0000)
 Next Bits: [0x0000027a156c0000, 0x0000027a176c0000)

Polling page: 0x0000027a017a0000

Metaspace:

Usage:
  Non-class:     90.17 MB capacity,    88.79 MB ( 98%) used,     1.12 MB (  1%) free+waste,   272.44 KB ( <1%) overhead. 
      Class:     13.65 MB capacity,    12.76 MB ( 93%) used,   793.68 KB (  6%) free+waste,   119.44 KB ( <1%) overhead. 
       Both:    103.82 MB capacity,   101.55 MB ( 98%) used,     1.89 MB (  2%) free+waste,   391.88 KB ( <1%) overhead. 

Virtual space:
  Non-class space:       92.00 MB reserved,      90.20 MB ( 98%) committed 
      Class space:        1.00 GB reserved,      13.75 MB (  1%) committed 
             Both:        1.09 GB reserved,     103.95 MB (  9%) committed 

Chunk freelists:
   Non-Class:  33.00 KB
       Class:  5.00 KB
        Both:  38.00 KB

MaxMetaspaceSize: 17179869184.00 GB
CompressedClassSpaceSize: 1.00 GB

CodeHeap 'non-profiled nmethods': size=120064Kb used=8037Kb max_used=8037Kb free=112027Kb
 bounds [0x0000027a0d580000, 0x0000027a0dd60000, 0x0000027a14ac0000]
CodeHeap 'profiled nmethods': size=120000Kb used=27917Kb max_used=27917Kb free=92082Kb
 bounds [0x0000027a06050000, 0x0000027a07ba0000, 0x0000027a0d580000]
CodeHeap 'non-nmethods': size=5696Kb used=2302Kb max_used=2338Kb free=3393Kb
 bounds [0x0000027a05ac0000, 0x0000027a05d30000, 0x0000027a06050000]
 total_blobs=13300 nmethods=12385 adapters=826
 compilation: enabled
              stopped_count=0, restarted_count=0
 full_count=0

Compilation events (20 events):
Event: 23.991 Thread 0x0000027a1bbe7800 nmethod 12377 0x0000027a07b81710 code [0x0000027a07b818c0, 0x0000027a07b81af8]
Event: 23.991 Thread 0x0000027a1bbe7800 12378       3       jdk.nio.zipfs.ZipFileSystem$Entry::cen (220 bytes)
Event: 23.991 Thread 0x0000027a20907000 nmethod 12309 0x0000027a0dd57a10 code [0x0000027a0dd57be0, 0x0000027a0dd58038]
Event: 23.992 Thread 0x0000027a1bbe7800 nmethod 12378 0x0000027a07b81c10 code [0x0000027a07b82080, 0x0000027a07b84478]
Event: 23.992 Thread 0x0000027a1bbe7800 12379       3       jdk.nio.zipfs.ZipConstants::CENVER (9 bytes)
Event: 23.992 Thread 0x0000027a1bbe7800 nmethod 12379 0x0000027a07b85390 code [0x0000027a07b85560, 0x0000027a07b857b8]
Event: 23.992 Thread 0x0000027a1bbe7800 12380       3       jdk.nio.zipfs.ZipConstants::CENTIM (9 bytes)
Event: 23.992 Thread 0x0000027a1bbe7800 nmethod 12380 0x0000027a07b85910 code [0x0000027a07b85b00, 0x0000027a07b85f38]
Event: 23.992 Thread 0x0000027a1bbe7800 12381   !   3       jdk.nio.zipfs.ZipUtils::dosToJavaTime (159 bytes)
Event: 23.993 Thread 0x0000027a20907000 12387       4       java.util.Arrays::hashCode (44 bytes)
Event: 23.993 Thread 0x0000027a1bbe7800 nmethod 12381 0x0000027a07b86190 code [0x0000027a07b86480, 0x0000027a07b87608]
Event: 23.993 Thread 0x0000027a1bbe7800 12382       3       java.time.LocalDateTime::of (30 bytes)
Event: 23.994 Thread 0x0000027a1bbe7800 nmethod 12382 0x0000027a07b87d10 code [0x0000027a07b88000, 0x0000027a07b88e38]
Event: 23.994 Thread 0x0000027a1bbe7800 12383       3       java.time.LocalTime::of (51 bytes)
Event: 23.995 Thread 0x0000027a1bbe7800 nmethod 12383 0x0000027a07b89410 code [0x0000027a07b896e0, 0x0000027a07b8a3d8]
Event: 23.995 Thread 0x0000027a1bbe7800 12384       3       java.time.ZoneRegion::getRules (23 bytes)
Event: 23.995 Thread 0x0000027a1bbe7800 nmethod 12384 0x0000027a07b8a910 code [0x0000027a07b8ab00, 0x0000027a07b8af28]
Event: 23.995 Thread 0x0000027a1bbe7800 12385       3       java.time.zone.ZoneRules::getOffset (26 bytes)
Event: 23.995 Thread 0x0000027a1bbe7800 nmethod 12385 0x0000027a07b8b090 code [0x0000027a07b8b260, 0x0000027a07b8b6a8]
Event: 23.995 Thread 0x0000027a1bbe7800 12386       3       java.time.zone.ZoneRules::getOffsetInfo (278 bytes)

GC Heap History (20 events):
Event: 20.439 GC heap before
{Heap before GC invocations=36 (full 0):
 garbage-first heap   total 143360K, used 94809K [0x0000000080000000, 0x0000000100000000)
  region size 1024K, 9 young (9216K), 5 survivors (5120K)
 Metaspace       used 94914K, capacity 97110K, committed 97484K, reserved 1134592K
  class space    used 12101K, capacity 12923K, committed 13056K, reserved 1048576K
}
Event: 20.446 GC heap after
{Heap after GC invocations=37 (full 0):
 garbage-first heap   total 143360K, used 91768K [0x0000000080000000, 0x0000000100000000)
  region size 1024K, 3 young (3072K), 3 survivors (3072K)
 Metaspace       used 94914K, capacity 97110K, committed 97484K, reserved 1134592K
  class space    used 12101K, capacity 12923K, committed 13056K, reserved 1048576K
}
Event: 21.188 GC heap before
{Heap before GC invocations=38 (full 0):
 garbage-first heap   total 143360K, used 115320K [0x0000000080000000, 0x0000000100000000)
  region size 1024K, 24 young (24576K), 3 survivors (3072K)
 Metaspace       used 95283K, capacity 97514K, committed 97740K, reserved 1134592K
  class space    used 12147K, capacity 12965K, committed 13056K, reserved 1048576K
}
Event: 21.193 GC heap after
{Heap after GC invocations=39 (full 0):
 garbage-first heap   total 143360K, used 91951K [0x0000000080000000, 0x0000000100000000)
  region size 1024K, 1 young (1024K), 1 survivors (1024K)
 Metaspace       used 95283K, capacity 97514K, committed 97740K, reserved 1134592K
  class space    used 12147K, capacity 12965K, committed 13056K, reserved 1048576K
}
Event: 21.207 GC heap before
{Heap before GC invocations=39 (full 0):
 garbage-first heap   total 143360K, used 91951K [0x0000000080000000, 0x0000000100000000)
  region size 1024K, 2 young (2048K), 1 survivors (1024K)
 Metaspace       used 95329K, capacity 97600K, committed 97740K, reserved 1134592K
  class space    used 12152K, capacity 12970K, committed 13056K, reserved 1048576K
}
Event: 21.209 GC heap after
{Heap after GC invocations=40 (full 0):
 garbage-first heap   total 143360K, used 92010K [0x0000000080000000, 0x0000000100000000)
  region size 1024K, 1 young (1024K), 1 survivors (1024K)
 Metaspace       used 95329K, capacity 97600K, committed 97740K, reserved 1134592K
  class space    used 12152K, capacity 12970K, committed 13056K, reserved 1048576K
}
Event: 21.610 GC heap before
{Heap before GC invocations=41 (full 0):
 garbage-first heap   total 143360K, used 114538K [0x0000000080000000, 0x0000000100000000)
  region size 1024K, 21 young (21504K), 1 survivors (1024K)
 Metaspace       used 96081K, capacity 98289K, committed 98636K, reserved 1134592K
  class space    used 12253K, capacity 13074K, committed 13184K, reserved 1048576K
}
Event: 21.615 GC heap after
{Heap after GC invocations=42 (full 0):
 garbage-first heap   total 143360K, used 96897K [0x0000000080000000, 0x0000000100000000)
  region size 1024K, 3 young (3072K), 3 survivors (3072K)
 Metaspace       used 96081K, capacity 98289K, committed 98636K, reserved 1134592K
  class space    used 12253K, capacity 13074K, committed 13184K, reserved 1048576K
}
Event: 21.887 GC heap before
{Heap before GC invocations=42 (full 0):
 garbage-first heap   total 143360K, used 115329K [0x0000000080000000, 0x0000000100000000)
  region size 1024K, 22 young (22528K), 3 survivors (3072K)
 Metaspace       used 96690K, capacity 98935K, committed 99148K, reserved 1134592K
  class space    used 12287K, capacity 13140K, committed 13184K, reserved 1048576K
}
Event: 21.891 GC heap after
{Heap after GC invocations=43 (full 0):
 garbage-first heap   total 143360K, used 98167K [0x0000000080000000, 0x0000000100000000)
  region size 1024K, 2 young (2048K), 2 survivors (2048K)
 Metaspace       used 96690K, capacity 98935K, committed 99148K, reserved 1134592K
  class space    used 12287K, capacity 13140K, committed 13184K, reserved 1048576K
}
Event: 22.322 GC heap before
{Heap before GC invocations=44 (full 0):
 garbage-first heap   total 143360K, used 116599K [0x0000000080000000, 0x0000000100000000)
  region size 1024K, 21 young (21504K), 2 survivors (2048K)
 Metaspace       used 96722K, capacity 98942K, committed 99148K, reserved 1134592K
  class space    used 12288K, capacity 13142K, committed 13184K, reserved 1048576K
}
Event: 22.325 GC heap after
{Heap after GC invocations=45 (full 0):
 garbage-first heap   total 143360K, used 99065K [0x0000000080000000, 0x0000000100000000)
  region size 1024K, 2 young (2048K), 2 survivors (2048K)
 Metaspace       used 96722K, capacity 98942K, committed 99148K, reserved 1134592K
  class space    used 12288K, capacity 13142K, committed 13184K, reserved 1048576K
}
Event: 22.463 GC heap before
{Heap before GC invocations=45 (full 0):
 garbage-first heap   total 143360K, used 108281K [0x0000000080000000, 0x0000000100000000)
  region size 1024K, 13 young (13312K), 2 survivors (2048K)
 Metaspace       used 96896K, capacity 99110K, committed 99148K, reserved 1134592K
  class space    used 12308K, capacity 13177K, committed 13184K, reserved 1048576K
}
Event: 22.466 GC heap after
{Heap after GC invocations=46 (full 0):
 garbage-first heap   total 143360K, used 100162K [0x0000000080000000, 0x0000000100000000)
  region size 1024K, 3 young (3072K), 3 survivors (3072K)
 Metaspace       used 96896K, capacity 99110K, committed 99148K, reserved 1134592K
  class space    used 12308K, capacity 13177K, committed 13184K, reserved 1048576K
}
Event: 22.819 GC heap before
{Heap before GC invocations=47 (full 0):
 garbage-first heap   total 143360K, used 104258K [0x0000000080000000, 0x0000000100000000)
  region size 1024K, 8 young (8192K), 3 survivors (3072K)
 Metaspace       used 98031K, capacity 100256K, committed 100556K, reserved 1136640K
  class space    used 12367K, capacity 13217K, committed 13312K, reserved 1048576K
}
Event: 22.823 GC heap after
{Heap after GC invocations=48 (full 0):
 garbage-first heap   total 143360K, used 99714K [0x0000000080000000, 0x0000000100000000)
  region size 1024K, 1 young (1024K), 1 survivors (1024K)
 Metaspace       used 98031K, capacity 100256K, committed 100556K, reserved 1136640K
  class space    used 12367K, capacity 13217K, committed 13312K, reserved 1048576K
}
Event: 23.550 GC heap before
{Heap before GC invocations=49 (full 0):
 garbage-first heap   total 143360K, used 119170K [0x0000000080000000, 0x0000000100000000)
  region size 1024K, 19 young (19456K), 1 survivors (1024K)
 Metaspace       used 102196K, capacity 104519K, committed 104652K, reserved 1140736K
  class space    used 12894K, capacity 13766K, committed 13824K, reserved 1048576K
}
Event: 23.556 GC heap after
{Heap after GC invocations=50 (full 0):
 garbage-first heap   total 143360K, used 100919K [0x0000000080000000, 0x0000000100000000)
  region size 1024K, 2 young (2048K), 2 survivors (2048K)
 Metaspace       used 102196K, capacity 104519K, committed 104652K, reserved 1140736K
  class space    used 12894K, capacity 13766K, committed 13824K, reserved 1048576K
}
Event: 23.664 GC heap before
{Heap before GC invocations=50 (full 0):
 garbage-first heap   total 143360K, used 102967K [0x0000000080000000, 0x0000000100000000)
  region size 1024K, 6 young (6144K), 2 survivors (2048K)
 Metaspace       used 102196K, capacity 104519K, committed 104652K, reserved 1140736K
  class space    used 12894K, capacity 13766K, committed 13824K, reserved 1048576K
}
Event: 23.666 GC heap after
{Heap after GC invocations=51 (full 0):
 garbage-first heap   total 143360K, used 100934K [0x0000000080000000, 0x0000000100000000)
  region size 1024K, 2 young (2048K), 2 survivors (2048K)
 Metaspace       used 102196K, capacity 104519K, committed 104652K, reserved 1140736K
  class space    used 12894K, capacity 13766K, committed 13824K, reserved 1048576K
}

Deoptimization events (20 events):
Event: 23.533 Thread 0x0000027a20823000 DEOPT PACKING pc=0x0000027a0689e271 sp=0x0000007d05bfca60
Event: 23.533 Thread 0x0000027a20823000 DEOPT UNPACKING pc=0x0000027a05ae6dde sp=0x0000007d05bfbf58 mode 0
Event: 23.542 Thread 0x0000027a20823000 DEOPT PACKING pc=0x0000027a07680555 sp=0x0000007d05bfc050
Event: 23.542 Thread 0x0000027a20823000 DEOPT UNPACKING pc=0x0000027a05ae6dde sp=0x0000007d05bfb570 mode 0
Event: 23.714 Thread 0x0000027a20823000 Uncommon trap: trap_request=0xffffff4d fr.pc=0x0000027a0dce5c30 relative=0x0000000000002550
Event: 23.714 Thread 0x0000027a20823000 Uncommon trap: reason=unstable_if action=reinterpret pc=0x0000027a0dce5c30 method=java.lang.String.split(Ljava/lang/String;I)[Ljava/lang/String; @ 83 c2
Event: 23.714 Thread 0x0000027a20823000 DEOPT PACKING pc=0x0000027a0dce5c30 sp=0x0000007d05bfc020
Event: 23.714 Thread 0x0000027a20823000 DEOPT UNPACKING pc=0x0000027a05ae662f sp=0x0000007d05bfc028 mode 2
Event: 23.797 Thread 0x0000027a20823000 Uncommon trap: trap_request=0xffffff4d fr.pc=0x0000027a0d964874 relative=0x0000000000002454
Event: 23.797 Thread 0x0000027a20823000 Uncommon trap: reason=unstable_if action=reinterpret pc=0x0000027a0d964874 method=java.util.regex.Pattern.compile()V @ 369 c2
Event: 23.797 Thread 0x0000027a20823000 DEOPT PACKING pc=0x0000027a0d964874 sp=0x0000007d05bfc350
Event: 23.797 Thread 0x0000027a20823000 DEOPT UNPACKING pc=0x0000027a05ae662f sp=0x0000007d05bfc330 mode 2
Event: 23.883 Thread 0x0000027a20823000 Uncommon trap: trap_request=0xffffff4d fr.pc=0x0000027a0d90fe44 relative=0x00000000000000a4
Event: 23.883 Thread 0x0000027a20823000 Uncommon trap: reason=unstable_if action=reinterpret pc=0x0000027a0d90fe44 method=java.lang.CharacterDataLatin1.digit(II)I @ 12 c2
Event: 23.883 Thread 0x0000027a20823000 DEOPT PACKING pc=0x0000027a0d90fe44 sp=0x0000007d05bfc7d0
Event: 23.883 Thread 0x0000027a20823000 DEOPT UNPACKING pc=0x0000027a05ae662f sp=0x0000007d05bfc748 mode 2
Event: 23.940 Thread 0x0000027a20823000 Uncommon trap: trap_request=0xffffff4d fr.pc=0x0000027a0dd5533c relative=0x000000000000021c
Event: 23.940 Thread 0x0000027a20823000 Uncommon trap: reason=unstable_if action=reinterpret pc=0x0000027a0dd5533c method=com.sun.tools.javac.util.Name$Table.equals([BI[BII)Z @ 22 c2
Event: 23.940 Thread 0x0000027a20823000 DEOPT PACKING pc=0x0000027a0dd5533c sp=0x0000007d05bfbbf0
Event: 23.940 Thread 0x0000027a20823000 DEOPT UNPACKING pc=0x0000027a05ae662f sp=0x0000007d05bfbb68 mode 2

Classes redefined (0 events):
No events

Internal exceptions (20 events):
Event: 15.444 Thread 0x0000027a1e4cb000 Exception <a 'java/lang/IncompatibleClassChangeError'{0x00000000863b7db0}: Found class java.lang.Object, but interface was expected> (0x00000000863b7db0) thrown at [./src/hotspot/share/interpreter/linkResolver.cpp, line 839]
Event: 15.451 Thread 0x0000027a1e4cb000 Exception <a 'java/lang/IncompatibleClassChangeError'{0x00000000862930e8}: Found class java.lang.Object, but interface was expected> (0x00000000862930e8) thrown at [./src/hotspot/share/interpreter/linkResolver.cpp, line 839]
Event: 15.511 Thread 0x0000027a1e4cb000 Exception <a 'java/lang/NoSuchMethodError'{0x0000000088a0a460}: 'int java.lang.invoke.DirectMethodHandle$Holder.invokeStaticInit(java.lang.Object, java.lang.Object, java.lang.Object, java.lang.Object, java.lang.Object)'> (0x0000000088a0a460) thrown at [./src/hotspot/share/interpreter/linkResolver.cpp, line 773]
Event: 15.851 Thread 0x0000027a20826800 Exception <a 'java/lang/NoSuchMethodError'{0x00000000880da1c8}: 'void java.lang.invoke.DirectMethodHandle$Holder.invokeStatic(java.lang.Object, java.lang.Object, java.lang.Object, java.lang.Object, int, java.lang.Object, java.lang.Object)'> (0x00000000880da1c8) thrown at [./src/hotspot/share/interpreter/linkResolver.cpp, line 773]
Event: 15.881 Thread 0x0000027a207d1800 Exception <a 'java/lang/NoSuchMethodError'{0x0000000087ce6f68}: 'java.lang.Object java.lang.invoke.DirectMethodHandle$Holder.invokeSpecialIFC(java.lang.Object, java.lang.Object, java.lang.Object)'> (0x0000000087ce6f68) thrown at [./src/hotspot/share/interpreter/linkResolver.cpp, line 773]
Event: 15.881 Thread 0x0000027a208b0800 Exception <a 'java/lang/NoSuchMethodError'{0x0000000087cf46a0}: 'java.lang.Object java.lang.invoke.DirectMethodHandle$Holder.invokeSpecialIFC(java.lang.Object, java.lang.Object, java.lang.Object)'> (0x0000000087cf46a0) thrown at [./src/hotspot/share/interpreter/linkResolver.cpp, line 773]
Event: 16.422 Thread 0x0000027a208b8800 Implicit null exception at 0x0000027a0db53c28 to 0x0000027a0db5449c
Event: 16.447 Thread 0x0000027a207cd800 Implicit null exception at 0x0000027a0db5d152 to 0x0000027a0db5d560
Event: 17.232 Thread 0x0000027a20826800 Exception <a 'java/lang/NoSuchMethodError'{0x0000000086a61a60}: <clinit>> (0x0000000086a61a60) thrown at [./src/hotspot/share/prims/jni.cpp, line 1362]
Event: 17.232 Thread 0x0000027a20826800 Exception <a 'java/lang/NoSuchMethodError'{0x0000000086a63068}: <clinit>> (0x0000000086a63068) thrown at [./src/hotspot/share/prims/jni.cpp, line 1362]
Event: 17.232 Thread 0x0000027a20826800 Exception <a 'java/lang/NoSuchMethodError'{0x0000000086a65208}: <clinit>> (0x0000000086a65208) thrown at [./src/hotspot/share/prims/jni.cpp, line 1362]
Event: 17.234 Thread 0x0000027a20826800 Exception <a 'java/lang/NoSuchMethodError'{0x0000000086a7c880}: <clinit>> (0x0000000086a7c880) thrown at [./src/hotspot/share/prims/jni.cpp, line 1362]
Event: 17.234 Thread 0x0000027a20826800 Exception <a 'java/lang/NoSuchMethodError'{0x0000000086a7dd60}: <clinit>> (0x0000000086a7dd60) thrown at [./src/hotspot/share/prims/jni.cpp, line 1362]
Event: 19.808 Thread 0x0000027a20822800 Exception <a 'java/lang/NoSuchMethodError'{0x0000000087dd4b60}: 'int java.lang.invoke.DirectMethodHandle$Holder.invokeSpecial(java.lang.Object, java.lang.Object, java.lang.Object, java.lang.Object, java.lang.Object)'> (0x0000000087dd4b60) thrown at [./src/hotspot/share/interpreter/linkResolver.cpp, line 773]
Event: 20.307 Thread 0x0000027a20822800 Exception <a 'java/lang/NoSuchMethodError'{0x0000000088a20670}: 'void java.lang.invoke.DirectMethodHandle$Holder.invokeVirtual(java.lang.Object, java.lang.Object)'> (0x0000000088a20670) thrown at [./src/hotspot/share/interpreter/linkResolver.cpp, line 773]
Event: 20.632 Thread 0x0000027a20822800 Exception <a 'java/lang/NoSuchMethodError'{0x0000000088a49248}: <clinit>> (0x0000000088a49248) thrown at [./src/hotspot/share/prims/jni.cpp, line 1362]
Event: 21.147 Thread 0x0000027a20822800 Exception <a 'java/lang/NoSuchMethodError'{0x00000000876b18f8}: <clinit>> (0x00000000876b18f8) thrown at [./src/hotspot/share/prims/jni.cpp, line 1362]
Event: 22.437 Thread 0x0000027a20823000 Implicit null exception at 0x0000027a0dd02663 to 0x0000027a0dd02ee8
Event: 23.356 Thread 0x0000027a20823000 Exception <a 'sun/nio/fs/WindowsException'{0x0000000087d42850}> (0x0000000087d42850) thrown at [./src/hotspot/share/prims/jni.cpp, line 615]
Event: 23.356 Thread 0x0000027a20823000 Exception <a 'sun/nio/fs/WindowsException'{0x0000000087d42938}> (0x0000000087d42938) thrown at [./src/hotspot/share/prims/jni.cpp, line 615]

Events (20 events):
Event: 23.950 loading class org/jetbrains/kotlin/kapt3/base/JavacListUtilsKt done
Event: 23.951 loading class com/sun/tools/javac/code/DeferredCompletionFailureHandler$FlipSymbolDescription
Event: 23.951 loading class com/sun/tools/javac/code/DeferredCompletionFailureHandler$FlipSymbolDescription done
Event: 23.951 loading class com/sun/tools/javac/code/DeferredCompletionFailureHandler$FlipSymbolDescription
Event: 23.951 loading class com/sun/tools/javac/code/DeferredCompletionFailureHandler$FlipSymbolDescription done
Event: 23.951 loading class com/sun/tools/javac/code/DeferredCompletionFailureHandler$FlipSymbolDescription
Event: 23.951 loading class com/sun/tools/javac/code/DeferredCompletionFailureHandler$FlipSymbolDescription done
Event: 23.952 loading class com/sun/tools/javac/code/Symbol$PackageSymbol
Event: 23.952 loading class com/sun/tools/javac/code/Symbol$PackageSymbol done
Event: 23.955 loading class jdk/internal/jimage/ImageReader$LinkNode
Event: 23.956 loading class jdk/internal/jimage/ImageReader$LinkNode done
Event: 23.956 Executing VM operation: Deoptimize
Event: 23.957 Executing VM operation: Deoptimize done
Event: 23.969 loading class com/sun/tools/javac/resources/spi/ctProvider
Event: 23.969 loading class com/sun/tools/javac/resources/spi/ctProvider done
Event: 23.974 loading class com/sun/tools/javac/code/Symbol$PackageSymbol
Event: 23.974 loading class com/sun/tools/javac/code/Symbol$PackageSymbol done
Event: 23.974 loading class com/sun/tools/javac/code/ClassFinder
Event: 23.974 loading class com/sun/tools/javac/code/ClassFinder done
Event: 23.982 Thread 0x0000027a20907000 Thread added: 0x0000027a20907000


Dynamic libraries:
0x00007ff6dc240000 - 0x00007ff6dc24a000 	C:\Program Files\Android\Android Studio\jre\bin\java.exe
0x00007ffe920d0000 - 0x00007ffe922c5000 	C:\Windows\SYSTEM32\ntdll.dll
0x00007ffe915f0000 - 0x00007ffe916ae000 	C:\Windows\System32\KERNEL32.DLL
0x00007ffe8f940000 - 0x00007ffe8fc08000 	C:\Windows\System32\KERNELBASE.dll
0x00007ffe8fd00000 - 0x00007ffe8fe00000 	C:\Windows\System32\ucrtbase.dll
0x00007ffe8b400000 - 0x00007ffe8b419000 	C:\Program Files\Android\Android Studio\jre\bin\jli.dll
0x00007ffe916b0000 - 0x00007ffe91850000 	C:\Windows\System32\USER32.dll
0x00007ffe8fe00000 - 0x00007ffe8fe22000 	C:\Windows\System32\win32u.dll
0x00007ffe91d30000 - 0x00007ffe91d5b000 	C:\Windows\System32\GDI32.dll
0x00007ffe8ff90000 - 0x00007ffe9009b000 	C:\Windows\System32\gdi32full.dll
0x00007ffe8b3e0000 - 0x00007ffe8b3f7000 	C:\Program Files\Android\Android Studio\jre\bin\VCRUNTIME140.dll
0x00007ffe780f0000 - 0x00007ffe7838a000 	C:\Windows\WinSxS\amd64_microsoft.windows.common-controls_6595b64144ccf1df_6.0.19041.1110_none_60b5254171f9507e\COMCTL32.dll
0x00007ffe8fc60000 - 0x00007ffe8fcfd000 	C:\Windows\System32\msvcp_win.dll
0x00007ffe91d60000 - 0x00007ffe91dfe000 	C:\Windows\System32\msvcrt.dll
0x00007ffe90d20000 - 0x00007ffe90d50000 	C:\Windows\System32\IMM32.DLL
0x00007ffe748f0000 - 0x00007ffe7498d000 	C:\Program Files\Android\Android Studio\jre\bin\msvcp140.dll
0x00007ffe65a50000 - 0x00007ffe66525000 	C:\Program Files\Android\Android Studio\jre\bin\server\jvm.dll
0x00007ffe909b0000 - 0x00007ffe90a5e000 	C:\Windows\System32\ADVAPI32.dll
0x00007ffe90880000 - 0x00007ffe9091c000 	C:\Windows\System32\sechost.dll
0x00007ffe90dd0000 - 0x00007ffe90ef5000 	C:\Windows\System32\RPCRT4.dll
0x00007ffe90d10000 - 0x00007ffe90d18000 	C:\Windows\System32\PSAPI.DLL
0x00007ffe79c80000 - 0x00007ffe79c89000 	C:\Windows\SYSTEM32\WSOCK32.dll
0x00007ffe91850000 - 0x00007ffe918bb000 	C:\Windows\System32\WS2_32.dll
0x00007ffe86370000 - 0x00007ffe86397000 	C:\Windows\SYSTEM32\WINMM.dll
0x00007ffe86360000 - 0x00007ffe8636a000 	C:\Windows\SYSTEM32\VERSION.dll
0x00007ffe8d6e0000 - 0x00007ffe8d6f2000 	C:\Windows\SYSTEM32\kernel.appcore.dll
0x00007ffe79a10000 - 0x00007ffe79a21000 	C:\Program Files\Android\Android Studio\jre\bin\verify.dll
0x00007ffe87a40000 - 0x00007ffe87c24000 	C:\Windows\SYSTEM32\DBGHELP.DLL
0x00007ffe731d0000 - 0x00007ffe731fc000 	C:\Windows\SYSTEM32\dbgcore.DLL
0x00007ffe900a0000 - 0x00007ffe90122000 	C:\Windows\System32\bcryptPrimitives.dll
0x00007ffe6f840000 - 0x00007ffe6f869000 	C:\Program Files\Android\Android Studio\jre\bin\java.dll
0x00007ffe79150000 - 0x00007ffe7915b000 	C:\Program Files\Android\Android Studio\jre\bin\jimage.dll
0x00007ffe783c0000 - 0x00007ffe783d8000 	C:\Program Files\Android\Android Studio\jre\bin\zip.dll
0x00007ffe90130000 - 0x00007ffe90874000 	C:\Windows\System32\SHELL32.dll
0x00007ffe8d8e0000 - 0x00007ffe8e074000 	C:\Windows\SYSTEM32\windows.storage.dll
0x00007ffe91010000 - 0x00007ffe91364000 	C:\Windows\System32\combase.dll
0x00007ffe8f0a0000 - 0x00007ffe8f0cc000 	C:\Windows\SYSTEM32\Wldp.dll
0x00007ffe90c60000 - 0x00007ffe90d0d000 	C:\Windows\System32\SHCORE.dll
0x00007ffe90b20000 - 0x00007ffe90b75000 	C:\Windows\System32\shlwapi.dll
0x00007ffe8f730000 - 0x00007ffe8f74f000 	C:\Windows\SYSTEM32\profapi.dll
0x00007ffe77bc0000 - 0x00007ffe77bda000 	C:\Program Files\Android\Android Studio\jre\bin\net.dll
0x00007ffe89300000 - 0x00007ffe89409000 	C:\Windows\SYSTEM32\WINHTTP.dll
0x00007ffe8ee80000 - 0x00007ffe8eeea000 	C:\Windows\system32\mswsock.dll
0x00007ffe6f500000 - 0x00007ffe6f514000 	C:\Program Files\Android\Android Studio\jre\bin\nio.dll
0x00007ffe7d430000 - 0x00007ffe7d457000 	C:\Users\Anjan Karmakar\.gradle\native\e1d6ef7f7dcc3fd88c89a11ec53ec762bb8ba0a96d01ffa2cd45eb1d1d8dd5c5\windows-amd64\native-platform.dll
0x00007ffe40cf0000 - 0x00007ffe40e34000 	C:\Users\Anjan Karmakar\.gradle\native\5664cfc778a61ccfe75a443a1ab52a65af34e5dc3c78e0209fed803814484fcb\windows-amd64\native-platform-file-events.dll
0x00007ffe73300000 - 0x00007ffe7330a000 	C:\Program Files\Android\Android Studio\jre\bin\management.dll
0x00007ffe6f4f0000 - 0x00007ffe6f4fd000 	C:\Program Files\Android\Android Studio\jre\bin\management_ext.dll
0x00007ffe8f0e0000 - 0x00007ffe8f0f8000 	C:\Windows\SYSTEM32\CRYPTSP.dll
0x00007ffe8e820000 - 0x00007ffe8e854000 	C:\Windows\system32\rsaenh.dll
0x00007ffe8f8a0000 - 0x00007ffe8f8c7000 	C:\Windows\System32\bcrypt.dll
0x00007ffe8f6f0000 - 0x00007ffe8f71e000 	C:\Windows\SYSTEM32\USERENV.dll
0x00007ffe8f010000 - 0x00007ffe8f01c000 	C:\Windows\SYSTEM32\CRYPTBASE.dll
0x00007ffe8eb90000 - 0x00007ffe8ebcb000 	C:\Windows\SYSTEM32\IPHLPAPI.DLL
0x00007ffe915e0000 - 0x00007ffe915e8000 	C:\Windows\System32\NSI.dll
0x00007ffe89c30000 - 0x00007ffe89c47000 	C:\Windows\SYSTEM32\dhcpcsvc6.DLL
0x00007ffe89c10000 - 0x00007ffe89c2d000 	C:\Windows\SYSTEM32\dhcpcsvc.DLL
0x00007ffe8ebd0000 - 0x00007ffe8ec9a000 	C:\Windows\SYSTEM32\DNSAPI.dll

dbghelp: loaded successfully - version: 4.0.5 - missing functions: none
symbol engine: initialized successfully - sym options: 0x614 - pdb path: .;C:\Program Files\Android\Android Studio\jre\bin;C:\Windows\SYSTEM32;C:\Windows\WinSxS\amd64_microsoft.windows.common-controls_6595b64144ccf1df_6.0.19041.1110_none_60b5254171f9507e;C:\Program Files\Android\Android Studio\jre\bin\server;C:\Users\Anjan Karmakar\.gradle\native\e1d6ef7f7dcc3fd88c89a11ec53ec762bb8ba0a96d01ffa2cd45eb1d1d8dd5c5\windows-amd64;C:\Users\Anjan Karmakar\.gradle\native\5664cfc778a61ccfe75a443a1ab52a65af34e5dc3c78e0209fed803814484fcb\windows-amd64

VM Arguments:
jvm_args: --add-opens=java.base/java.util=ALL-UNNAMED --add-opens=java.base/java.lang=ALL-UNNAMED --add-opens=java.base/java.lang.invoke=ALL-UNNAMED --add-opens=java.base/java.util=ALL-UNNAMED --add-opens=java.prefs/java.util.prefs=ALL-UNNAMED --add-opens=java.prefs/java.util.prefs=ALL-UNNAMED --add-opens=java.base/java.nio.charset=ALL-UNNAMED --add-opens=java.base/java.net=ALL-UNNAMED --add-opens=java.base/java.util.concurrent.atomic=ALL-UNNAMED -Xmx2048m -Dfile.encoding=UTF-8 -Duser.country=US -Duser.language=en -Duser.variant 
java_command: org.gradle.launcher.daemon.bootstrap.GradleDaemon 7.2
java_class_path (initial): C:\Users\Anjan Karmakar\.gradle\wrapper\dists\gradle-7.2-bin\2dnblmf4td7x66yl1d74lt32g\gradle-7.2\lib\gradle-launcher-7.2.jar
Launcher Type: SUN_STANDARD

[Global flags]
     intx CICompilerCount                          = 3                                         {product} {ergonomic}
     uint ConcGCThreads                            = 1                                         {product} {ergonomic}
     uint G1ConcRefinementThreads                  = 4                                         {product} {ergonomic}
   size_t G1HeapRegionSize                         = 1048576                                   {product} {ergonomic}
    uintx GCDrainStackTargetSize                   = 64                                        {product} {ergonomic}
   size_t InitialHeapSize                          = 100663296                                 {product} {ergonomic}
   size_t MarkStackSize                            = 4194304                                   {product} {ergonomic}
   size_t MaxHeapSize                              = 2147483648                                {product} {command line}
   size_t MaxNewSize                               = 1287651328                                {product} {ergonomic}
   size_t MinHeapDeltaBytes                        = 1048576                                   {product} {ergonomic}
    uintx NonNMethodCodeHeapSize                   = 5830732                                {pd product} {ergonomic}
    uintx NonProfiledCodeHeapSize                  = 122913754                              {pd product} {ergonomic}
    uintx ProfiledCodeHeapSize                     = 122913754                              {pd product} {ergonomic}
    uintx ReservedCodeCacheSize                    = 251658240                              {pd product} {ergonomic}
     bool SegmentedCodeCache                       = true                                      {product} {ergonomic}
     bool UseCompressedClassPointers               = true                                 {lp64_product} {ergonomic}
     bool UseCompressedOops                        = true                                 {lp64_product} {ergonomic}
     bool UseG1GC                                  = true                                      {product} {ergonomic}
     bool UseLargePagesIndividualAllocation        = false                                  {pd product} {ergonomic}

Logging:
Log output configuration:
 #0: stdout all=warning uptime,level,tags
 #1: stderr all=off uptime,level,tags

Environment Variables:
PATH=C:\Program Files\Common Files\Oracle\Java\javapath;C:\Windows\system32;C:\Windows;C:\Windows\System32\Wbem;C:\Windows\System32\WindowsPowerShell\v1.0\;C:\Windows\System32\OpenSSH\;C:\Program Files\Git\cmd;C:\Program Files\nodejs\;C:\Program Files\Docker\Docker\resources\bin;C:\ProgramData\DockerDesktop\version-bin;C:\Users\Anjan Karmakar\AppData\Local\Microsoft\WindowsApps;;C:\Program Files\JetBrains\IntelliJ IDEA Community Edition 2021.2.3\bin;;C:\Program Files\JetBrains\PyCharm Community Edition 2021.2.3\bin;;C:\Users\Anjan Karmakar\AppData\Local\Programs\Microsoft VS Code\bin;C:\Users\Anjan Karmakar\AppData\Local\Programs\oh-my-posh\bin;C:\Users\Anjan Karmakar\AppData\Local\Programs\oh-my-posh\themes;C:\Exercism;C:\Program Files\JetBrains\IntelliJ IDEA Educational Edition 2021.3.2\bin;;C:\Program Files\heroku\bin;C:\Users\Anjan Karmakar\AppData\Roaming\npm
USERNAME=Anjan Karmakar
OS=Windows_NT
PROCESSOR_IDENTIFIER=AMD64 Family 23 Model 24 Stepping 1, AuthenticAMD



---------------  S Y S T E M  ---------------

OS: Windows 10 , 64 bit Build 19041 (10.0.19041.1566)
OS uptime: 0 days 1:45 hours
Hyper-V role detected

CPU:total 4 (initial active 4) (4 cores per cpu, 1 threads per core) family 23 model 24 stepping 1 microcode 0x0, cmov, cx8, fxsr, mmx, sse, sse2, sse3, ssse3, sse4.1, sse4.2, popcnt, avx, avx2, aes, clmul, mmxext, 3dnowpref, lzcnt, sse4a, tsc, tscinvbit, tscinv, bmi1, bmi2, adx, sha, 

Memory: 4k page, system-wide physical 6092M (1254M free)
TotalPageFile size 10188M (AvailPageFile size 2M)
current process WorkingSet (physical memory assigned to process): 353M, peak: 392M
current process commit charge ("private bytes"): 446M, peak: 447M

vm_info: OpenJDK 64-Bit Server VM (11.0.11+9-b60-7590822) for windows-amd64 JRE (11.0.11+9-b60-7590822), built on Jul 29 2021 21:43:44 by "builder" with MS VC++ 14.0 (VS2015)

END.
